Classic Timing Analyzer report for PC
Sun Dec 08 20:11:39 2019
Quartus II Version 9.0 Build 184 04/29/2009 Service Pack 1 SJ Web Edition


---------------------
; Table of Contents ;
---------------------
  1. Legal Notice
  2. Timing Analyzer Summary
  3. Timing Analyzer Settings
  4. Clock Settings Summary
  5. Parallel Compilation
  6. Clock Setup: 'clk'
  7. tsu
  8. tco
  9. th
 10. Timing Analyzer Messages



----------------
; Legal Notice ;
----------------
Copyright (C) 1991-2009 Altera Corporation
Your use of Altera Corporation's design tools, logic functions 
and other software and tools, and its AMPP partner logic 
functions, and any output files from any of the foregoing 
(including device programming or simulation files), and any 
associated documentation or information are expressly subject 
to the terms and conditions of the Altera Program License 
Subscription Agreement, Altera MegaCore Function License 
Agreement, or other applicable license agreement, including, 
without limitation, that your use is for the sole purpose of 
programming logic devices manufactured by Altera and sold by 
Altera or its authorized distributors.  Please refer to the 
applicable agreement for further details.



+------------------------------------------------------------------------------------------------------------------------------------------------------------------+
; Timing Analyzer Summary                                                                                                                                          ;
+------------------------------+-------+---------------+------------------------------------------------+---------+---------+------------+----------+--------------+
; Type                         ; Slack ; Required Time ; Actual Time                                    ; From    ; To      ; From Clock ; To Clock ; Failed Paths ;
+------------------------------+-------+---------------+------------------------------------------------+---------+---------+------------+----------+--------------+
; Worst-case tsu               ; N/A   ; None          ; 6.663 ns                                       ; IN_PC   ; temp[7] ; --         ; clk      ; 0            ;
; Worst-case tco               ; N/A   ; None          ; 10.329 ns                                      ; temp[4] ; c[4]    ; clk        ; --       ; 0            ;
; Worst-case th                ; N/A   ; None          ; 0.481 ns                                       ; a[6]    ; temp[6] ; --         ; clk      ; 0            ;
; Clock Setup: 'clk'           ; N/A   ; None          ; Restricted to 340.02 MHz ( period = 2.941 ns ) ; temp[0] ; temp[7] ; clk        ; clk      ; 0            ;
; Total number of failed paths ;       ;               ;                                                ;         ;         ;            ;          ; 0            ;
+------------------------------+-------+---------------+------------------------------------------------+---------+---------+------------+----------+--------------+


+--------------------------------------------------------------------------------------------------------------------+
; Timing Analyzer Settings                                                                                           ;
+---------------------------------------------------------------------+--------------------+------+----+-------------+
; Option                                                              ; Setting            ; From ; To ; Entity Name ;
+---------------------------------------------------------------------+--------------------+------+----+-------------+
; Device Name                                                         ; EP2C5T144C8        ;      ;    ;             ;
; Timing Models                                                       ; Final              ;      ;    ;             ;
; Default hold multicycle                                             ; Same as Multicycle ;      ;    ;             ;
; Cut paths between unrelated clock domains                           ; On                 ;      ;    ;             ;
; Cut off read during write signal paths                              ; On                 ;      ;    ;             ;
; Cut off feedback from I/O pins                                      ; On                 ;      ;    ;             ;
; Report Combined Fast/Slow Timing                                    ; Off                ;      ;    ;             ;
; Ignore Clock Settings                                               ; Off                ;      ;    ;             ;
; Analyze latches as synchronous elements                             ; On                 ;      ;    ;             ;
; Enable Recovery/Removal analysis                                    ; Off                ;      ;    ;             ;
; Enable Clock Latency                                                ; Off                ;      ;    ;             ;
; Use TimeQuest Timing Analyzer                                       ; Off                ;      ;    ;             ;
; Minimum Core Junction Temperature                                   ; 0                  ;      ;    ;             ;
; Maximum Core Junction Temperature                                   ; 85                 ;      ;    ;             ;
; Number of source nodes to report per destination node               ; 10                 ;      ;    ;             ;
; Number of destination nodes to report                               ; 10                 ;      ;    ;             ;
; Number of paths to report                                           ; 200                ;      ;    ;             ;
; Report Minimum Timing Checks                                        ; Off                ;      ;    ;             ;
; Use Fast Timing Models                                              ; Off                ;      ;    ;             ;
; Report IO Paths Separately                                          ; Off                ;      ;    ;             ;
; Perform Multicorner Analysis                                        ; On                 ;      ;    ;             ;
; Reports the worst-case path for each clock domain and analysis      ; Off                ;      ;    ;             ;
; Removes common clock path pessimism (CCPP) during slack computation ; Off                ;      ;    ;             ;
; Output I/O Timing Endpoint                                          ; Near End           ;      ;    ;             ;
+---------------------------------------------------------------------+--------------------+------+----+-------------+


+------------------------------------------------------------------------------------------------------------------------------------------------------------------------------------+
; Clock Settings Summary                                                                                                                                                             ;
+-----------------+--------------------+----------+------------------+---------------+--------------+----------+-----------------------+---------------------+--------+--------------+
; Clock Node Name ; Clock Setting Name ; Type     ; Fmax Requirement ; Early Latency ; Late Latency ; Based on ; Multiply Base Fmax by ; Divide Base Fmax by ; Offset ; Phase offset ;
+-----------------+--------------------+----------+------------------+---------------+--------------+----------+-----------------------+---------------------+--------+--------------+
; clk             ;                    ; User Pin ; None             ; 0.000 ns      ; 0.000 ns     ; --       ; N/A                   ; N/A                 ; N/A    ;              ;
+-----------------+--------------------+----------+------------------+---------------+--------------+----------+-----------------------+---------------------+--------+--------------+


Parallel compilation was disabled, but you have multiple processors available. Enable parallel compilation to reduce compilation time.
+-------------------------------------+
; Parallel Compilation                ;
+----------------------------+--------+
; Processors                 ; Number ;
+----------------------------+--------+
; Number detected on machine ; 4      ;
; Maximum allowed            ; 1      ;
+----------------------------+--------+


+----------------------------------------------------------------------------------------------------------------------------------------------------------------------------------------+
; Clock Setup: 'clk'                                                                                                                                                                     ;
+-------+------------------------------------------------+---------+---------+------------+----------+-----------------------------+---------------------------+-------------------------+
; Slack ; Actual fmax (period)                           ; From    ; To      ; From Clock ; To Clock ; Required Setup Relationship ; Required Longest P2P Time ; Actual Longest P2P Time ;
+-------+------------------------------------------------+---------+---------+------------+----------+-----------------------------+---------------------------+-------------------------+
; N/A   ; Restricted to 340.02 MHz ( period = 2.941 ns ) ; temp[0] ; temp[7] ; clk        ; clk      ; None                        ; None                      ; 2.277 ns                ;
; N/A   ; Restricted to 340.02 MHz ( period = 2.941 ns ) ; temp[1] ; temp[7] ; clk        ; clk      ; None                        ; None                      ; 2.241 ns                ;
; N/A   ; Restricted to 340.02 MHz ( period = 2.941 ns ) ; temp[0] ; temp[6] ; clk        ; clk      ; None                        ; None                      ; 2.191 ns                ;
; N/A   ; Restricted to 340.02 MHz ( period = 2.941 ns ) ; temp[1] ; temp[6] ; clk        ; clk      ; None                        ; None                      ; 2.155 ns                ;
; N/A   ; Restricted to 340.02 MHz ( period = 2.941 ns ) ; temp[2] ; temp[7] ; clk        ; clk      ; None                        ; None                      ; 2.106 ns                ;
; N/A   ; Restricted to 340.02 MHz ( period = 2.941 ns ) ; temp[3] ; temp[7] ; clk        ; clk      ; None                        ; None                      ; 2.070 ns                ;
; N/A   ; Restricted to 340.02 MHz ( period = 2.941 ns ) ; temp[2] ; temp[6] ; clk        ; clk      ; None                        ; None                      ; 2.020 ns                ;
; N/A   ; Restricted to 340.02 MHz ( period = 2.941 ns ) ; temp[0] ; temp[5] ; clk        ; clk      ; None                        ; None                      ; 2.001 ns                ;
; N/A   ; Restricted to 340.02 MHz ( period = 2.941 ns ) ; temp[3] ; temp[6] ; clk        ; clk      ; None                        ; None                      ; 1.984 ns                ;
; N/A   ; Restricted to 340.02 MHz ( period = 2.941 ns ) ; temp[4] ; temp[7] ; clk        ; clk      ; None                        ; None                      ; 1.984 ns                ;
; N/A   ; Restricted to 340.02 MHz ( period = 2.941 ns ) ; temp[1] ; temp[5] ; clk        ; clk      ; None                        ; None                      ; 1.965 ns                ;
; N/A   ; Restricted to 340.02 MHz ( period = 2.941 ns ) ; temp[0] ; temp[4] ; clk        ; clk      ; None                        ; None                      ; 1.915 ns                ;
; N/A   ; Restricted to 340.02 MHz ( period = 2.941 ns ) ; temp[4] ; temp[6] ; clk        ; clk      ; None                        ; None                      ; 1.898 ns                ;
; N/A   ; Restricted to 340.02 MHz ( period = 2.941 ns ) ; temp[1] ; temp[4] ; clk        ; clk      ; None                        ; None                      ; 1.879 ns                ;
; N/A   ; Restricted to 340.02 MHz ( period = 2.941 ns ) ; temp[5] ; temp[7] ; clk        ; clk      ; None                        ; None                      ; 1.854 ns                ;
; N/A   ; Restricted to 340.02 MHz ( period = 2.941 ns ) ; temp[2] ; temp[5] ; clk        ; clk      ; None                        ; None                      ; 1.830 ns                ;
; N/A   ; Restricted to 340.02 MHz ( period = 2.941 ns ) ; temp[0] ; temp[3] ; clk        ; clk      ; None                        ; None                      ; 1.829 ns                ;
; N/A   ; Restricted to 340.02 MHz ( period = 2.941 ns ) ; temp[3] ; temp[5] ; clk        ; clk      ; None                        ; None                      ; 1.794 ns                ;
; N/A   ; Restricted to 340.02 MHz ( period = 2.941 ns ) ; temp[1] ; temp[3] ; clk        ; clk      ; None                        ; None                      ; 1.793 ns                ;
; N/A   ; Restricted to 340.02 MHz ( period = 2.941 ns ) ; temp[5] ; temp[6] ; clk        ; clk      ; None                        ; None                      ; 1.768 ns                ;
; N/A   ; Restricted to 340.02 MHz ( period = 2.941 ns ) ; temp[2] ; temp[4] ; clk        ; clk      ; None                        ; None                      ; 1.744 ns                ;
; N/A   ; Restricted to 340.02 MHz ( period = 2.941 ns ) ; temp[0] ; temp[2] ; clk        ; clk      ; None                        ; None                      ; 1.743 ns                ;
; N/A   ; Restricted to 340.02 MHz ( period = 2.941 ns ) ; temp[3] ; temp[4] ; clk        ; clk      ; None                        ; None                      ; 1.708 ns                ;
; N/A   ; Restricted to 340.02 MHz ( period = 2.941 ns ) ; temp[4] ; temp[5] ; clk        ; clk      ; None                        ; None                      ; 1.708 ns                ;
; N/A   ; Restricted to 340.02 MHz ( period = 2.941 ns ) ; temp[1] ; temp[2] ; clk        ; clk      ; None                        ; None                      ; 1.707 ns                ;
; N/A   ; Restricted to 340.02 MHz ( period = 2.941 ns ) ; temp[6] ; temp[7] ; clk        ; clk      ; None                        ; None                      ; 1.694 ns                ;
; N/A   ; Restricted to 340.02 MHz ( period = 2.941 ns ) ; temp[2] ; temp[3] ; clk        ; clk      ; None                        ; None                      ; 1.658 ns                ;
; N/A   ; Restricted to 340.02 MHz ( period = 2.941 ns ) ; temp[0] ; temp[1] ; clk        ; clk      ; None                        ; None                      ; 1.657 ns                ;
; N/A   ; Restricted to 340.02 MHz ( period = 2.941 ns ) ; temp[3] ; temp[3] ; clk        ; clk      ; None                        ; None                      ; 1.228 ns                ;
; N/A   ; Restricted to 340.02 MHz ( period = 2.941 ns ) ; temp[4] ; temp[4] ; clk        ; clk      ; None                        ; None                      ; 1.228 ns                ;
; N/A   ; Restricted to 340.02 MHz ( period = 2.941 ns ) ; temp[1] ; temp[1] ; clk        ; clk      ; None                        ; None                      ; 1.227 ns                ;
; N/A   ; Restricted to 340.02 MHz ( period = 2.941 ns ) ; temp[6] ; temp[6] ; clk        ; clk      ; None                        ; None                      ; 1.214 ns                ;
; N/A   ; Restricted to 340.02 MHz ( period = 2.941 ns ) ; temp[0] ; temp[0] ; clk        ; clk      ; None                        ; None                      ; 1.179 ns                ;
; N/A   ; Restricted to 340.02 MHz ( period = 2.941 ns ) ; temp[2] ; temp[2] ; clk        ; clk      ; None                        ; None                      ; 1.179 ns                ;
; N/A   ; Restricted to 340.02 MHz ( period = 2.941 ns ) ; temp[5] ; temp[5] ; clk        ; clk      ; None                        ; None                      ; 1.179 ns                ;
; N/A   ; Restricted to 340.02 MHz ( period = 2.941 ns ) ; temp[7] ; temp[7] ; clk        ; clk      ; None                        ; None                      ; 0.742 ns                ;
+-------+------------------------------------------------+---------+---------+------------+----------+-----------------------------+---------------------------+-------------------------+


+----------------------------------------------------------------+
; tsu                                                            ;
+-------+--------------+------------+-------+---------+----------+
; Slack ; Required tsu ; Actual tsu ; From  ; To      ; To Clock ;
+-------+--------------+------------+-------+---------+----------+
; N/A   ; None         ; 6.663 ns   ; IN_PC ; temp[7] ; clk      ;
; N/A   ; None         ; 6.577 ns   ; IN_PC ; temp[6] ; clk      ;
; N/A   ; None         ; 6.387 ns   ; IN_PC ; temp[5] ; clk      ;
; N/A   ; None         ; 6.301 ns   ; IN_PC ; temp[4] ; clk      ;
; N/A   ; None         ; 6.215 ns   ; IN_PC ; temp[3] ; clk      ;
; N/A   ; None         ; 6.190 ns   ; LD_PC ; temp[7] ; clk      ;
; N/A   ; None         ; 6.129 ns   ; IN_PC ; temp[2] ; clk      ;
; N/A   ; None         ; 6.104 ns   ; LD_PC ; temp[6] ; clk      ;
; N/A   ; None         ; 6.043 ns   ; IN_PC ; temp[1] ; clk      ;
; N/A   ; None         ; 5.914 ns   ; LD_PC ; temp[5] ; clk      ;
; N/A   ; None         ; 5.828 ns   ; LD_PC ; temp[4] ; clk      ;
; N/A   ; None         ; 5.742 ns   ; LD_PC ; temp[3] ; clk      ;
; N/A   ; None         ; 5.656 ns   ; LD_PC ; temp[2] ; clk      ;
; N/A   ; None         ; 5.570 ns   ; LD_PC ; temp[1] ; clk      ;
; N/A   ; None         ; 5.566 ns   ; IN_PC ; temp[0] ; clk      ;
; N/A   ; None         ; 5.093 ns   ; LD_PC ; temp[0] ; clk      ;
; N/A   ; None         ; 4.777 ns   ; a[4]  ; temp[4] ; clk      ;
; N/A   ; None         ; 4.684 ns   ; a[2]  ; temp[2] ; clk      ;
; N/A   ; None         ; 4.320 ns   ; a[1]  ; temp[1] ; clk      ;
; N/A   ; None         ; 4.304 ns   ; a[3]  ; temp[3] ; clk      ;
; N/A   ; None         ; 4.148 ns   ; a[0]  ; temp[0] ; clk      ;
; N/A   ; None         ; 0.129 ns   ; a[5]  ; temp[5] ; clk      ;
; N/A   ; None         ; -0.205 ns  ; a[7]  ; temp[7] ; clk      ;
; N/A   ; None         ; -0.215 ns  ; a[6]  ; temp[6] ; clk      ;
+-------+--------------+------------+-------+---------+----------+


+-----------------------------------------------------------------+
; tco                                                             ;
+-------+--------------+------------+---------+------+------------+
; Slack ; Required tco ; Actual tco ; From    ; To   ; From Clock ;
+-------+--------------+------------+---------+------+------------+
; N/A   ; None         ; 10.329 ns  ; temp[4] ; c[4] ; clk        ;
; N/A   ; None         ; 9.349 ns   ; temp[2] ; c[2] ; clk        ;
; N/A   ; None         ; 9.332 ns   ; temp[6] ; c[6] ; clk        ;
; N/A   ; None         ; 8.747 ns   ; temp[5] ; c[5] ; clk        ;
; N/A   ; None         ; 8.539 ns   ; temp[0] ; c[0] ; clk        ;
; N/A   ; None         ; 8.493 ns   ; temp[3] ; c[3] ; clk        ;
; N/A   ; None         ; 8.078 ns   ; temp[7] ; c[7] ; clk        ;
; N/A   ; None         ; 7.685 ns   ; temp[1] ; c[1] ; clk        ;
+-------+--------------+------------+---------+------+------------+


+----------------------------------------------------------------------+
; th                                                                   ;
+---------------+-------------+-----------+-------+---------+----------+
; Minimum Slack ; Required th ; Actual th ; From  ; To      ; To Clock ;
+---------------+-------------+-----------+-------+---------+----------+
; N/A           ; None        ; 0.481 ns  ; a[6]  ; temp[6] ; clk      ;
; N/A           ; None        ; 0.471 ns  ; a[7]  ; temp[7] ; clk      ;
; N/A           ; None        ; 0.137 ns  ; a[5]  ; temp[5] ; clk      ;
; N/A           ; None        ; -3.882 ns ; a[0]  ; temp[0] ; clk      ;
; N/A           ; None        ; -4.038 ns ; a[3]  ; temp[3] ; clk      ;
; N/A           ; None        ; -4.054 ns ; a[1]  ; temp[1] ; clk      ;
; N/A           ; None        ; -4.418 ns ; a[2]  ; temp[2] ; clk      ;
; N/A           ; None        ; -4.506 ns ; LD_PC ; temp[0] ; clk      ;
; N/A           ; None        ; -4.506 ns ; LD_PC ; temp[1] ; clk      ;
; N/A           ; None        ; -4.506 ns ; LD_PC ; temp[2] ; clk      ;
; N/A           ; None        ; -4.506 ns ; LD_PC ; temp[3] ; clk      ;
; N/A           ; None        ; -4.506 ns ; LD_PC ; temp[4] ; clk      ;
; N/A           ; None        ; -4.506 ns ; LD_PC ; temp[5] ; clk      ;
; N/A           ; None        ; -4.506 ns ; LD_PC ; temp[6] ; clk      ;
; N/A           ; None        ; -4.506 ns ; LD_PC ; temp[7] ; clk      ;
; N/A           ; None        ; -4.511 ns ; a[4]  ; temp[4] ; clk      ;
; N/A           ; None        ; -4.828 ns ; IN_PC ; temp[0] ; clk      ;
; N/A           ; None        ; -4.828 ns ; IN_PC ; temp[1] ; clk      ;
; N/A           ; None        ; -4.828 ns ; IN_PC ; temp[2] ; clk      ;
; N/A           ; None        ; -4.828 ns ; IN_PC ; temp[3] ; clk      ;
; N/A           ; None        ; -4.828 ns ; IN_PC ; temp[4] ; clk      ;
; N/A           ; None        ; -4.828 ns ; IN_PC ; temp[5] ; clk      ;
; N/A           ; None        ; -4.828 ns ; IN_PC ; temp[6] ; clk      ;
; N/A           ; None        ; -4.828 ns ; IN_PC ; temp[7] ; clk      ;
+---------------+-------------+-----------+-------+---------+----------+


+--------------------------+
; Timing Analyzer Messages ;
+--------------------------+
Info: *******************************************************************
Info: Running Quartus II Classic Timing Analyzer
    Info: Version 9.0 Build 184 04/29/2009 Service Pack 1 SJ Web Edition
    Info: Processing started: Sun Dec 08 20:11:38 2019
Info: Command: quartus_tan --read_settings_files=off --write_settings_files=off PC -c PC --timing_analysis_only
Warning: Found pins functioning as undefined clocks and/or memory enables
    Info: Assuming node "clk" is an undefined clock
Info: Clock "clk" Internal fmax is restricted to 340.02 MHz between source register "temp[0]" and destination register "temp[7]"
    Info: fmax restricted to clock pin edge rate 2.941 ns. Expand message to see actual delay path.
        Info: + Longest register to register delay is 2.277 ns
            Info: 1: + IC(0.000 ns) + CELL(0.000 ns) = 0.000 ns; Loc. = LCFF_X27_Y5_N5; Fanout = 3; REG Node = 'temp[0]'
            Info: 2: + IC(0.447 ns) + CELL(0.596 ns) = 1.043 ns; Loc. = LCCOMB_X27_Y5_N4; Fanout = 2; COMB Node = 'temp[0]~25'
            Info: 3: + IC(0.000 ns) + CELL(0.086 ns) = 1.129 ns; Loc. = LCCOMB_X27_Y5_N6; Fanout = 2; COMB Node = 'temp[1]~27'
            Info: 4: + IC(0.000 ns) + CELL(0.086 ns) = 1.215 ns; Loc. = LCCOMB_X27_Y5_N8; Fanout = 2; COMB Node = 'temp[2]~29'
            Info: 5: + IC(0.000 ns) + CELL(0.086 ns) = 1.301 ns; Loc. = LCCOMB_X27_Y5_N10; Fanout = 2; COMB Node = 'temp[3]~31'
            Info: 6: + IC(0.000 ns) + CELL(0.086 ns) = 1.387 ns; Loc. = LCCOMB_X27_Y5_N12; Fanout = 2; COMB Node = 'temp[4]~33'
            Info: 7: + IC(0.000 ns) + CELL(0.190 ns) = 1.577 ns; Loc. = LCCOMB_X27_Y5_N14; Fanout = 2; COMB Node = 'temp[5]~35'
            Info: 8: + IC(0.000 ns) + CELL(0.086 ns) = 1.663 ns; Loc. = LCCOMB_X27_Y5_N16; Fanout = 1; COMB Node = 'temp[6]~37'
            Info: 9: + IC(0.000 ns) + CELL(0.506 ns) = 2.169 ns; Loc. = LCCOMB_X27_Y5_N18; Fanout = 1; COMB Node = 'temp[7]~38'
            Info: 10: + IC(0.000 ns) + CELL(0.108 ns) = 2.277 ns; Loc. = LCFF_X27_Y5_N19; Fanout = 2; REG Node = 'temp[7]'
            Info: Total cell delay = 1.830 ns ( 80.37 % )
            Info: Total interconnect delay = 0.447 ns ( 19.63 % )
        Info: - Smallest clock skew is 0.000 ns
            Info: + Shortest clock path from clock "clk" to destination register is 2.748 ns
                Info: 1: + IC(0.000 ns) + CELL(1.100 ns) = 1.100 ns; Loc. = PIN_17; Fanout = 1; CLK Node = 'clk'
                Info: 2: + IC(0.143 ns) + CELL(0.000 ns) = 1.243 ns; Loc. = CLKCTRL_G2; Fanout = 8; COMB Node = 'clk~clkctrl'
                Info: 3: + IC(0.839 ns) + CELL(0.666 ns) = 2.748 ns; Loc. = LCFF_X27_Y5_N19; Fanout = 2; REG Node = 'temp[7]'
                Info: Total cell delay = 1.766 ns ( 64.26 % )
                Info: Total interconnect delay = 0.982 ns ( 35.74 % )
            Info: - Longest clock path from clock "clk" to source register is 2.748 ns
                Info: 1: + IC(0.000 ns) + CELL(1.100 ns) = 1.100 ns; Loc. = PIN_17; Fanout = 1; CLK Node = 'clk'
                Info: 2: + IC(0.143 ns) + CELL(0.000 ns) = 1.243 ns; Loc. = CLKCTRL_G2; Fanout = 8; COMB Node = 'clk~clkctrl'
                Info: 3: + IC(0.839 ns) + CELL(0.666 ns) = 2.748 ns; Loc. = LCFF_X27_Y5_N5; Fanout = 3; REG Node = 'temp[0]'
                Info: Total cell delay = 1.766 ns ( 64.26 % )
                Info: Total interconnect delay = 0.982 ns ( 35.74 % )
        Info: + Micro clock to output delay of source is 0.304 ns
        Info: + Micro setup delay of destination is -0.040 ns
Info: tsu for register "temp[7]" (data pin = "IN_PC", clock pin = "clk") is 6.663 ns
    Info: + Longest pin to register delay is 9.451 ns
        Info: 1: + IC(0.000 ns) + CELL(0.945 ns) = 0.945 ns; Loc. = PIN_81; Fanout = 2; PIN Node = 'IN_PC'
        Info: 2: + IC(5.299 ns) + CELL(0.651 ns) = 6.895 ns; Loc. = LCCOMB_X27_Y5_N0; Fanout = 2; COMB Node = 'process_0~1'
        Info: 3: + IC(0.701 ns) + CELL(0.621 ns) = 8.217 ns; Loc. = LCCOMB_X27_Y5_N4; Fanout = 2; COMB Node = 'temp[0]~25'
        Info: 4: + IC(0.000 ns) + CELL(0.086 ns) = 8.303 ns; Loc. = LCCOMB_X27_Y5_N6; Fanout = 2; COMB Node = 'temp[1]~27'
        Info: 5: + IC(0.000 ns) + CELL(0.086 ns) = 8.389 ns; Loc. = LCCOMB_X27_Y5_N8; Fanout = 2; COMB Node = 'temp[2]~29'
        Info: 6: + IC(0.000 ns) + CELL(0.086 ns) = 8.475 ns; Loc. = LCCOMB_X27_Y5_N10; Fanout = 2; COMB Node = 'temp[3]~31'
        Info: 7: + IC(0.000 ns) + CELL(0.086 ns) = 8.561 ns; Loc. = LCCOMB_X27_Y5_N12; Fanout = 2; COMB Node = 'temp[4]~33'
        Info: 8: + IC(0.000 ns) + CELL(0.190 ns) = 8.751 ns; Loc. = LCCOMB_X27_Y5_N14; Fanout = 2; COMB Node = 'temp[5]~35'
        Info: 9: + IC(0.000 ns) + CELL(0.086 ns) = 8.837 ns; Loc. = LCCOMB_X27_Y5_N16; Fanout = 1; COMB Node = 'temp[6]~37'
        Info: 10: + IC(0.000 ns) + CELL(0.506 ns) = 9.343 ns; Loc. = LCCOMB_X27_Y5_N18; Fanout = 1; COMB Node = 'temp[7]~38'
        Info: 11: + IC(0.000 ns) + CELL(0.108 ns) = 9.451 ns; Loc. = LCFF_X27_Y5_N19; Fanout = 2; REG Node = 'temp[7]'
        Info: Total cell delay = 3.451 ns ( 36.51 % )
        Info: Total interconnect delay = 6.000 ns ( 63.49 % )
    Info: + Micro setup delay of destination is -0.040 ns
    Info: - Shortest clock path from clock "clk" to destination register is 2.748 ns
        Info: 1: + IC(0.000 ns) + CELL(1.100 ns) = 1.100 ns; Loc. = PIN_17; Fanout = 1; CLK Node = 'clk'
        Info: 2: + IC(0.143 ns) + CELL(0.000 ns) = 1.243 ns; Loc. = CLKCTRL_G2; Fanout = 8; COMB Node = 'clk~clkctrl'
        Info: 3: + IC(0.839 ns) + CELL(0.666 ns) = 2.748 ns; Loc. = LCFF_X27_Y5_N19; Fanout = 2; REG Node = 'temp[7]'
        Info: Total cell delay = 1.766 ns ( 64.26 % )
        Info: Total interconnect delay = 0.982 ns ( 35.74 % )
Info: tco from clock "clk" to destination pin "c[4]" through register "temp[4]" is 10.329 ns
    Info: + Longest clock path from clock "clk" to source register is 2.748 ns
        Info: 1: + IC(0.000 ns) + CELL(1.100 ns) = 1.100 ns; Loc. = PIN_17; Fanout = 1; CLK Node = 'clk'
        Info: 2: + IC(0.143 ns) + CELL(0.000 ns) = 1.243 ns; Loc. = CLKCTRL_G2; Fanout = 8; COMB Node = 'clk~clkctrl'
        Info: 3: + IC(0.839 ns) + CELL(0.666 ns) = 2.748 ns; Loc. = LCFF_X27_Y5_N13; Fanout = 3; REG Node = 'temp[4]'
        Info: Total cell delay = 1.766 ns ( 64.26 % )
        Info: Total interconnect delay = 0.982 ns ( 35.74 % )
    Info: + Micro clock to output delay of source is 0.304 ns
    Info: + Longest register to pin delay is 7.277 ns
        Info: 1: + IC(0.000 ns) + CELL(0.000 ns) = 0.000 ns; Loc. = LCFF_X27_Y5_N13; Fanout = 3; REG Node = 'temp[4]'
        Info: 2: + IC(4.221 ns) + CELL(3.056 ns) = 7.277 ns; Loc. = PIN_9; Fanout = 0; PIN Node = 'c[4]'
        Info: Total cell delay = 3.056 ns ( 42.00 % )
        Info: Total interconnect delay = 4.221 ns ( 58.00 % )
Info: th for register "temp[6]" (data pin = "a[6]", clock pin = "clk") is 0.481 ns
    Info: + Longest clock path from clock "clk" to destination register is 2.748 ns
        Info: 1: + IC(0.000 ns) + CELL(1.100 ns) = 1.100 ns; Loc. = PIN_17; Fanout = 1; CLK Node = 'clk'
        Info: 2: + IC(0.143 ns) + CELL(0.000 ns) = 1.243 ns; Loc. = CLKCTRL_G2; Fanout = 8; COMB Node = 'clk~clkctrl'
        Info: 3: + IC(0.839 ns) + CELL(0.666 ns) = 2.748 ns; Loc. = LCFF_X27_Y5_N17; Fanout = 3; REG Node = 'temp[6]'
        Info: Total cell delay = 1.766 ns ( 64.26 % )
        Info: Total interconnect delay = 0.982 ns ( 35.74 % )
    Info: + Micro hold delay of destination is 0.306 ns
    Info: - Shortest pin to register delay is 2.573 ns
        Info: 1: + IC(0.000 ns) + CELL(1.110 ns) = 1.110 ns; Loc. = PIN_89; Fanout = 1; PIN Node = 'a[6]'
        Info: 2: + IC(1.003 ns) + CELL(0.460 ns) = 2.573 ns; Loc. = LCFF_X27_Y5_N17; Fanout = 3; REG Node = 'temp[6]'
        Info: Total cell delay = 1.570 ns ( 61.02 % )
        Info: Total interconnect delay = 1.003 ns ( 38.98 % )
Info: Quartus II Classic Timing Analyzer was successful. 0 errors, 1 warning
    Info: Peak virtual memory: 196 megabytes
    Info: Processing ended: Sun Dec 08 20:11:39 2019
    Info: Elapsed time: 00:00:01
    Info: Total CPU time (on all processors): 00:00:00


