Classic Timing Analyzer report for Z
Thu Dec 05 00:23:26 2019
Quartus II Version 9.0 Build 184 04/29/2009 Service Pack 1 SJ Web Edition


---------------------
; Table of Contents ;
---------------------
  1. Legal Notice
  2. Timing Analyzer Summary
  3. Timing Analyzer Settings
  4. Clock Settings Summary
  5. Parallel Compilation
  6. Clock Setup: 'Clk'
  7. tsu
  8. tco
  9. th
 10. Timing Analyzer Messages



----------------
; Legal Notice ;
----------------
Copyright (C) 1991-2009 Altera Corporation
Your use of Altera Corporation's design tools, logic functions 
and other software and tools, and its AMPP partner logic 
functions, and any output files from any of the foregoing 
(including device programming or simulation files), and any 
associated documentation or information are expressly subject 
to the terms and conditions of the Altera Program License 
Subscription Agreement, Altera MegaCore Function License 
Agreement, or other applicable license agreement, including, 
without limitation, that your use is for the sole purpose of 
programming logic devices manufactured by Altera and sold by 
Altera or its authorized distributors.  Please refer to the 
applicable agreement for further details.



+---------------------------------------------------------------------------------------------------------------------------------------------------------------+
; Timing Analyzer Summary                                                                                                                                       ;
+------------------------------+-------+---------------+------------------------------------------------+-------+--------+------------+----------+--------------+
; Type                         ; Slack ; Required Time ; Actual Time                                    ; From  ; To     ; From Clock ; To Clock ; Failed Paths ;
+------------------------------+-------+---------------+------------------------------------------------+-------+--------+------------+----------+--------------+
; Worst-case tsu               ; N/A   ; None          ; 4.810 ns                                       ; EN    ; i      ; --         ; Clk      ; 0            ;
; Worst-case tco               ; N/A   ; None          ; 6.606 ns                                       ; i     ; output ; Clk        ; --       ; 0            ;
; Worst-case th                ; N/A   ; None          ; -4.068 ns                                      ; input ; i      ; --         ; Clk      ; 0            ;
; Clock Setup: 'Clk'           ; N/A   ; None          ; Restricted to 360.10 MHz ( period = 2.777 ns ) ; i     ; i      ; Clk        ; Clk      ; 0            ;
; Total number of failed paths ;       ;               ;                                                ;       ;        ;            ;          ; 0            ;
+------------------------------+-------+---------------+------------------------------------------------+-------+--------+------------+----------+--------------+


+--------------------------------------------------------------------------------------------------------------------+
; Timing Analyzer Settings                                                                                           ;
+---------------------------------------------------------------------+--------------------+------+----+-------------+
; Option                                                              ; Setting            ; From ; To ; Entity Name ;
+---------------------------------------------------------------------+--------------------+------+----+-------------+
; Device Name                                                         ; EP2C5T144C8        ;      ;    ;             ;
; Timing Models                                                       ; Final              ;      ;    ;             ;
; Default hold multicycle                                             ; Same as Multicycle ;      ;    ;             ;
; Cut paths between unrelated clock domains                           ; On                 ;      ;    ;             ;
; Cut off read during write signal paths                              ; On                 ;      ;    ;             ;
; Cut off feedback from I/O pins                                      ; On                 ;      ;    ;             ;
; Report Combined Fast/Slow Timing                                    ; Off                ;      ;    ;             ;
; Ignore Clock Settings                                               ; Off                ;      ;    ;             ;
; Analyze latches as synchronous elements                             ; On                 ;      ;    ;             ;
; Enable Recovery/Removal analysis                                    ; Off                ;      ;    ;             ;
; Enable Clock Latency                                                ; Off                ;      ;    ;             ;
; Use TimeQuest Timing Analyzer                                       ; Off                ;      ;    ;             ;
; Minimum Core Junction Temperature                                   ; 0                  ;      ;    ;             ;
; Maximum Core Junction Temperature                                   ; 85                 ;      ;    ;             ;
; Number of source nodes to report per destination node               ; 10                 ;      ;    ;             ;
; Number of destination nodes to report                               ; 10                 ;      ;    ;             ;
; Number of paths to report                                           ; 200                ;      ;    ;             ;
; Report Minimum Timing Checks                                        ; Off                ;      ;    ;             ;
; Use Fast Timing Models                                              ; Off                ;      ;    ;             ;
; Report IO Paths Separately                                          ; Off                ;      ;    ;             ;
; Perform Multicorner Analysis                                        ; On                 ;      ;    ;             ;
; Reports the worst-case path for each clock domain and analysis      ; Off                ;      ;    ;             ;
; Removes common clock path pessimism (CCPP) during slack computation ; Off                ;      ;    ;             ;
; Output I/O Timing Endpoint                                          ; Near End           ;      ;    ;             ;
+---------------------------------------------------------------------+--------------------+------+----+-------------+


+------------------------------------------------------------------------------------------------------------------------------------------------------------------------------------+
; Clock Settings Summary                                                                                                                                                             ;
+-----------------+--------------------+----------+------------------+---------------+--------------+----------+-----------------------+---------------------+--------+--------------+
; Clock Node Name ; Clock Setting Name ; Type     ; Fmax Requirement ; Early Latency ; Late Latency ; Based on ; Multiply Base Fmax by ; Divide Base Fmax by ; Offset ; Phase offset ;
+-----------------+--------------------+----------+------------------+---------------+--------------+----------+-----------------------+---------------------+--------+--------------+
; Clk             ;                    ; User Pin ; None             ; 0.000 ns      ; 0.000 ns     ; --       ; N/A                   ; N/A                 ; N/A    ;              ;
+-----------------+--------------------+----------+------------------+---------------+--------------+----------+-----------------------+---------------------+--------+--------------+


Parallel compilation was disabled, but you have multiple processors available. Enable parallel compilation to reduce compilation time.
+-------------------------------------+
; Parallel Compilation                ;
+----------------------------+--------+
; Processors                 ; Number ;
+----------------------------+--------+
; Number detected on machine ; 4      ;
; Maximum allowed            ; 1      ;
+----------------------------+--------+


+--------------------------------------------------------------------------------------------------------------------------------------------------------------------------------+
; Clock Setup: 'Clk'                                                                                                                                                             ;
+-------+------------------------------------------------+------+----+------------+----------+-----------------------------+---------------------------+-------------------------+
; Slack ; Actual fmax (period)                           ; From ; To ; From Clock ; To Clock ; Required Setup Relationship ; Required Longest P2P Time ; Actual Longest P2P Time ;
+-------+------------------------------------------------+------+----+------------+----------+-----------------------------+---------------------------+-------------------------+
; N/A   ; Restricted to 360.10 MHz ( period = 2.777 ns ) ; i    ; i  ; Clk        ; Clk      ; None                        ; None                      ; 0.501 ns                ;
+-------+------------------------------------------------+------+----+------------+----------+-----------------------------+---------------------------+-------------------------+


+-----------------------------------------------------------+
; tsu                                                       ;
+-------+--------------+------------+-------+----+----------+
; Slack ; Required tsu ; Actual tsu ; From  ; To ; To Clock ;
+-------+--------------+------------+-------+----+----------+
; N/A   ; None         ; 4.810 ns   ; EN    ; i  ; Clk      ;
; N/A   ; None         ; 4.334 ns   ; input ; i  ; Clk      ;
+-------+--------------+------------+-------+----+----------+


+----------------------------------------------------------------+
; tco                                                            ;
+-------+--------------+------------+------+--------+------------+
; Slack ; Required tco ; Actual tco ; From ; To     ; From Clock ;
+-------+--------------+------------+------+--------+------------+
; N/A   ; None         ; 6.606 ns   ; i    ; output ; Clk        ;
+-------+--------------+------------+------+--------+------------+


+-----------------------------------------------------------------+
; th                                                              ;
+---------------+-------------+-----------+-------+----+----------+
; Minimum Slack ; Required th ; Actual th ; From  ; To ; To Clock ;
+---------------+-------------+-----------+-------+----+----------+
; N/A           ; None        ; -4.068 ns ; input ; i  ; Clk      ;
; N/A           ; None        ; -4.544 ns ; EN    ; i  ; Clk      ;
+---------------+-------------+-----------+-------+----+----------+


+--------------------------+
; Timing Analyzer Messages ;
+--------------------------+
Info: *******************************************************************
Info: Running Quartus II Classic Timing Analyzer
    Info: Version 9.0 Build 184 04/29/2009 Service Pack 1 SJ Web Edition
    Info: Processing started: Thu Dec 05 00:23:26 2019
Info: Command: quartus_tan --read_settings_files=off --write_settings_files=off Z -c Z --timing_analysis_only
Warning: Found pins functioning as undefined clocks and/or memory enables
    Info: Assuming node "Clk" is an undefined clock
Info: Clock "Clk" Internal fmax is restricted to 360.1 MHz between source register "i" and destination register "i"
    Info: fmax restricted to clock pin edge rate 2.777 ns. Expand message to see actual delay path.
        Info: + Longest register to register delay is 0.501 ns
            Info: 1: + IC(0.000 ns) + CELL(0.000 ns) = 0.000 ns; Loc. = LCFF_X1_Y5_N25; Fanout = 2; REG Node = 'i'
            Info: 2: + IC(0.000 ns) + CELL(0.393 ns) = 0.393 ns; Loc. = LCCOMB_X1_Y5_N24; Fanout = 1; COMB Node = 'i~0'
            Info: 3: + IC(0.000 ns) + CELL(0.108 ns) = 0.501 ns; Loc. = LCFF_X1_Y5_N25; Fanout = 2; REG Node = 'i'
            Info: Total cell delay = 0.501 ns ( 100.00 % )
        Info: - Smallest clock skew is 0.000 ns
            Info: + Shortest clock path from clock "Clk" to destination register is 2.530 ns
                Info: 1: + IC(0.000 ns) + CELL(0.945 ns) = 0.945 ns; Loc. = PIN_24; Fanout = 1; CLK Node = 'Clk'
                Info: 2: + IC(0.919 ns) + CELL(0.666 ns) = 2.530 ns; Loc. = LCFF_X1_Y5_N25; Fanout = 2; REG Node = 'i'
                Info: Total cell delay = 1.611 ns ( 63.68 % )
                Info: Total interconnect delay = 0.919 ns ( 36.32 % )
            Info: - Longest clock path from clock "Clk" to source register is 2.530 ns
                Info: 1: + IC(0.000 ns) + CELL(0.945 ns) = 0.945 ns; Loc. = PIN_24; Fanout = 1; CLK Node = 'Clk'
                Info: 2: + IC(0.919 ns) + CELL(0.666 ns) = 2.530 ns; Loc. = LCFF_X1_Y5_N25; Fanout = 2; REG Node = 'i'
                Info: Total cell delay = 1.611 ns ( 63.68 % )
                Info: Total interconnect delay = 0.919 ns ( 36.32 % )
        Info: + Micro clock to output delay of source is 0.304 ns
        Info: + Micro setup delay of destination is -0.040 ns
Info: tsu for register "i" (data pin = "EN", clock pin = "Clk") is 4.810 ns
    Info: + Longest pin to register delay is 7.380 ns
        Info: 1: + IC(0.000 ns) + CELL(0.954 ns) = 0.954 ns; Loc. = PIN_41; Fanout = 1; PIN Node = 'EN'
        Info: 2: + IC(6.112 ns) + CELL(0.206 ns) = 7.272 ns; Loc. = LCCOMB_X1_Y5_N24; Fanout = 1; COMB Node = 'i~0'
        Info: 3: + IC(0.000 ns) + CELL(0.108 ns) = 7.380 ns; Loc. = LCFF_X1_Y5_N25; Fanout = 2; REG Node = 'i'
        Info: Total cell delay = 1.268 ns ( 17.18 % )
        Info: Total interconnect delay = 6.112 ns ( 82.82 % )
    Info: + Micro setup delay of destination is -0.040 ns
    Info: - Shortest clock path from clock "Clk" to destination register is 2.530 ns
        Info: 1: + IC(0.000 ns) + CELL(0.945 ns) = 0.945 ns; Loc. = PIN_24; Fanout = 1; CLK Node = 'Clk'
        Info: 2: + IC(0.919 ns) + CELL(0.666 ns) = 2.530 ns; Loc. = LCFF_X1_Y5_N25; Fanout = 2; REG Node = 'i'
        Info: Total cell delay = 1.611 ns ( 63.68 % )
        Info: Total interconnect delay = 0.919 ns ( 36.32 % )
Info: tco from clock "Clk" to destination pin "output" through register "i" is 6.606 ns
    Info: + Longest clock path from clock "Clk" to source register is 2.530 ns
        Info: 1: + IC(0.000 ns) + CELL(0.945 ns) = 0.945 ns; Loc. = PIN_24; Fanout = 1; CLK Node = 'Clk'
        Info: 2: + IC(0.919 ns) + CELL(0.666 ns) = 2.530 ns; Loc. = LCFF_X1_Y5_N25; Fanout = 2; REG Node = 'i'
        Info: Total cell delay = 1.611 ns ( 63.68 % )
        Info: Total interconnect delay = 0.919 ns ( 36.32 % )
    Info: + Micro clock to output delay of source is 0.304 ns
    Info: + Longest register to pin delay is 3.772 ns
        Info: 1: + IC(0.000 ns) + CELL(0.000 ns) = 0.000 ns; Loc. = LCFF_X1_Y5_N25; Fanout = 2; REG Node = 'i'
        Info: 2: + IC(0.706 ns) + CELL(3.066 ns) = 3.772 ns; Loc. = PIN_26; Fanout = 0; PIN Node = 'output'
        Info: Total cell delay = 3.066 ns ( 81.28 % )
        Info: Total interconnect delay = 0.706 ns ( 18.72 % )
Info: th for register "i" (data pin = "input", clock pin = "Clk") is -4.068 ns
    Info: + Longest clock path from clock "Clk" to destination register is 2.530 ns
        Info: 1: + IC(0.000 ns) + CELL(0.945 ns) = 0.945 ns; Loc. = PIN_24; Fanout = 1; CLK Node = 'Clk'
        Info: 2: + IC(0.919 ns) + CELL(0.666 ns) = 2.530 ns; Loc. = LCFF_X1_Y5_N25; Fanout = 2; REG Node = 'i'
        Info: Total cell delay = 1.611 ns ( 63.68 % )
        Info: Total interconnect delay = 0.919 ns ( 36.32 % )
    Info: + Micro hold delay of destination is 0.306 ns
    Info: - Shortest pin to register delay is 6.904 ns
        Info: 1: + IC(0.000 ns) + CELL(0.945 ns) = 0.945 ns; Loc. = PIN_25; Fanout = 1; PIN Node = 'input'
        Info: 2: + IC(5.200 ns) + CELL(0.651 ns) = 6.796 ns; Loc. = LCCOMB_X1_Y5_N24; Fanout = 1; COMB Node = 'i~0'
        Info: 3: + IC(0.000 ns) + CELL(0.108 ns) = 6.904 ns; Loc. = LCFF_X1_Y5_N25; Fanout = 2; REG Node = 'i'
        Info: Total cell delay = 1.704 ns ( 24.68 % )
        Info: Total interconnect delay = 5.200 ns ( 75.32 % )
Info: Quartus II Classic Timing Analyzer was successful. 0 errors, 1 warning
    Info: Peak virtual memory: 196 megabytes
    Info: Processing ended: Thu Dec 05 00:23:27 2019
    Info: Elapsed time: 00:00:01
    Info: Total CPU time (on all processors): 00:00:00


