Classic Timing Analyzer report for decoder_n_m
Sat Nov 02 18:49:41 2019
Quartus II Version 9.0 Build 184 04/29/2009 Service Pack 1 SJ Web Edition


---------------------
; Table of Contents ;
---------------------
  1. Legal Notice
  2. Timing Analyzer Summary
  3. Timing Analyzer Settings
  4. Clock Settings Summary
  5. Parallel Compilation
  6. tsu
  7. tco
  8. th
  9. Timing Analyzer Messages



----------------
; Legal Notice ;
----------------
Copyright (C) 1991-2009 Altera Corporation
Your use of Altera Corporation's design tools, logic functions 
and other software and tools, and its AMPP partner logic 
functions, and any output files from any of the foregoing 
(including device programming or simulation files), and any 
associated documentation or information are expressly subject 
to the terms and conditions of the Altera Program License 
Subscription Agreement, Altera MegaCore Function License 
Agreement, or other applicable license agreement, including, 
without limitation, that your use is for the sole purpose of 
programming logic devices manufactured by Altera and sold by 
Altera or its authorized distributors.  Please refer to the 
applicable agreement for further details.



+----------------------------------------------------------------------------------------------------------------------------------+
; Timing Analyzer Summary                                                                                                          ;
+------------------------------+-------+---------------+-------------+----------+-----------+------------+----------+--------------+
; Type                         ; Slack ; Required Time ; Actual Time ; From     ; To        ; From Clock ; To Clock ; Failed Paths ;
+------------------------------+-------+---------------+-------------+----------+-----------+------------+----------+--------------+
; Worst-case tsu               ; N/A   ; None          ; 3.056 ns    ; INPUT[1] ; ORDER[14] ; --         ; INPUT[5] ; 0            ;
; Worst-case tco               ; N/A   ; None          ; 20.375 ns   ; ORDER[6] ; JMP       ; INPUT[6]   ; --       ; 0            ;
; Worst-case th                ; N/A   ; None          ; 9.576 ns    ; INPUT[0] ; ORDER[6]  ; --         ; INPUT[6] ; 0            ;
; Total number of failed paths ;       ;               ;             ;          ;           ;            ;          ; 0            ;
+------------------------------+-------+---------------+-------------+----------+-----------+------------+----------+--------------+


+--------------------------------------------------------------------------------------------------------------------+
; Timing Analyzer Settings                                                                                           ;
+---------------------------------------------------------------------+--------------------+------+----+-------------+
; Option                                                              ; Setting            ; From ; To ; Entity Name ;
+---------------------------------------------------------------------+--------------------+------+----+-------------+
; Device Name                                                         ; EP1C3T144C8        ;      ;    ;             ;
; Timing Models                                                       ; Final              ;      ;    ;             ;
; Default hold multicycle                                             ; Same as Multicycle ;      ;    ;             ;
; Cut paths between unrelated clock domains                           ; On                 ;      ;    ;             ;
; Cut off read during write signal paths                              ; On                 ;      ;    ;             ;
; Cut off feedback from I/O pins                                      ; On                 ;      ;    ;             ;
; Report Combined Fast/Slow Timing                                    ; Off                ;      ;    ;             ;
; Ignore Clock Settings                                               ; Off                ;      ;    ;             ;
; Analyze latches as synchronous elements                             ; On                 ;      ;    ;             ;
; Enable Recovery/Removal analysis                                    ; Off                ;      ;    ;             ;
; Enable Clock Latency                                                ; Off                ;      ;    ;             ;
; Use TimeQuest Timing Analyzer                                       ; Off                ;      ;    ;             ;
; Minimum Core Junction Temperature                                   ; 0                  ;      ;    ;             ;
; Maximum Core Junction Temperature                                   ; 85                 ;      ;    ;             ;
; Number of source nodes to report per destination node               ; 10                 ;      ;    ;             ;
; Number of destination nodes to report                               ; 10                 ;      ;    ;             ;
; Number of paths to report                                           ; 200                ;      ;    ;             ;
; Report Minimum Timing Checks                                        ; Off                ;      ;    ;             ;
; Use Fast Timing Models                                              ; Off                ;      ;    ;             ;
; Report IO Paths Separately                                          ; Off                ;      ;    ;             ;
; Perform Multicorner Analysis                                        ; Off                ;      ;    ;             ;
; Reports the worst-case path for each clock domain and analysis      ; Off                ;      ;    ;             ;
; Removes common clock path pessimism (CCPP) during slack computation ; Off                ;      ;    ;             ;
; Output I/O Timing Endpoint                                          ; Near End           ;      ;    ;             ;
+---------------------------------------------------------------------+--------------------+------+----+-------------+


+------------------------------------------------------------------------------------------------------------------------------------------------------------------------------------+
; Clock Settings Summary                                                                                                                                                             ;
+-----------------+--------------------+----------+------------------+---------------+--------------+----------+-----------------------+---------------------+--------+--------------+
; Clock Node Name ; Clock Setting Name ; Type     ; Fmax Requirement ; Early Latency ; Late Latency ; Based on ; Multiply Base Fmax by ; Divide Base Fmax by ; Offset ; Phase offset ;
+-----------------+--------------------+----------+------------------+---------------+--------------+----------+-----------------------+---------------------+--------+--------------+
; INPUT[7]        ;                    ; User Pin ; None             ; 0.000 ns      ; 0.000 ns     ; --       ; N/A                   ; N/A                 ; N/A    ;              ;
; INPUT[5]        ;                    ; User Pin ; None             ; 0.000 ns      ; 0.000 ns     ; --       ; N/A                   ; N/A                 ; N/A    ;              ;
; INPUT[4]        ;                    ; User Pin ; None             ; 0.000 ns      ; 0.000 ns     ; --       ; N/A                   ; N/A                 ; N/A    ;              ;
; INPUT[6]        ;                    ; User Pin ; None             ; 0.000 ns      ; 0.000 ns     ; --       ; N/A                   ; N/A                 ; N/A    ;              ;
; INPUT[2]        ;                    ; User Pin ; None             ; 0.000 ns      ; 0.000 ns     ; --       ; N/A                   ; N/A                 ; N/A    ;              ;
; INPUT[3]        ;                    ; User Pin ; None             ; 0.000 ns      ; 0.000 ns     ; --       ; N/A                   ; N/A                 ; N/A    ;              ;
; INPUT[0]        ;                    ; User Pin ; None             ; 0.000 ns      ; 0.000 ns     ; --       ; N/A                   ; N/A                 ; N/A    ;              ;
; INPUT[1]        ;                    ; User Pin ; None             ; 0.000 ns      ; 0.000 ns     ; --       ; N/A                   ; N/A                 ; N/A    ;              ;
+-----------------+--------------------+----------+------------------+---------------+--------------+----------+-----------------------+---------------------+--------+--------------+


Parallel compilation was disabled, but you have multiple processors available. Enable parallel compilation to reduce compilation time.
+-------------------------------------+
; Parallel Compilation                ;
+----------------------------+--------+
; Processors                 ; Number ;
+----------------------------+--------+
; Number detected on machine ; 4      ;
; Maximum allowed            ; 1      ;
+----------------------------+--------+


+----------------------------------------------------------------------------------------------------------------------------------------------+
; tsu                                                                                                                                          ;
+-----------------------------------------+-----------------------------------------------------+------------+----------+-----------+----------+
; Slack                                   ; Required tsu                                        ; Actual tsu ; From     ; To        ; To Clock ;
+-----------------------------------------+-----------------------------------------------------+------------+----------+-----------+----------+
; N/A                                     ; None                                                ; 3.056 ns   ; INPUT[1] ; ORDER[14] ; INPUT[5] ;
; N/A                                     ; None                                                ; 3.034 ns   ; INPUT[1] ; ORDER[14] ; INPUT[6] ;
; N/A                                     ; None                                                ; 2.975 ns   ; INPUT[1] ; ORDER[14] ; INPUT[4] ;
; N/A                                     ; None                                                ; 2.921 ns   ; INPUT[1] ; ORDER[13] ; INPUT[5] ;
; N/A                                     ; None                                                ; 2.914 ns   ; INPUT[0] ; ORDER[14] ; INPUT[5] ;
; N/A                                     ; None                                                ; 2.899 ns   ; INPUT[1] ; ORDER[13] ; INPUT[6] ;
; N/A                                     ; None                                                ; 2.892 ns   ; INPUT[0] ; ORDER[14] ; INPUT[6] ;
; N/A                                     ; None                                                ; 2.871 ns   ; INPUT[1] ; ORDER[14] ; INPUT[7] ;
; N/A                                     ; None                                                ; 2.840 ns   ; INPUT[1] ; ORDER[13] ; INPUT[4] ;
; N/A                                     ; None                                                ; 2.833 ns   ; INPUT[0] ; ORDER[14] ; INPUT[4] ;
; N/A                                     ; None                                                ; 2.779 ns   ; INPUT[0] ; ORDER[13] ; INPUT[5] ;
; N/A                                     ; None                                                ; 2.757 ns   ; INPUT[0] ; ORDER[13] ; INPUT[6] ;
; N/A                                     ; None                                                ; 2.736 ns   ; INPUT[1] ; ORDER[13] ; INPUT[7] ;
; N/A                                     ; None                                                ; 2.729 ns   ; INPUT[0] ; ORDER[14] ; INPUT[7] ;
; N/A                                     ; None                                                ; 2.698 ns   ; INPUT[0] ; ORDER[13] ; INPUT[4] ;
; N/A                                     ; None                                                ; 2.594 ns   ; INPUT[0] ; ORDER[13] ; INPUT[7] ;
; N/A                                     ; None                                                ; 2.536 ns   ; INPUT[2] ; ORDER[13] ; INPUT[5] ;
; N/A                                     ; None                                                ; 2.514 ns   ; INPUT[2] ; ORDER[13] ; INPUT[6] ;
; N/A                                     ; None                                                ; 2.455 ns   ; INPUT[2] ; ORDER[13] ; INPUT[4] ;
; N/A                                     ; None                                                ; 2.351 ns   ; INPUT[2] ; ORDER[13] ; INPUT[7] ;
; N/A                                     ; None                                                ; 2.327 ns   ; INPUT[1] ; ORDER[4]  ; INPUT[5] ;
; N/A                                     ; None                                                ; 2.305 ns   ; INPUT[1] ; ORDER[4]  ; INPUT[6] ;
; N/A                                     ; None                                                ; 2.246 ns   ; INPUT[1] ; ORDER[4]  ; INPUT[4] ;
; N/A                                     ; None                                                ; 2.199 ns   ; INPUT[6] ; ORDER[14] ; INPUT[5] ;
; N/A                                     ; None                                                ; 2.177 ns   ; INPUT[6] ; ORDER[14] ; INPUT[6] ;
; N/A                                     ; None                                                ; 2.144 ns   ; INPUT[2] ; ORDER[14] ; INPUT[5] ;
; N/A                                     ; None                                                ; 2.142 ns   ; INPUT[1] ; ORDER[4]  ; INPUT[7] ;
; N/A                                     ; None                                                ; 2.122 ns   ; INPUT[2] ; ORDER[14] ; INPUT[6] ;
; N/A                                     ; None                                                ; 2.118 ns   ; INPUT[6] ; ORDER[14] ; INPUT[4] ;
; N/A                                     ; None                                                ; 2.081 ns   ; INPUT[6] ; ORDER[15] ; INPUT[5] ;
; N/A                                     ; None                                                ; 2.063 ns   ; INPUT[2] ; ORDER[14] ; INPUT[4] ;
; N/A                                     ; None                                                ; 2.059 ns   ; INPUT[6] ; ORDER[15] ; INPUT[6] ;
; N/A                                     ; None                                                ; 2.014 ns   ; INPUT[6] ; ORDER[14] ; INPUT[7] ;
; N/A                                     ; None                                                ; 2.000 ns   ; INPUT[6] ; ORDER[15] ; INPUT[4] ;
; N/A                                     ; None                                                ; 1.959 ns   ; INPUT[2] ; ORDER[14] ; INPUT[7] ;
; N/A                                     ; None                                                ; 1.896 ns   ; INPUT[6] ; ORDER[15] ; INPUT[7] ;
; N/A                                     ; None                                                ; 1.886 ns   ; INPUT[2] ; ORDER[15] ; INPUT[5] ;
; N/A                                     ; None                                                ; 1.864 ns   ; INPUT[2] ; ORDER[15] ; INPUT[6] ;
; N/A                                     ; None                                                ; 1.805 ns   ; INPUT[2] ; ORDER[15] ; INPUT[4] ;
; N/A                                     ; None                                                ; 1.804 ns   ; INPUT[3] ; ORDER[13] ; INPUT[5] ;
; N/A                                     ; None                                                ; 1.782 ns   ; INPUT[3] ; ORDER[13] ; INPUT[6] ;
; N/A                                     ; None                                                ; 1.735 ns   ; INPUT[1] ; ORDER[14] ; INPUT[0] ;
; N/A                                     ; None                                                ; 1.723 ns   ; INPUT[3] ; ORDER[13] ; INPUT[4] ;
; N/A                                     ; None                                                ; 1.701 ns   ; INPUT[2] ; ORDER[15] ; INPUT[7] ;
; N/A                                     ; None                                                ; 1.619 ns   ; INPUT[3] ; ORDER[13] ; INPUT[7] ;
; N/A                                     ; None                                                ; 1.600 ns   ; INPUT[1] ; ORDER[13] ; INPUT[0] ;
; N/A                                     ; None                                                ; 1.593 ns   ; INPUT[0] ; ORDER[14] ; INPUT[0] ;
; N/A                                     ; None                                                ; 1.548 ns   ; INPUT[1] ; ORDER[14] ; INPUT[3] ;
; N/A                                     ; None                                                ; 1.458 ns   ; INPUT[0] ; ORDER[13] ; INPUT[0] ;
; N/A                                     ; None                                                ; 1.457 ns   ; INPUT[6] ; ORDER[10] ; INPUT[5] ;
; N/A                                     ; None                                                ; 1.442 ns   ; INPUT[6] ; ORDER[12] ; INPUT[5] ;
; N/A                                     ; None                                                ; 1.435 ns   ; INPUT[6] ; ORDER[10] ; INPUT[6] ;
; N/A                                     ; None                                                ; 1.420 ns   ; INPUT[6] ; ORDER[12] ; INPUT[6] ;
; N/A                                     ; None                                                ; 1.418 ns   ; INPUT[1] ; ORDER[5]  ; INPUT[5] ;
; N/A                                     ; None                                                ; 1.413 ns   ; INPUT[1] ; ORDER[13] ; INPUT[3] ;
; N/A                                     ; None                                                ; 1.406 ns   ; INPUT[0] ; ORDER[14] ; INPUT[3] ;
; N/A                                     ; None                                                ; 1.396 ns   ; INPUT[1] ; ORDER[5]  ; INPUT[6] ;
; N/A                                     ; None                                                ; 1.386 ns   ; INPUT[7] ; ORDER[14] ; INPUT[5] ;
; N/A                                     ; None                                                ; 1.376 ns   ; INPUT[6] ; ORDER[10] ; INPUT[4] ;
; N/A                                     ; None                                                ; 1.364 ns   ; INPUT[7] ; ORDER[14] ; INPUT[6] ;
; N/A                                     ; None                                                ; 1.361 ns   ; INPUT[6] ; ORDER[12] ; INPUT[4] ;
; N/A                                     ; None                                                ; 1.337 ns   ; INPUT[1] ; ORDER[5]  ; INPUT[4] ;
; N/A                                     ; None                                                ; 1.305 ns   ; INPUT[7] ; ORDER[14] ; INPUT[4] ;
; N/A                                     ; None                                                ; 1.272 ns   ; INPUT[6] ; ORDER[10] ; INPUT[7] ;
; N/A                                     ; None                                                ; 1.271 ns   ; INPUT[0] ; ORDER[13] ; INPUT[3] ;
; N/A                                     ; None                                                ; 1.268 ns   ; INPUT[7] ; ORDER[15] ; INPUT[5] ;
; N/A                                     ; None                                                ; 1.257 ns   ; INPUT[6] ; ORDER[12] ; INPUT[7] ;
; N/A                                     ; None                                                ; 1.246 ns   ; INPUT[7] ; ORDER[15] ; INPUT[6] ;
; N/A                                     ; None                                                ; 1.233 ns   ; INPUT[1] ; ORDER[5]  ; INPUT[7] ;
; N/A                                     ; None                                                ; 1.215 ns   ; INPUT[2] ; ORDER[13] ; INPUT[0] ;
; N/A                                     ; None                                                ; 1.201 ns   ; INPUT[7] ; ORDER[14] ; INPUT[7] ;
; N/A                                     ; None                                                ; 1.187 ns   ; INPUT[7] ; ORDER[15] ; INPUT[4] ;
; N/A                                     ; None                                                ; 1.154 ns   ; INPUT[3] ; ORDER[15] ; INPUT[5] ;
; N/A                                     ; None                                                ; 1.154 ns   ; INPUT[6] ; ORDER[3]  ; INPUT[5] ;
; N/A                                     ; None                                                ; 1.132 ns   ; INPUT[3] ; ORDER[15] ; INPUT[6] ;
; N/A                                     ; None                                                ; 1.132 ns   ; INPUT[6] ; ORDER[3]  ; INPUT[6] ;
; N/A                                     ; None                                                ; 1.126 ns   ; INPUT[6] ; ORDER[2]  ; INPUT[5] ;
; N/A                                     ; None                                                ; 1.104 ns   ; INPUT[6] ; ORDER[2]  ; INPUT[6] ;
; N/A                                     ; None                                                ; 1.083 ns   ; INPUT[7] ; ORDER[15] ; INPUT[7] ;
; N/A                                     ; None                                                ; 1.073 ns   ; INPUT[3] ; ORDER[15] ; INPUT[4] ;
; N/A                                     ; None                                                ; 1.073 ns   ; INPUT[6] ; ORDER[3]  ; INPUT[4] ;
; N/A                                     ; None                                                ; 1.045 ns   ; INPUT[6] ; ORDER[2]  ; INPUT[4] ;
; N/A                                     ; None                                                ; 1.028 ns   ; INPUT[2] ; ORDER[13] ; INPUT[3] ;
; N/A                                     ; None                                                ; 1.006 ns   ; INPUT[1] ; ORDER[4]  ; INPUT[0] ;
; N/A                                     ; None                                                ; 0.969 ns   ; INPUT[3] ; ORDER[15] ; INPUT[7] ;
; N/A                                     ; None                                                ; 0.969 ns   ; INPUT[6] ; ORDER[3]  ; INPUT[7] ;
; N/A                                     ; None                                                ; 0.941 ns   ; INPUT[6] ; ORDER[2]  ; INPUT[7] ;
; N/A                                     ; None                                                ; 0.927 ns   ; INPUT[3] ; ORDER[14] ; INPUT[5] ;
; N/A                                     ; None                                                ; 0.905 ns   ; INPUT[3] ; ORDER[14] ; INPUT[6] ;
; N/A                                     ; None                                                ; 0.878 ns   ; INPUT[6] ; ORDER[14] ; INPUT[0] ;
; N/A                                     ; None                                                ; 0.846 ns   ; INPUT[3] ; ORDER[14] ; INPUT[4] ;
; N/A                                     ; None                                                ; 0.841 ns   ; INPUT[1] ; ORDER[15] ; INPUT[5] ;
; N/A                                     ; None                                                ; 0.834 ns   ; INPUT[1] ; ORDER[14] ; INPUT[1] ;
; N/A                                     ; None                                                ; 0.823 ns   ; INPUT[2] ; ORDER[14] ; INPUT[0] ;
; N/A                                     ; None                                                ; 0.819 ns   ; INPUT[1] ; ORDER[15] ; INPUT[6] ;
; N/A                                     ; None                                                ; 0.819 ns   ; INPUT[1] ; ORDER[4]  ; INPUT[3] ;
; N/A                                     ; None                                                ; 0.760 ns   ; INPUT[1] ; ORDER[15] ; INPUT[4] ;
; N/A                                     ; None                                                ; 0.760 ns   ; INPUT[6] ; ORDER[15] ; INPUT[0] ;
; N/A                                     ; None                                                ; 0.749 ns   ; INPUT[5] ; ORDER[14] ; INPUT[5] ;
; N/A                                     ; None                                                ; 0.742 ns   ; INPUT[3] ; ORDER[14] ; INPUT[7] ;
; N/A                                     ; None                                                ; 0.727 ns   ; INPUT[5] ; ORDER[14] ; INPUT[6] ;
; N/A                                     ; None                                                ; 0.699 ns   ; INPUT[1] ; ORDER[13] ; INPUT[1] ;
; N/A                                     ; None                                                ; 0.692 ns   ; INPUT[0] ; ORDER[14] ; INPUT[1] ;
; N/A                                     ; None                                                ; 0.691 ns   ; INPUT[6] ; ORDER[14] ; INPUT[3] ;
; N/A                                     ; None                                                ; 0.674 ns   ; INPUT[1] ; ORDER[14] ; INPUT[2] ;
; N/A                                     ; None                                                ; 0.668 ns   ; INPUT[5] ; ORDER[14] ; INPUT[4] ;
; N/A                                     ; None                                                ; 0.656 ns   ; INPUT[1] ; ORDER[15] ; INPUT[7] ;
; N/A                                     ; None                                                ; 0.636 ns   ; INPUT[2] ; ORDER[14] ; INPUT[3] ;
; N/A                                     ; None                                                ; 0.631 ns   ; INPUT[5] ; ORDER[15] ; INPUT[5] ;
; N/A                                     ; None                                                ; 0.622 ns   ; INPUT[4] ; ORDER[14] ; INPUT[5] ;
; N/A                                     ; None                                                ; 0.609 ns   ; INPUT[5] ; ORDER[15] ; INPUT[6] ;
; N/A                                     ; None                                                ; 0.601 ns   ; INPUT[4] ; ORDER[10] ; INPUT[5] ;
; N/A                                     ; None                                                ; 0.600 ns   ; INPUT[4] ; ORDER[14] ; INPUT[6] ;
; N/A                                     ; None                                                ; 0.579 ns   ; INPUT[4] ; ORDER[10] ; INPUT[6] ;
; N/A                                     ; None                                                ; 0.573 ns   ; INPUT[6] ; ORDER[15] ; INPUT[3] ;
; N/A                                     ; None                                                ; 0.573 ns   ; INPUT[4] ; ORDER[12] ; INPUT[5] ;
; N/A                                     ; None                                                ; 0.565 ns   ; INPUT[2] ; ORDER[15] ; INPUT[0] ;
; N/A                                     ; None                                                ; 0.564 ns   ; INPUT[5] ; ORDER[14] ; INPUT[7] ;
; N/A                                     ; None                                                ; 0.557 ns   ; INPUT[0] ; ORDER[13] ; INPUT[1] ;
; N/A                                     ; None                                                ; 0.552 ns   ; INPUT[7] ; ORDER[10] ; INPUT[5] ;
; N/A                                     ; None                                                ; 0.551 ns   ; INPUT[4] ; ORDER[12] ; INPUT[6] ;
; N/A                                     ; None                                                ; 0.550 ns   ; INPUT[5] ; ORDER[15] ; INPUT[4] ;
; N/A                                     ; None                                                ; 0.541 ns   ; INPUT[4] ; ORDER[14] ; INPUT[4] ;
; N/A                                     ; None                                                ; 0.539 ns   ; INPUT[1] ; ORDER[13] ; INPUT[2] ;
; N/A                                     ; None                                                ; 0.532 ns   ; INPUT[0] ; ORDER[14] ; INPUT[2] ;
; N/A                                     ; None                                                ; 0.530 ns   ; INPUT[7] ; ORDER[10] ; INPUT[6] ;
; N/A                                     ; None                                                ; 0.521 ns   ; INPUT[7] ; ORDER[12] ; INPUT[5] ;
; N/A                                     ; None                                                ; 0.520 ns   ; INPUT[4] ; ORDER[10] ; INPUT[4] ;
; N/A                                     ; None                                                ; 0.504 ns   ; INPUT[4] ; ORDER[15] ; INPUT[5] ;
; N/A                                     ; None                                                ; 0.499 ns   ; INPUT[7] ; ORDER[12] ; INPUT[6] ;
; N/A                                     ; None                                                ; 0.496 ns   ; INPUT[5] ; ORDER[10] ; INPUT[5] ;
; N/A                                     ; None                                                ; 0.492 ns   ; INPUT[4] ; ORDER[12] ; INPUT[4] ;
; N/A                                     ; None                                                ; 0.484 ns   ; INPUT[5] ; ORDER[12] ; INPUT[5] ;
; N/A                                     ; None                                                ; 0.483 ns   ; INPUT[3] ; ORDER[13] ; INPUT[0] ;
; N/A                                     ; None                                                ; 0.482 ns   ; INPUT[4] ; ORDER[15] ; INPUT[6] ;
; N/A                                     ; None                                                ; 0.474 ns   ; INPUT[5] ; ORDER[10] ; INPUT[6] ;
; N/A                                     ; None                                                ; 0.471 ns   ; INPUT[7] ; ORDER[10] ; INPUT[4] ;
; N/A                                     ; None                                                ; 0.465 ns   ; INPUT[0] ; ORDER[5]  ; INPUT[5] ;
; N/A                                     ; None                                                ; 0.462 ns   ; INPUT[5] ; ORDER[12] ; INPUT[6] ;
; N/A                                     ; None                                                ; 0.446 ns   ; INPUT[5] ; ORDER[15] ; INPUT[7] ;
; N/A                                     ; None                                                ; 0.443 ns   ; INPUT[0] ; ORDER[5]  ; INPUT[6] ;
; N/A                                     ; None                                                ; 0.440 ns   ; INPUT[7] ; ORDER[12] ; INPUT[4] ;
; N/A                                     ; None                                                ; 0.437 ns   ; INPUT[4] ; ORDER[14] ; INPUT[7] ;
; N/A                                     ; None                                                ; 0.423 ns   ; INPUT[4] ; ORDER[15] ; INPUT[4] ;
; N/A                                     ; None                                                ; 0.416 ns   ; INPUT[4] ; ORDER[10] ; INPUT[7] ;
; N/A                                     ; None                                                ; 0.415 ns   ; INPUT[5] ; ORDER[10] ; INPUT[4] ;
; N/A                                     ; None                                                ; 0.403 ns   ; INPUT[5] ; ORDER[12] ; INPUT[4] ;
; N/A                                     ; None                                                ; 0.397 ns   ; INPUT[0] ; ORDER[13] ; INPUT[2] ;
; N/A                                     ; None                                                ; 0.388 ns   ; INPUT[4] ; ORDER[12] ; INPUT[7] ;
; N/A                                     ; None                                                ; 0.384 ns   ; INPUT[0] ; ORDER[5]  ; INPUT[4] ;
; N/A                                     ; None                                                ; 0.378 ns   ; INPUT[2] ; ORDER[15] ; INPUT[3] ;
; N/A                                     ; None                                                ; 0.367 ns   ; INPUT[7] ; ORDER[10] ; INPUT[7] ;
; N/A                                     ; None                                                ; 0.343 ns   ; INPUT[0] ; ORDER[15] ; INPUT[5] ;
; N/A                                     ; None                                                ; 0.336 ns   ; INPUT[7] ; ORDER[12] ; INPUT[7] ;
; N/A                                     ; None                                                ; 0.321 ns   ; INPUT[0] ; ORDER[15] ; INPUT[6] ;
; N/A                                     ; None                                                ; 0.319 ns   ; INPUT[4] ; ORDER[15] ; INPUT[7] ;
; N/A                                     ; None                                                ; 0.314 ns   ; INPUT[2] ; ORDER[13] ; INPUT[1] ;
; N/A                                     ; None                                                ; 0.311 ns   ; INPUT[5] ; ORDER[10] ; INPUT[7] ;
; N/A                                     ; None                                                ; 0.299 ns   ; INPUT[5] ; ORDER[12] ; INPUT[7] ;
; N/A                                     ; None                                                ; 0.296 ns   ; INPUT[3] ; ORDER[13] ; INPUT[3] ;
; N/A                                     ; None                                                ; 0.288 ns   ; INPUT[4] ; ORDER[3]  ; INPUT[5] ;
; N/A                                     ; None                                                ; 0.280 ns   ; INPUT[0] ; ORDER[5]  ; INPUT[7] ;
; N/A                                     ; None                                                ; 0.266 ns   ; INPUT[4] ; ORDER[3]  ; INPUT[6] ;
; N/A                                     ; None                                                ; 0.264 ns   ; INPUT[4] ; ORDER[2]  ; INPUT[5] ;
; N/A                                     ; None                                                ; 0.262 ns   ; INPUT[0] ; ORDER[15] ; INPUT[4] ;
; N/A                                     ; None                                                ; 0.242 ns   ; INPUT[4] ; ORDER[2]  ; INPUT[6] ;
; N/A                                     ; None                                                ; 0.241 ns   ; INPUT[7] ; ORDER[3]  ; INPUT[5] ;
; N/A                                     ; None                                                ; 0.219 ns   ; INPUT[7] ; ORDER[3]  ; INPUT[6] ;
; N/A                                     ; None                                                ; 0.219 ns   ; INPUT[7] ; ORDER[2]  ; INPUT[5] ;
; N/A                                     ; None                                                ; 0.207 ns   ; INPUT[4] ; ORDER[3]  ; INPUT[4] ;
; N/A                                     ; None                                                ; 0.197 ns   ; INPUT[7] ; ORDER[2]  ; INPUT[6] ;
; N/A                                     ; None                                                ; 0.196 ns   ; INPUT[5] ; ORDER[3]  ; INPUT[5] ;
; N/A                                     ; None                                                ; 0.183 ns   ; INPUT[4] ; ORDER[2]  ; INPUT[4] ;
; N/A                                     ; None                                                ; 0.174 ns   ; INPUT[5] ; ORDER[3]  ; INPUT[6] ;
; N/A                                     ; None                                                ; 0.169 ns   ; INPUT[5] ; ORDER[2]  ; INPUT[5] ;
; N/A                                     ; None                                                ; 0.160 ns   ; INPUT[7] ; ORDER[3]  ; INPUT[4] ;
; N/A                                     ; None                                                ; 0.158 ns   ; INPUT[0] ; ORDER[15] ; INPUT[7] ;
; N/A                                     ; None                                                ; 0.154 ns   ; INPUT[2] ; ORDER[13] ; INPUT[2] ;
; N/A                                     ; None                                                ; 0.147 ns   ; INPUT[5] ; ORDER[2]  ; INPUT[6] ;
; N/A                                     ; None                                                ; 0.138 ns   ; INPUT[7] ; ORDER[2]  ; INPUT[4] ;
; N/A                                     ; None                                                ; 0.136 ns   ; INPUT[6] ; ORDER[10] ; INPUT[0] ;
; N/A                                     ; None                                                ; 0.121 ns   ; INPUT[6] ; ORDER[12] ; INPUT[0] ;
; N/A                                     ; None                                                ; 0.115 ns   ; INPUT[5] ; ORDER[3]  ; INPUT[4] ;
; N/A                                     ; None                                                ; 0.105 ns   ; INPUT[1] ; ORDER[4]  ; INPUT[1] ;
; N/A                                     ; None                                                ; 0.103 ns   ; INPUT[4] ; ORDER[3]  ; INPUT[7] ;
; N/A                                     ; None                                                ; 0.097 ns   ; INPUT[1] ; ORDER[5]  ; INPUT[0] ;
; N/A                                     ; None                                                ; 0.088 ns   ; INPUT[5] ; ORDER[2]  ; INPUT[4] ;
; N/A                                     ; None                                                ; 0.079 ns   ; INPUT[4] ; ORDER[2]  ; INPUT[7] ;
; N/A                                     ; None                                                ; 0.065 ns   ; INPUT[7] ; ORDER[14] ; INPUT[0] ;
; N/A                                     ; None                                                ; 0.056 ns   ; INPUT[7] ; ORDER[3]  ; INPUT[7] ;
; N/A                                     ; None                                                ; 0.034 ns   ; INPUT[7] ; ORDER[2]  ; INPUT[7] ;
; N/A                                     ; None                                                ; 0.017 ns   ; INPUT[6] ; ORDER[11] ; INPUT[5] ;
; N/A                                     ; None                                                ; 0.011 ns   ; INPUT[5] ; ORDER[3]  ; INPUT[7] ;
; N/A                                     ; None                                                ; 0.006 ns   ; INPUT[6] ; ORDER[9]  ; INPUT[5] ;
; N/A                                     ; None                                                ; -0.005 ns  ; INPUT[6] ; ORDER[11] ; INPUT[6] ;
; N/A                                     ; None                                                ; -0.016 ns  ; INPUT[6] ; ORDER[9]  ; INPUT[6] ;
; N/A                                     ; None                                                ; -0.016 ns  ; INPUT[5] ; ORDER[2]  ; INPUT[7] ;
; N/A                                     ; None                                                ; -0.023 ns  ; INPUT[6] ; ORDER[14] ; INPUT[1] ;
; N/A                                     ; None                                                ; -0.051 ns  ; INPUT[6] ; ORDER[10] ; INPUT[3] ;
; N/A                                     ; None                                                ; -0.053 ns  ; INPUT[7] ; ORDER[15] ; INPUT[0] ;
; Timing analysis restricted to 200 rows. ; To change the limit use Settings (Assignments menu) ;            ;          ;           ;          ;
+-----------------------------------------+-----------------------------------------------------+------------+----------+-----------+----------+


+-------------------------------------------------------------------+
; tco                                                               ;
+-------+--------------+------------+-----------+------+------------+
; Slack ; Required tco ; Actual tco ; From      ; To   ; From Clock ;
+-------+--------------+------------+-----------+------+------------+
; N/A   ; None         ; 20.375 ns  ; ORDER[6]  ; JMP  ; INPUT[6]   ;
; N/A   ; None         ; 20.371 ns  ; ORDER[5]  ; JZ   ; INPUT[6]   ;
; N/A   ; None         ; 20.318 ns  ; ORDER[14] ; MOV1 ; INPUT[6]   ;
; N/A   ; None         ; 20.170 ns  ; ORDER[10] ; AND0 ; INPUT[6]   ;
; N/A   ; None         ; 20.110 ns  ; ORDER[0]  ; HALT ; INPUT[6]   ;
; N/A   ; None         ; 20.104 ns  ; ORDER[2]  ; OUT0 ; INPUT[6]   ;
; N/A   ; None         ; 19.743 ns  ; ORDER[8]  ; SHR  ; INPUT[6]   ;
; N/A   ; None         ; 19.613 ns  ; ORDER[6]  ; JMP  ; INPUT[2]   ;
; N/A   ; None         ; 19.609 ns  ; ORDER[5]  ; JZ   ; INPUT[2]   ;
; N/A   ; None         ; 19.562 ns  ; ORDER[6]  ; JMP  ; INPUT[7]   ;
; N/A   ; None         ; 19.558 ns  ; ORDER[5]  ; JZ   ; INPUT[7]   ;
; N/A   ; None         ; 19.556 ns  ; ORDER[14] ; MOV1 ; INPUT[2]   ;
; N/A   ; None         ; 19.505 ns  ; ORDER[14] ; MOV1 ; INPUT[7]   ;
; N/A   ; None         ; 19.408 ns  ; ORDER[10] ; AND0 ; INPUT[2]   ;
; N/A   ; None         ; 19.357 ns  ; ORDER[10] ; AND0 ; INPUT[7]   ;
; N/A   ; None         ; 19.348 ns  ; ORDER[0]  ; HALT ; INPUT[2]   ;
; N/A   ; None         ; 19.342 ns  ; ORDER[2]  ; OUT0 ; INPUT[2]   ;
; N/A   ; None         ; 19.297 ns  ; ORDER[0]  ; HALT ; INPUT[7]   ;
; N/A   ; None         ; 19.291 ns  ; ORDER[2]  ; OUT0 ; INPUT[7]   ;
; N/A   ; None         ; 19.284 ns  ; ORDER[15] ; MOV0 ; INPUT[6]   ;
; N/A   ; None         ; 19.250 ns  ; ORDER[3]  ; IN0  ; INPUT[6]   ;
; N/A   ; None         ; 19.135 ns  ; ORDER[6]  ; JMP  ; INPUT[1]   ;
; N/A   ; None         ; 19.131 ns  ; ORDER[5]  ; JZ   ; INPUT[1]   ;
; N/A   ; None         ; 19.131 ns  ; ORDER[7]  ; SHL  ; INPUT[6]   ;
; N/A   ; None         ; 19.078 ns  ; ORDER[14] ; MOV1 ; INPUT[1]   ;
; N/A   ; None         ; 19.056 ns  ; ORDER[12] ; ADD  ; INPUT[6]   ;
; N/A   ; None         ; 18.981 ns  ; ORDER[8]  ; SHR  ; INPUT[2]   ;
; N/A   ; None         ; 18.930 ns  ; ORDER[8]  ; SHR  ; INPUT[7]   ;
; N/A   ; None         ; 18.930 ns  ; ORDER[10] ; AND0 ; INPUT[1]   ;
; N/A   ; None         ; 18.925 ns  ; ORDER[6]  ; JMP  ; INPUT[5]   ;
; N/A   ; None         ; 18.921 ns  ; ORDER[5]  ; JZ   ; INPUT[5]   ;
; N/A   ; None         ; 18.870 ns  ; ORDER[0]  ; HALT ; INPUT[1]   ;
; N/A   ; None         ; 18.868 ns  ; ORDER[14] ; MOV1 ; INPUT[5]   ;
; N/A   ; None         ; 18.867 ns  ; ORDER[4]  ; JC   ; INPUT[6]   ;
; N/A   ; None         ; 18.864 ns  ; ORDER[2]  ; OUT0 ; INPUT[1]   ;
; N/A   ; None         ; 18.798 ns  ; ORDER[6]  ; JMP  ; INPUT[4]   ;
; N/A   ; None         ; 18.794 ns  ; ORDER[5]  ; JZ   ; INPUT[4]   ;
; N/A   ; None         ; 18.777 ns  ; ORDER[1]  ; NOP  ; INPUT[6]   ;
; N/A   ; None         ; 18.741 ns  ; ORDER[14] ; MOV1 ; INPUT[4]   ;
; N/A   ; None         ; 18.739 ns  ; ORDER[6]  ; JMP  ; INPUT[3]   ;
; N/A   ; None         ; 18.735 ns  ; ORDER[5]  ; JZ   ; INPUT[3]   ;
; N/A   ; None         ; 18.720 ns  ; ORDER[10] ; AND0 ; INPUT[5]   ;
; N/A   ; None         ; 18.682 ns  ; ORDER[14] ; MOV1 ; INPUT[3]   ;
; N/A   ; None         ; 18.660 ns  ; ORDER[0]  ; HALT ; INPUT[5]   ;
; N/A   ; None         ; 18.654 ns  ; ORDER[2]  ; OUT0 ; INPUT[5]   ;
; N/A   ; None         ; 18.637 ns  ; ORDER[6]  ; JMP  ; INPUT[0]   ;
; N/A   ; None         ; 18.634 ns  ; ORDER[13] ; MOV2 ; INPUT[6]   ;
; N/A   ; None         ; 18.633 ns  ; ORDER[5]  ; JZ   ; INPUT[0]   ;
; N/A   ; None         ; 18.593 ns  ; ORDER[10] ; AND0 ; INPUT[4]   ;
; N/A   ; None         ; 18.580 ns  ; ORDER[14] ; MOV1 ; INPUT[0]   ;
; N/A   ; None         ; 18.534 ns  ; ORDER[10] ; AND0 ; INPUT[3]   ;
; N/A   ; None         ; 18.533 ns  ; ORDER[0]  ; HALT ; INPUT[4]   ;
; N/A   ; None         ; 18.527 ns  ; ORDER[2]  ; OUT0 ; INPUT[4]   ;
; N/A   ; None         ; 18.522 ns  ; ORDER[15] ; MOV0 ; INPUT[2]   ;
; N/A   ; None         ; 18.510 ns  ; ORDER[11] ; SUB  ; INPUT[6]   ;
; N/A   ; None         ; 18.503 ns  ; ORDER[8]  ; SHR  ; INPUT[1]   ;
; N/A   ; None         ; 18.488 ns  ; ORDER[3]  ; IN0  ; INPUT[2]   ;
; N/A   ; None         ; 18.474 ns  ; ORDER[0]  ; HALT ; INPUT[3]   ;
; N/A   ; None         ; 18.471 ns  ; ORDER[15] ; MOV0 ; INPUT[7]   ;
; N/A   ; None         ; 18.468 ns  ; ORDER[2]  ; OUT0 ; INPUT[3]   ;
; N/A   ; None         ; 18.437 ns  ; ORDER[3]  ; IN0  ; INPUT[7]   ;
; N/A   ; None         ; 18.432 ns  ; ORDER[10] ; AND0 ; INPUT[0]   ;
; N/A   ; None         ; 18.372 ns  ; ORDER[0]  ; HALT ; INPUT[0]   ;
; N/A   ; None         ; 18.369 ns  ; ORDER[7]  ; SHL  ; INPUT[2]   ;
; N/A   ; None         ; 18.366 ns  ; ORDER[2]  ; OUT0 ; INPUT[0]   ;
; N/A   ; None         ; 18.344 ns  ; ORDER[9]  ; NOT0 ; INPUT[6]   ;
; N/A   ; None         ; 18.318 ns  ; ORDER[7]  ; SHL  ; INPUT[7]   ;
; N/A   ; None         ; 18.294 ns  ; ORDER[12] ; ADD  ; INPUT[2]   ;
; N/A   ; None         ; 18.293 ns  ; ORDER[8]  ; SHR  ; INPUT[5]   ;
; N/A   ; None         ; 18.243 ns  ; ORDER[12] ; ADD  ; INPUT[7]   ;
; N/A   ; None         ; 18.166 ns  ; ORDER[8]  ; SHR  ; INPUT[4]   ;
; N/A   ; None         ; 18.107 ns  ; ORDER[8]  ; SHR  ; INPUT[3]   ;
; N/A   ; None         ; 18.105 ns  ; ORDER[4]  ; JC   ; INPUT[2]   ;
; N/A   ; None         ; 18.054 ns  ; ORDER[4]  ; JC   ; INPUT[7]   ;
; N/A   ; None         ; 18.044 ns  ; ORDER[15] ; MOV0 ; INPUT[1]   ;
; N/A   ; None         ; 18.015 ns  ; ORDER[1]  ; NOP  ; INPUT[2]   ;
; N/A   ; None         ; 18.010 ns  ; ORDER[3]  ; IN0  ; INPUT[1]   ;
; N/A   ; None         ; 18.005 ns  ; ORDER[8]  ; SHR  ; INPUT[0]   ;
; N/A   ; None         ; 17.964 ns  ; ORDER[1]  ; NOP  ; INPUT[7]   ;
; N/A   ; None         ; 17.891 ns  ; ORDER[7]  ; SHL  ; INPUT[1]   ;
; N/A   ; None         ; 17.872 ns  ; ORDER[13] ; MOV2 ; INPUT[2]   ;
; N/A   ; None         ; 17.834 ns  ; ORDER[15] ; MOV0 ; INPUT[5]   ;
; N/A   ; None         ; 17.821 ns  ; ORDER[13] ; MOV2 ; INPUT[7]   ;
; N/A   ; None         ; 17.816 ns  ; ORDER[12] ; ADD  ; INPUT[1]   ;
; N/A   ; None         ; 17.800 ns  ; ORDER[3]  ; IN0  ; INPUT[5]   ;
; N/A   ; None         ; 17.748 ns  ; ORDER[11] ; SUB  ; INPUT[2]   ;
; N/A   ; None         ; 17.707 ns  ; ORDER[15] ; MOV0 ; INPUT[4]   ;
; N/A   ; None         ; 17.697 ns  ; ORDER[11] ; SUB  ; INPUT[7]   ;
; N/A   ; None         ; 17.681 ns  ; ORDER[7]  ; SHL  ; INPUT[5]   ;
; N/A   ; None         ; 17.673 ns  ; ORDER[3]  ; IN0  ; INPUT[4]   ;
; N/A   ; None         ; 17.648 ns  ; ORDER[15] ; MOV0 ; INPUT[3]   ;
; N/A   ; None         ; 17.627 ns  ; ORDER[4]  ; JC   ; INPUT[1]   ;
; N/A   ; None         ; 17.614 ns  ; ORDER[3]  ; IN0  ; INPUT[3]   ;
; N/A   ; None         ; 17.606 ns  ; ORDER[12] ; ADD  ; INPUT[5]   ;
; N/A   ; None         ; 17.582 ns  ; ORDER[9]  ; NOT0 ; INPUT[2]   ;
; N/A   ; None         ; 17.554 ns  ; ORDER[7]  ; SHL  ; INPUT[4]   ;
; N/A   ; None         ; 17.546 ns  ; ORDER[15] ; MOV0 ; INPUT[0]   ;
; N/A   ; None         ; 17.537 ns  ; ORDER[1]  ; NOP  ; INPUT[1]   ;
; N/A   ; None         ; 17.531 ns  ; ORDER[9]  ; NOT0 ; INPUT[7]   ;
; N/A   ; None         ; 17.512 ns  ; ORDER[3]  ; IN0  ; INPUT[0]   ;
; N/A   ; None         ; 17.495 ns  ; ORDER[7]  ; SHL  ; INPUT[3]   ;
; N/A   ; None         ; 17.479 ns  ; ORDER[12] ; ADD  ; INPUT[4]   ;
; N/A   ; None         ; 17.420 ns  ; ORDER[12] ; ADD  ; INPUT[3]   ;
; N/A   ; None         ; 17.417 ns  ; ORDER[4]  ; JC   ; INPUT[5]   ;
; N/A   ; None         ; 17.394 ns  ; ORDER[13] ; MOV2 ; INPUT[1]   ;
; N/A   ; None         ; 17.393 ns  ; ORDER[7]  ; SHL  ; INPUT[0]   ;
; N/A   ; None         ; 17.327 ns  ; ORDER[1]  ; NOP  ; INPUT[5]   ;
; N/A   ; None         ; 17.318 ns  ; ORDER[12] ; ADD  ; INPUT[0]   ;
; N/A   ; None         ; 17.290 ns  ; ORDER[4]  ; JC   ; INPUT[4]   ;
; N/A   ; None         ; 17.270 ns  ; ORDER[11] ; SUB  ; INPUT[1]   ;
; N/A   ; None         ; 17.231 ns  ; ORDER[4]  ; JC   ; INPUT[3]   ;
; N/A   ; None         ; 17.200 ns  ; ORDER[1]  ; NOP  ; INPUT[4]   ;
; N/A   ; None         ; 17.184 ns  ; ORDER[13] ; MOV2 ; INPUT[5]   ;
; N/A   ; None         ; 17.141 ns  ; ORDER[1]  ; NOP  ; INPUT[3]   ;
; N/A   ; None         ; 17.129 ns  ; ORDER[4]  ; JC   ; INPUT[0]   ;
; N/A   ; None         ; 17.104 ns  ; ORDER[9]  ; NOT0 ; INPUT[1]   ;
; N/A   ; None         ; 17.060 ns  ; ORDER[11] ; SUB  ; INPUT[5]   ;
; N/A   ; None         ; 17.057 ns  ; ORDER[13] ; MOV2 ; INPUT[4]   ;
; N/A   ; None         ; 17.039 ns  ; ORDER[1]  ; NOP  ; INPUT[0]   ;
; N/A   ; None         ; 16.998 ns  ; ORDER[13] ; MOV2 ; INPUT[3]   ;
; N/A   ; None         ; 16.933 ns  ; ORDER[11] ; SUB  ; INPUT[4]   ;
; N/A   ; None         ; 16.896 ns  ; ORDER[13] ; MOV2 ; INPUT[0]   ;
; N/A   ; None         ; 16.894 ns  ; ORDER[9]  ; NOT0 ; INPUT[5]   ;
; N/A   ; None         ; 16.874 ns  ; ORDER[11] ; SUB  ; INPUT[3]   ;
; N/A   ; None         ; 16.772 ns  ; ORDER[11] ; SUB  ; INPUT[0]   ;
; N/A   ; None         ; 16.767 ns  ; ORDER[9]  ; NOT0 ; INPUT[4]   ;
; N/A   ; None         ; 16.708 ns  ; ORDER[9]  ; NOT0 ; INPUT[3]   ;
; N/A   ; None         ; 16.606 ns  ; ORDER[9]  ; NOT0 ; INPUT[0]   ;
+-------+--------------+------------+-----------+------+------------+


+---------------------------------------------------------------------------------------------------------------------------------------------+
; th                                                                                                                                          ;
+-----------------------------------------+-----------------------------------------------------+-----------+----------+-----------+----------+
; Minimum Slack                           ; Required th                                         ; Actual th ; From     ; To        ; To Clock ;
+-----------------------------------------+-----------------------------------------------------+-----------+----------+-----------+----------+
; N/A                                     ; None                                                ; 9.576 ns  ; INPUT[0] ; ORDER[6]  ; INPUT[6] ;
; N/A                                     ; None                                                ; 9.520 ns  ; INPUT[4] ; ORDER[4]  ; INPUT[6] ;
; N/A                                     ; None                                                ; 9.394 ns  ; INPUT[5] ; ORDER[4]  ; INPUT[6] ;
; N/A                                     ; None                                                ; 9.314 ns  ; INPUT[4] ; ORDER[5]  ; INPUT[6] ;
; N/A                                     ; None                                                ; 9.290 ns  ; INPUT[4] ; ORDER[6]  ; INPUT[6] ;
; N/A                                     ; None                                                ; 9.188 ns  ; INPUT[5] ; ORDER[5]  ; INPUT[6] ;
; N/A                                     ; None                                                ; 9.164 ns  ; INPUT[5] ; ORDER[6]  ; INPUT[6] ;
; N/A                                     ; None                                                ; 9.046 ns  ; INPUT[0] ; ORDER[1]  ; INPUT[6] ;
; N/A                                     ; None                                                ; 9.019 ns  ; INPUT[0] ; ORDER[0]  ; INPUT[6] ;
; N/A                                     ; None                                                ; 8.984 ns  ; INPUT[0] ; ORDER[8]  ; INPUT[6] ;
; N/A                                     ; None                                                ; 8.900 ns  ; INPUT[4] ; ORDER[13] ; INPUT[6] ;
; N/A                                     ; None                                                ; 8.859 ns  ; INPUT[3] ; ORDER[1]  ; INPUT[6] ;
; N/A                                     ; None                                                ; 8.823 ns  ; INPUT[4] ; ORDER[8]  ; INPUT[6] ;
; N/A                                     ; None                                                ; 8.814 ns  ; INPUT[0] ; ORDER[6]  ; INPUT[2] ;
; N/A                                     ; None                                                ; 8.798 ns  ; INPUT[6] ; ORDER[0]  ; INPUT[6] ;
; N/A                                     ; None                                                ; 8.773 ns  ; INPUT[5] ; ORDER[13] ; INPUT[6] ;
; N/A                                     ; None                                                ; 8.763 ns  ; INPUT[0] ; ORDER[6]  ; INPUT[7] ;
; N/A                                     ; None                                                ; 8.759 ns  ; INPUT[7] ; ORDER[4]  ; INPUT[6] ;
; N/A                                     ; None                                                ; 8.758 ns  ; INPUT[4] ; ORDER[4]  ; INPUT[2] ;
; N/A                                     ; None                                                ; 8.733 ns  ; INPUT[0] ; ORDER[7]  ; INPUT[6] ;
; N/A                                     ; None                                                ; 8.707 ns  ; INPUT[4] ; ORDER[4]  ; INPUT[7] ;
; N/A                                     ; None                                                ; 8.696 ns  ; INPUT[5] ; ORDER[8]  ; INPUT[6] ;
; N/A                                     ; None                                                ; 8.638 ns  ; INPUT[1] ; ORDER[6]  ; INPUT[6] ;
; N/A                                     ; None                                                ; 8.632 ns  ; INPUT[5] ; ORDER[4]  ; INPUT[2] ;
; N/A                                     ; None                                                ; 8.627 ns  ; INPUT[5] ; ORDER[0]  ; INPUT[6] ;
; N/A                                     ; None                                                ; 8.581 ns  ; INPUT[5] ; ORDER[4]  ; INPUT[7] ;
; N/A                                     ; None                                                ; 8.565 ns  ; INPUT[4] ; ORDER[7]  ; INPUT[6] ;
; N/A                                     ; None                                                ; 8.553 ns  ; INPUT[7] ; ORDER[5]  ; INPUT[6] ;
; N/A                                     ; None                                                ; 8.552 ns  ; INPUT[4] ; ORDER[5]  ; INPUT[2] ;
; N/A                                     ; None                                                ; 8.529 ns  ; INPUT[7] ; ORDER[6]  ; INPUT[6] ;
; N/A                                     ; None                                                ; 8.528 ns  ; INPUT[6] ; ORDER[1]  ; INPUT[6] ;
; N/A                                     ; None                                                ; 8.528 ns  ; INPUT[4] ; ORDER[6]  ; INPUT[2] ;
; N/A                                     ; None                                                ; 8.501 ns  ; INPUT[4] ; ORDER[5]  ; INPUT[7] ;
; N/A                                     ; None                                                ; 8.500 ns  ; INPUT[3] ; ORDER[6]  ; INPUT[6] ;
; N/A                                     ; None                                                ; 8.486 ns  ; INPUT[1] ; ORDER[8]  ; INPUT[6] ;
; N/A                                     ; None                                                ; 8.477 ns  ; INPUT[4] ; ORDER[6]  ; INPUT[7] ;
; N/A                                     ; None                                                ; 8.439 ns  ; INPUT[7] ; ORDER[0]  ; INPUT[6] ;
; N/A                                     ; None                                                ; 8.438 ns  ; INPUT[5] ; ORDER[7]  ; INPUT[6] ;
; N/A                                     ; None                                                ; 8.426 ns  ; INPUT[5] ; ORDER[5]  ; INPUT[2] ;
; N/A                                     ; None                                                ; 8.406 ns  ; INPUT[4] ; ORDER[0]  ; INPUT[6] ;
; N/A                                     ; None                                                ; 8.402 ns  ; INPUT[5] ; ORDER[6]  ; INPUT[2] ;
; N/A                                     ; None                                                ; 8.375 ns  ; INPUT[5] ; ORDER[5]  ; INPUT[7] ;
; N/A                                     ; None                                                ; 8.368 ns  ; INPUT[3] ; ORDER[4]  ; INPUT[6] ;
; N/A                                     ; None                                                ; 8.356 ns  ; INPUT[5] ; ORDER[1]  ; INPUT[6] ;
; N/A                                     ; None                                                ; 8.351 ns  ; INPUT[5] ; ORDER[6]  ; INPUT[7] ;
; N/A                                     ; None                                                ; 8.336 ns  ; INPUT[0] ; ORDER[6]  ; INPUT[1] ;
; N/A                                     ; None                                                ; 8.328 ns  ; INPUT[0] ; ORDER[15] ; INPUT[6] ;
; N/A                                     ; None                                                ; 8.297 ns  ; INPUT[1] ; ORDER[7]  ; INPUT[6] ;
; N/A                                     ; None                                                ; 8.296 ns  ; INPUT[1] ; ORDER[0]  ; INPUT[6] ;
; N/A                                     ; None                                                ; 8.284 ns  ; INPUT[0] ; ORDER[1]  ; INPUT[2] ;
; N/A                                     ; None                                                ; 8.280 ns  ; INPUT[4] ; ORDER[4]  ; INPUT[1] ;
; N/A                                     ; None                                                ; 8.257 ns  ; INPUT[0] ; ORDER[0]  ; INPUT[2] ;
; N/A                                     ; None                                                ; 8.233 ns  ; INPUT[0] ; ORDER[1]  ; INPUT[7] ;
; N/A                                     ; None                                                ; 8.223 ns  ; INPUT[6] ; ORDER[13] ; INPUT[6] ;
; N/A                                     ; None                                                ; 8.222 ns  ; INPUT[0] ; ORDER[8]  ; INPUT[2] ;
; N/A                                     ; None                                                ; 8.206 ns  ; INPUT[0] ; ORDER[0]  ; INPUT[7] ;
; N/A                                     ; None                                                ; 8.171 ns  ; INPUT[0] ; ORDER[8]  ; INPUT[7] ;
; N/A                                     ; None                                                ; 8.168 ns  ; INPUT[7] ; ORDER[1]  ; INPUT[6] ;
; N/A                                     ; None                                                ; 8.154 ns  ; INPUT[5] ; ORDER[4]  ; INPUT[1] ;
; N/A                                     ; None                                                ; 8.145 ns  ; INPUT[1] ; ORDER[1]  ; INPUT[6] ;
; N/A                                     ; None                                                ; 8.141 ns  ; INPUT[3] ; ORDER[15] ; INPUT[6] ;
; N/A                                     ; None                                                ; 8.138 ns  ; INPUT[4] ; ORDER[13] ; INPUT[2] ;
; N/A                                     ; None                                                ; 8.136 ns  ; INPUT[7] ; ORDER[13] ; INPUT[6] ;
; N/A                                     ; None                                                ; 8.134 ns  ; INPUT[4] ; ORDER[1]  ; INPUT[6] ;
; N/A                                     ; None                                                ; 8.126 ns  ; INPUT[0] ; ORDER[6]  ; INPUT[5] ;
; N/A                                     ; None                                                ; 8.114 ns  ; INPUT[3] ; ORDER[5]  ; INPUT[6] ;
; N/A                                     ; None                                                ; 8.097 ns  ; INPUT[3] ; ORDER[1]  ; INPUT[2] ;
; N/A                                     ; None                                                ; 8.097 ns  ; INPUT[3] ; ORDER[0]  ; INPUT[6] ;
; N/A                                     ; None                                                ; 8.087 ns  ; INPUT[4] ; ORDER[13] ; INPUT[7] ;
; N/A                                     ; None                                                ; 8.074 ns  ; INPUT[4] ; ORDER[5]  ; INPUT[1] ;
; N/A                                     ; None                                                ; 8.070 ns  ; INPUT[4] ; ORDER[4]  ; INPUT[5] ;
; N/A                                     ; None                                                ; 8.061 ns  ; INPUT[4] ; ORDER[8]  ; INPUT[2] ;
; N/A                                     ; None                                                ; 8.059 ns  ; INPUT[7] ; ORDER[8]  ; INPUT[6] ;
; N/A                                     ; None                                                ; 8.050 ns  ; INPUT[4] ; ORDER[6]  ; INPUT[1] ;
; N/A                                     ; None                                                ; 8.046 ns  ; INPUT[3] ; ORDER[1]  ; INPUT[7] ;
; N/A                                     ; None                                                ; 8.036 ns  ; INPUT[6] ; ORDER[0]  ; INPUT[2] ;
; N/A                                     ; None                                                ; 8.011 ns  ; INPUT[5] ; ORDER[13] ; INPUT[2] ;
; N/A                                     ; None                                                ; 8.010 ns  ; INPUT[4] ; ORDER[8]  ; INPUT[7] ;
; N/A                                     ; None                                                ; 7.999 ns  ; INPUT[0] ; ORDER[6]  ; INPUT[4] ;
; N/A                                     ; None                                                ; 7.997 ns  ; INPUT[7] ; ORDER[4]  ; INPUT[2] ;
; N/A                                     ; None                                                ; 7.985 ns  ; INPUT[2] ; ORDER[1]  ; INPUT[6] ;
; N/A                                     ; None                                                ; 7.985 ns  ; INPUT[6] ; ORDER[0]  ; INPUT[7] ;
; N/A                                     ; None                                                ; 7.971 ns  ; INPUT[0] ; ORDER[7]  ; INPUT[2] ;
; N/A                                     ; None                                                ; 7.960 ns  ; INPUT[5] ; ORDER[13] ; INPUT[7] ;
; N/A                                     ; None                                                ; 7.948 ns  ; INPUT[5] ; ORDER[5]  ; INPUT[1] ;
; N/A                                     ; None                                                ; 7.946 ns  ; INPUT[7] ; ORDER[4]  ; INPUT[7] ;
; N/A                                     ; None                                                ; 7.944 ns  ; INPUT[5] ; ORDER[4]  ; INPUT[5] ;
; N/A                                     ; None                                                ; 7.943 ns  ; INPUT[4] ; ORDER[4]  ; INPUT[4] ;
; N/A                                     ; None                                                ; 7.941 ns  ; INPUT[6] ; ORDER[4]  ; INPUT[6] ;
; N/A                                     ; None                                                ; 7.940 ns  ; INPUT[0] ; ORDER[6]  ; INPUT[3] ;
; N/A                                     ; None                                                ; 7.934 ns  ; INPUT[5] ; ORDER[8]  ; INPUT[2] ;
; N/A                                     ; None                                                ; 7.924 ns  ; INPUT[5] ; ORDER[6]  ; INPUT[1] ;
; N/A                                     ; None                                                ; 7.920 ns  ; INPUT[0] ; ORDER[7]  ; INPUT[7] ;
; N/A                                     ; None                                                ; 7.884 ns  ; INPUT[4] ; ORDER[4]  ; INPUT[3] ;
; N/A                                     ; None                                                ; 7.883 ns  ; INPUT[5] ; ORDER[8]  ; INPUT[7] ;
; N/A                                     ; None                                                ; 7.876 ns  ; INPUT[1] ; ORDER[6]  ; INPUT[2] ;
; N/A                                     ; None                                                ; 7.865 ns  ; INPUT[5] ; ORDER[0]  ; INPUT[2] ;
; N/A                                     ; None                                                ; 7.864 ns  ; INPUT[4] ; ORDER[5]  ; INPUT[5] ;
; N/A                                     ; None                                                ; 7.840 ns  ; INPUT[4] ; ORDER[6]  ; INPUT[5] ;
; N/A                                     ; None                                                ; 7.838 ns  ; INPUT[0] ; ORDER[6]  ; INPUT[0] ;
; N/A                                     ; None                                                ; 7.825 ns  ; INPUT[1] ; ORDER[6]  ; INPUT[7] ;
; N/A                                     ; None                                                ; 7.817 ns  ; INPUT[5] ; ORDER[4]  ; INPUT[4] ;
; N/A                                     ; None                                                ; 7.814 ns  ; INPUT[5] ; ORDER[0]  ; INPUT[7] ;
; N/A                                     ; None                                                ; 7.810 ns  ; INPUT[6] ; ORDER[15] ; INPUT[6] ;
; N/A                                     ; None                                                ; 7.806 ns  ; INPUT[0] ; ORDER[1]  ; INPUT[1] ;
; N/A                                     ; None                                                ; 7.803 ns  ; INPUT[4] ; ORDER[7]  ; INPUT[2] ;
; N/A                                     ; None                                                ; 7.801 ns  ; INPUT[7] ; ORDER[7]  ; INPUT[6] ;
; N/A                                     ; None                                                ; 7.794 ns  ; INPUT[0] ; ORDER[14] ; INPUT[6] ;
; N/A                                     ; None                                                ; 7.791 ns  ; INPUT[7] ; ORDER[5]  ; INPUT[2] ;
; N/A                                     ; None                                                ; 7.782 ns  ; INPUT[4] ; ORDER[4]  ; INPUT[0] ;
; N/A                                     ; None                                                ; 7.779 ns  ; INPUT[0] ; ORDER[0]  ; INPUT[1] ;
; N/A                                     ; None                                                ; 7.767 ns  ; INPUT[7] ; ORDER[6]  ; INPUT[2] ;
; N/A                                     ; None                                                ; 7.766 ns  ; INPUT[6] ; ORDER[1]  ; INPUT[2] ;
; N/A                                     ; None                                                ; 7.758 ns  ; INPUT[5] ; ORDER[4]  ; INPUT[3] ;
; N/A                                     ; None                                                ; 7.752 ns  ; INPUT[4] ; ORDER[7]  ; INPUT[7] ;
; N/A                                     ; None                                                ; 7.744 ns  ; INPUT[0] ; ORDER[8]  ; INPUT[1] ;
; N/A                                     ; None                                                ; 7.740 ns  ; INPUT[7] ; ORDER[5]  ; INPUT[7] ;
; N/A                                     ; None                                                ; 7.738 ns  ; INPUT[3] ; ORDER[6]  ; INPUT[2] ;
; N/A                                     ; None                                                ; 7.738 ns  ; INPUT[5] ; ORDER[5]  ; INPUT[5] ;
; N/A                                     ; None                                                ; 7.737 ns  ; INPUT[4] ; ORDER[5]  ; INPUT[4] ;
; N/A                                     ; None                                                ; 7.735 ns  ; INPUT[6] ; ORDER[5]  ; INPUT[6] ;
; N/A                                     ; None                                                ; 7.724 ns  ; INPUT[1] ; ORDER[8]  ; INPUT[2] ;
; N/A                                     ; None                                                ; 7.716 ns  ; INPUT[7] ; ORDER[6]  ; INPUT[7] ;
; N/A                                     ; None                                                ; 7.715 ns  ; INPUT[6] ; ORDER[1]  ; INPUT[7] ;
; N/A                                     ; None                                                ; 7.714 ns  ; INPUT[5] ; ORDER[6]  ; INPUT[5] ;
; N/A                                     ; None                                                ; 7.713 ns  ; INPUT[4] ; ORDER[6]  ; INPUT[4] ;
; N/A                                     ; None                                                ; 7.711 ns  ; INPUT[6] ; ORDER[6]  ; INPUT[6] ;
; N/A                                     ; None                                                ; 7.687 ns  ; INPUT[3] ; ORDER[6]  ; INPUT[7] ;
; N/A                                     ; None                                                ; 7.678 ns  ; INPUT[4] ; ORDER[5]  ; INPUT[3] ;
; N/A                                     ; None                                                ; 7.677 ns  ; INPUT[7] ; ORDER[0]  ; INPUT[2] ;
; N/A                                     ; None                                                ; 7.676 ns  ; INPUT[5] ; ORDER[7]  ; INPUT[2] ;
; N/A                                     ; None                                                ; 7.673 ns  ; INPUT[1] ; ORDER[8]  ; INPUT[7] ;
; N/A                                     ; None                                                ; 7.660 ns  ; INPUT[4] ; ORDER[13] ; INPUT[1] ;
; N/A                                     ; None                                                ; 7.656 ns  ; INPUT[5] ; ORDER[4]  ; INPUT[0] ;
; N/A                                     ; None                                                ; 7.654 ns  ; INPUT[4] ; ORDER[6]  ; INPUT[3] ;
; N/A                                     ; None                                                ; 7.644 ns  ; INPUT[4] ; ORDER[0]  ; INPUT[2] ;
; N/A                                     ; None                                                ; 7.638 ns  ; INPUT[5] ; ORDER[15] ; INPUT[6] ;
; N/A                                     ; None                                                ; 7.626 ns  ; INPUT[2] ; ORDER[6]  ; INPUT[6] ;
; N/A                                     ; None                                                ; 7.626 ns  ; INPUT[7] ; ORDER[0]  ; INPUT[7] ;
; N/A                                     ; None                                                ; 7.625 ns  ; INPUT[5] ; ORDER[7]  ; INPUT[7] ;
; N/A                                     ; None                                                ; 7.619 ns  ; INPUT[3] ; ORDER[1]  ; INPUT[1] ;
; N/A                                     ; None                                                ; 7.611 ns  ; INPUT[5] ; ORDER[5]  ; INPUT[4] ;
; N/A                                     ; None                                                ; 7.606 ns  ; INPUT[3] ; ORDER[4]  ; INPUT[2] ;
; N/A                                     ; None                                                ; 7.596 ns  ; INPUT[0] ; ORDER[1]  ; INPUT[5] ;
; N/A                                     ; None                                                ; 7.594 ns  ; INPUT[5] ; ORDER[1]  ; INPUT[2] ;
; N/A                                     ; None                                                ; 7.593 ns  ; INPUT[4] ; ORDER[0]  ; INPUT[7] ;
; N/A                                     ; None                                                ; 7.587 ns  ; INPUT[5] ; ORDER[6]  ; INPUT[4] ;
; N/A                                     ; None                                                ; 7.583 ns  ; INPUT[4] ; ORDER[8]  ; INPUT[1] ;
; N/A                                     ; None                                                ; 7.576 ns  ; INPUT[4] ; ORDER[5]  ; INPUT[0] ;
; N/A                                     ; None                                                ; 7.569 ns  ; INPUT[0] ; ORDER[0]  ; INPUT[5] ;
; N/A                                     ; None                                                ; 7.566 ns  ; INPUT[0] ; ORDER[15] ; INPUT[2] ;
; N/A                                     ; None                                                ; 7.558 ns  ; INPUT[6] ; ORDER[0]  ; INPUT[1] ;
; N/A                                     ; None                                                ; 7.555 ns  ; INPUT[3] ; ORDER[4]  ; INPUT[7] ;
; N/A                                     ; None                                                ; 7.552 ns  ; INPUT[4] ; ORDER[6]  ; INPUT[0] ;
; N/A                                     ; None                                                ; 7.552 ns  ; INPUT[5] ; ORDER[5]  ; INPUT[3] ;
; N/A                                     ; None                                                ; 7.543 ns  ; INPUT[5] ; ORDER[1]  ; INPUT[7] ;
; N/A                                     ; None                                                ; 7.535 ns  ; INPUT[1] ; ORDER[7]  ; INPUT[2] ;
; N/A                                     ; None                                                ; 7.534 ns  ; INPUT[1] ; ORDER[0]  ; INPUT[2] ;
; N/A                                     ; None                                                ; 7.534 ns  ; INPUT[0] ; ORDER[8]  ; INPUT[5] ;
; N/A                                     ; None                                                ; 7.533 ns  ; INPUT[5] ; ORDER[13] ; INPUT[1] ;
; N/A                                     ; None                                                ; 7.528 ns  ; INPUT[5] ; ORDER[6]  ; INPUT[3] ;
; N/A                                     ; None                                                ; 7.519 ns  ; INPUT[7] ; ORDER[4]  ; INPUT[1] ;
; N/A                                     ; None                                                ; 7.515 ns  ; INPUT[0] ; ORDER[15] ; INPUT[7] ;
; N/A                                     ; None                                                ; 7.494 ns  ; INPUT[2] ; ORDER[4]  ; INPUT[6] ;
; N/A                                     ; None                                                ; 7.493 ns  ; INPUT[0] ; ORDER[7]  ; INPUT[1] ;
; N/A                                     ; None                                                ; 7.484 ns  ; INPUT[1] ; ORDER[7]  ; INPUT[7] ;
; N/A                                     ; None                                                ; 7.483 ns  ; INPUT[1] ; ORDER[0]  ; INPUT[7] ;
; N/A                                     ; None                                                ; 7.469 ns  ; INPUT[0] ; ORDER[1]  ; INPUT[4] ;
; N/A                                     ; None                                                ; 7.461 ns  ; INPUT[6] ; ORDER[13] ; INPUT[2] ;
; N/A                                     ; None                                                ; 7.456 ns  ; INPUT[5] ; ORDER[8]  ; INPUT[1] ;
; N/A                                     ; None                                                ; 7.450 ns  ; INPUT[4] ; ORDER[13] ; INPUT[5] ;
; N/A                                     ; None                                                ; 7.450 ns  ; INPUT[5] ; ORDER[5]  ; INPUT[0] ;
; N/A                                     ; None                                                ; 7.450 ns  ; INPUT[7] ; ORDER[15] ; INPUT[6] ;
; N/A                                     ; None                                                ; 7.442 ns  ; INPUT[0] ; ORDER[0]  ; INPUT[4] ;
; N/A                                     ; None                                                ; 7.427 ns  ; INPUT[1] ; ORDER[15] ; INPUT[6] ;
; N/A                                     ; None                                                ; 7.426 ns  ; INPUT[5] ; ORDER[6]  ; INPUT[0] ;
; N/A                                     ; None                                                ; 7.416 ns  ; INPUT[4] ; ORDER[15] ; INPUT[6] ;
; N/A                                     ; None                                                ; 7.410 ns  ; INPUT[0] ; ORDER[1]  ; INPUT[3] ;
; N/A                                     ; None                                                ; 7.410 ns  ; INPUT[6] ; ORDER[13] ; INPUT[7] ;
; N/A                                     ; None                                                ; 7.409 ns  ; INPUT[3] ; ORDER[1]  ; INPUT[5] ;
; N/A                                     ; None                                                ; 7.407 ns  ; INPUT[0] ; ORDER[8]  ; INPUT[4] ;
; N/A                                     ; None                                                ; 7.406 ns  ; INPUT[7] ; ORDER[1]  ; INPUT[2] ;
; N/A                                     ; None                                                ; 7.398 ns  ; INPUT[1] ; ORDER[6]  ; INPUT[1] ;
; N/A                                     ; None                                                ; 7.387 ns  ; INPUT[5] ; ORDER[0]  ; INPUT[1] ;
; N/A                                     ; None                                                ; 7.383 ns  ; INPUT[1] ; ORDER[1]  ; INPUT[2] ;
; N/A                                     ; None                                                ; 7.383 ns  ; INPUT[0] ; ORDER[0]  ; INPUT[3] ;
; N/A                                     ; None                                                ; 7.379 ns  ; INPUT[3] ; ORDER[15] ; INPUT[2] ;
; N/A                                     ; None                                                ; 7.377 ns  ; INPUT[1] ; ORDER[14] ; INPUT[6] ;
; N/A                                     ; None                                                ; 7.374 ns  ; INPUT[7] ; ORDER[13] ; INPUT[2] ;
; N/A                                     ; None                                                ; 7.373 ns  ; INPUT[4] ; ORDER[8]  ; INPUT[5] ;
; N/A                                     ; None                                                ; 7.372 ns  ; INPUT[4] ; ORDER[1]  ; INPUT[2] ;
; N/A                                     ; None                                                ; 7.367 ns  ; INPUT[5] ; ORDER[14] ; INPUT[6] ;
; N/A                                     ; None                                                ; 7.355 ns  ; INPUT[7] ; ORDER[1]  ; INPUT[7] ;
; N/A                                     ; None                                                ; 7.352 ns  ; INPUT[3] ; ORDER[5]  ; INPUT[2] ;
; N/A                                     ; None                                                ; 7.348 ns  ; INPUT[0] ; ORDER[8]  ; INPUT[3] ;
; N/A                                     ; None                                                ; 7.348 ns  ; INPUT[6] ; ORDER[0]  ; INPUT[5] ;
; N/A                                     ; None                                                ; 7.345 ns  ; INPUT[6] ; ORDER[14] ; INPUT[6] ;
; N/A                                     ; None                                                ; 7.335 ns  ; INPUT[3] ; ORDER[0]  ; INPUT[2] ;
; N/A                                     ; None                                                ; 7.332 ns  ; INPUT[1] ; ORDER[1]  ; INPUT[7] ;
; N/A                                     ; None                                                ; 7.328 ns  ; INPUT[3] ; ORDER[15] ; INPUT[7] ;
; Timing analysis restricted to 200 rows. ; To change the limit use Settings (Assignments menu) ;           ;          ;           ;          ;
+-----------------------------------------+-----------------------------------------------------+-----------+----------+-----------+----------+


+--------------------------+
; Timing Analyzer Messages ;
+--------------------------+
Info: *******************************************************************
Info: Running Quartus II Classic Timing Analyzer
    Info: Version 9.0 Build 184 04/29/2009 Service Pack 1 SJ Web Edition
    Info: Processing started: Sat Nov 02 18:49:40 2019
Info: Command: quartus_tan --read_settings_files=off --write_settings_files=off decoder_n_m -c decoder_n_m --timing_analysis_only
Warning: Timing Analysis is analyzing one or more combinational loops as latches
    Warning: Node "ORDER[15]" is a latch
    Warning: Node "ORDER[14]" is a latch
    Warning: Node "ORDER[13]" is a latch
    Warning: Node "ORDER[12]" is a latch
    Warning: Node "ORDER[11]" is a latch
    Warning: Node "ORDER[10]" is a latch
    Warning: Node "ORDER[9]" is a latch
    Warning: Node "ORDER[8]" is a latch
    Warning: Node "ORDER[7]" is a latch
    Warning: Node "ORDER[6]" is a latch
    Warning: Node "ORDER[5]" is a latch
    Warning: Node "ORDER[4]" is a latch
    Warning: Node "ORDER[3]" is a latch
    Warning: Node "ORDER[2]" is a latch
    Warning: Node "ORDER[1]" is a latch
    Warning: Node "ORDER[0]" is a latch
Warning: Found pins functioning as undefined clocks and/or memory enables
    Info: Assuming node "INPUT[7]" is a latch enable and/or memory write/read enable. Will not compute fmax for this pin.
    Info: Assuming node "INPUT[5]" is a latch enable and/or memory write/read enable. Will not compute fmax for this pin.
    Info: Assuming node "INPUT[4]" is a latch enable and/or memory write/read enable. Will not compute fmax for this pin.
    Info: Assuming node "INPUT[6]" is a latch enable and/or memory write/read enable. Will not compute fmax for this pin.
    Info: Assuming node "INPUT[2]" is a latch enable and/or memory write/read enable. Will not compute fmax for this pin.
    Info: Assuming node "INPUT[3]" is a latch enable and/or memory write/read enable. Will not compute fmax for this pin.
    Info: Assuming node "INPUT[0]" is a latch enable and/or memory write/read enable. Will not compute fmax for this pin.
    Info: Assuming node "INPUT[1]" is a latch enable and/or memory write/read enable. Will not compute fmax for this pin.
Warning: Found 13 node(s) in clock paths which may be acting as ripple and/or gated clocks -- node(s) analyzed as buffer(s) resulting in clock skew
    Info: Detected gated clock "Equal16~10" as buffer
    Info: Detected gated clock "process_0~3" as buffer
    Info: Detected gated clock "process_0~16" as buffer
    Info: Detected gated clock "Equal16~9" as buffer
    Info: Detected gated clock "process_0~15" as buffer
    Info: Detected gated clock "Equal16~8" as buffer
    Info: Detected gated clock "ORDER[13]~149" as buffer
    Info: Detected gated clock "process_0~14" as buffer
    Info: Detected gated clock "Equal16~7" as buffer
    Info: Detected gated clock "process_0~13" as buffer
    Info: Detected gated clock "ORDER[14]~143" as buffer
    Info: Detected gated clock "Equal16~6" as buffer
    Info: Detected gated clock "process_0~12" as buffer
Info: tsu for register "ORDER[14]" (data pin = "INPUT[1]", clock pin = "INPUT[5]") is 3.056 ns
    Info: + Longest pin to register delay is 11.445 ns
        Info: 1: + IC(0.000 ns) + CELL(1.469 ns) = 1.469 ns; Loc. = PIN_27; Fanout = 10; CLK Node = 'INPUT[1]'
        Info: 2: + IC(6.859 ns) + CELL(0.114 ns) = 8.442 ns; Loc. = LC_X19_Y2_N2; Fanout = 2; COMB Node = 'Equal12~0'
        Info: 3: + IC(1.249 ns) + CELL(0.114 ns) = 9.805 ns; Loc. = LC_X19_Y4_N0; Fanout = 1; COMB Node = 'ORDER[14]~148'
        Info: 4: + IC(1.526 ns) + CELL(0.114 ns) = 11.445 ns; Loc. = LC_X20_Y3_N4; Fanout = 1; REG Node = 'ORDER[14]'
        Info: Total cell delay = 1.811 ns ( 15.82 % )
        Info: Total interconnect delay = 9.634 ns ( 84.18 % )
    Info: + Micro setup delay of destination is 1.139 ns
    Info: - Shortest clock path from clock "INPUT[5]" to destination register is 9.528 ns
        Info: 1: + IC(0.000 ns) + CELL(1.469 ns) = 1.469 ns; Loc. = PIN_82; Fanout = 12; CLK Node = 'INPUT[5]'
        Info: 2: + IC(1.656 ns) + CELL(0.292 ns) = 3.417 ns; Loc. = LC_X20_Y4_N6; Fanout = 1; COMB Node = 'Equal16~10'
        Info: 3: + IC(0.424 ns) + CELL(0.114 ns) = 3.955 ns; Loc. = LC_X20_Y4_N2; Fanout = 16; COMB Node = 'ORDER[15]~129'
        Info: 4: + IC(5.281 ns) + CELL(0.292 ns) = 9.528 ns; Loc. = LC_X20_Y3_N4; Fanout = 1; REG Node = 'ORDER[14]'
        Info: Total cell delay = 2.167 ns ( 22.74 % )
        Info: Total interconnect delay = 7.361 ns ( 77.26 % )
Info: tco from clock "INPUT[6]" to destination pin "JMP" through register "ORDER[6]" is 20.375 ns
    Info: + Longest clock path from clock "INPUT[6]" to source register is 15.043 ns
        Info: 1: + IC(0.000 ns) + CELL(1.475 ns) = 1.475 ns; Loc. = PIN_61; Fanout = 12; CLK Node = 'INPUT[6]'
        Info: 2: + IC(1.987 ns) + CELL(0.590 ns) = 4.052 ns; Loc. = LC_X26_Y4_N5; Fanout = 3; COMB Node = 'Equal16~7'
        Info: 3: + IC(1.488 ns) + CELL(0.292 ns) = 5.832 ns; Loc. = LC_X20_Y4_N0; Fanout = 2; COMB Node = 'process_0~14'
        Info: 4: + IC(1.120 ns) + CELL(0.590 ns) = 7.542 ns; Loc. = LC_X19_Y4_N4; Fanout = 2; COMB Node = 'ORDER[14]~144'
        Info: 5: + IC(0.443 ns) + CELL(0.292 ns) = 8.277 ns; Loc. = LC_X19_Y4_N9; Fanout = 2; COMB Node = 'ORDER[15]~145'
        Info: 6: + IC(0.691 ns) + CELL(0.442 ns) = 9.410 ns; Loc. = LC_X20_Y4_N2; Fanout = 16; COMB Node = 'ORDER[15]~129'
        Info: 7: + IC(5.341 ns) + CELL(0.292 ns) = 15.043 ns; Loc. = LC_X20_Y3_N5; Fanout = 1; REG Node = 'ORDER[6]'
        Info: Total cell delay = 3.973 ns ( 26.41 % )
        Info: Total interconnect delay = 11.070 ns ( 73.59 % )
    Info: + Micro clock to output delay of source is 0.000 ns
    Info: + Longest register to pin delay is 5.332 ns
        Info: 1: + IC(0.000 ns) + CELL(0.000 ns) = 0.000 ns; Loc. = LC_X20_Y3_N5; Fanout = 1; REG Node = 'ORDER[6]'
        Info: 2: + IC(3.208 ns) + CELL(2.124 ns) = 5.332 ns; Loc. = PIN_34; Fanout = 0; PIN Node = 'JMP'
        Info: Total cell delay = 2.124 ns ( 39.83 % )
        Info: Total interconnect delay = 3.208 ns ( 60.17 % )
Info: th for register "ORDER[6]" (data pin = "INPUT[0]", clock pin = "INPUT[6]") is 9.576 ns
    Info: + Longest clock path from clock "INPUT[6]" to destination register is 15.043 ns
        Info: 1: + IC(0.000 ns) + CELL(1.475 ns) = 1.475 ns; Loc. = PIN_61; Fanout = 12; CLK Node = 'INPUT[6]'
        Info: 2: + IC(1.987 ns) + CELL(0.590 ns) = 4.052 ns; Loc. = LC_X26_Y4_N5; Fanout = 3; COMB Node = 'Equal16~7'
        Info: 3: + IC(1.488 ns) + CELL(0.292 ns) = 5.832 ns; Loc. = LC_X20_Y4_N0; Fanout = 2; COMB Node = 'process_0~14'
        Info: 4: + IC(1.120 ns) + CELL(0.590 ns) = 7.542 ns; Loc. = LC_X19_Y4_N4; Fanout = 2; COMB Node = 'ORDER[14]~144'
        Info: 5: + IC(0.443 ns) + CELL(0.292 ns) = 8.277 ns; Loc. = LC_X19_Y4_N9; Fanout = 2; COMB Node = 'ORDER[15]~145'
        Info: 6: + IC(0.691 ns) + CELL(0.442 ns) = 9.410 ns; Loc. = LC_X20_Y4_N2; Fanout = 16; COMB Node = 'ORDER[15]~129'
        Info: 7: + IC(5.341 ns) + CELL(0.292 ns) = 15.043 ns; Loc. = LC_X20_Y3_N5; Fanout = 1; REG Node = 'ORDER[6]'
        Info: Total cell delay = 3.973 ns ( 26.41 % )
        Info: Total interconnect delay = 11.070 ns ( 73.59 % )
    Info: + Micro hold delay of destination is 0.000 ns
    Info: - Shortest pin to register delay is 5.467 ns
        Info: 1: + IC(0.000 ns) + CELL(1.469 ns) = 1.469 ns; Loc. = PIN_77; Fanout = 10; CLK Node = 'INPUT[0]'
        Info: 2: + IC(2.047 ns) + CELL(0.292 ns) = 3.808 ns; Loc. = LC_X20_Y4_N5; Fanout = 2; COMB Node = 'process_0~13'
        Info: 3: + IC(1.217 ns) + CELL(0.442 ns) = 5.467 ns; Loc. = LC_X20_Y3_N5; Fanout = 1; REG Node = 'ORDER[6]'
        Info: Total cell delay = 2.203 ns ( 40.30 % )
        Info: Total interconnect delay = 3.264 ns ( 59.70 % )
Info: Quartus II Classic Timing Analyzer was successful. 0 errors, 19 warnings
    Info: Peak virtual memory: 194 megabytes
    Info: Processing ended: Sat Nov 02 18:49:41 2019
    Info: Elapsed time: 00:00:01
    Info: Total CPU time (on all processors): 00:00:00


