Analysis & Synthesis report for decoder_n_m
Sat Nov 02 18:49:36 2019
Quartus II Version 9.0 Build 184 04/29/2009 Service Pack 1 SJ Web Edition


---------------------
; Table of Contents ;
---------------------
  1. Legal Notice
  2. Analysis & Synthesis Summary
  3. Analysis & Synthesis Settings
  4. Analysis & Synthesis Source Files Read
  5. Analysis & Synthesis Resource Usage Summary
  6. Analysis & Synthesis Resource Utilization by Entity
  7. User-Specified and Inferred Latches
  8. General Register Statistics
  9. Multiplexer Restructuring Statistics (Restructuring Performed)
 10. Analysis & Synthesis Messages



----------------
; Legal Notice ;
----------------
Copyright (C) 1991-2009 Altera Corporation
Your use of Altera Corporation's design tools, logic functions 
and other software and tools, and its AMPP partner logic 
functions, and any output files from any of the foregoing 
(including device programming or simulation files), and any 
associated documentation or information are expressly subject 
to the terms and conditions of the Altera Program License 
Subscription Agreement, Altera MegaCore Function License 
Agreement, or other applicable license agreement, including, 
without limitation, that your use is for the sole purpose of 
programming logic devices manufactured by Altera and sold by 
Altera or its authorized distributors.  Please refer to the 
applicable agreement for further details.



+----------------------------------------------------------------------------+
; Analysis & Synthesis Summary                                               ;
+-----------------------------+----------------------------------------------+
; Analysis & Synthesis Status ; Successful - Sat Nov 02 18:49:36 2019        ;
; Quartus II Version          ; 9.0 Build 184 04/29/2009 SP 1 SJ Web Edition ;
; Revision Name               ; decoder_n_m                                  ;
; Top-level Entity Name       ; decoder_n_m                                  ;
; Family                      ; Cyclone                                      ;
; Total logic elements        ; 45                                           ;
; Total pins                  ; 25                                           ;
; Total virtual pins          ; 0                                            ;
; Total memory bits           ; 0                                            ;
; Total PLLs                  ; 0                                            ;
+-----------------------------+----------------------------------------------+


+--------------------------------------------------------------------------------------------------------+
; Analysis & Synthesis Settings                                                                          ;
+--------------------------------------------------------------+--------------------+--------------------+
; Option                                                       ; Setting            ; Default Value      ;
+--------------------------------------------------------------+--------------------+--------------------+
; Device                                                       ; EP1C3T144C8        ;                    ;
; Top-level entity name                                        ; decoder_n_m        ; decoder_n_m        ;
; Family name                                                  ; Cyclone            ; Stratix II         ;
; Use Generated Physical Constraints File                      ; Off                ;                    ;
; Use smart compilation                                        ; Off                ; Off                ;
; Restructure Multiplexers                                     ; Auto               ; Auto               ;
; Create Debugging Nodes for IP Cores                          ; Off                ; Off                ;
; Preserve fewer node names                                    ; On                 ; On                 ;
; Disable OpenCore Plus hardware evaluation                    ; Off                ; Off                ;
; Verilog Version                                              ; Verilog_2001       ; Verilog_2001       ;
; VHDL Version                                                 ; VHDL93             ; VHDL93             ;
; State Machine Processing                                     ; Auto               ; Auto               ;
; Safe State Machine                                           ; Off                ; Off                ;
; Extract Verilog State Machines                               ; On                 ; On                 ;
; Extract VHDL State Machines                                  ; On                 ; On                 ;
; Ignore Verilog initial constructs                            ; Off                ; Off                ;
; Iteration limit for constant Verilog loops                   ; 5000               ; 5000               ;
; Iteration limit for non-constant Verilog loops               ; 250                ; 250                ;
; Add Pass-Through Logic to Inferred RAMs                      ; On                 ; On                 ;
; Parallel Synthesis                                           ; Off                ; Off                ;
; NOT Gate Push-Back                                           ; On                 ; On                 ;
; Power-Up Don't Care                                          ; On                 ; On                 ;
; Remove Redundant Logic Cells                                 ; Off                ; Off                ;
; Remove Duplicate Registers                                   ; On                 ; On                 ;
; Ignore CARRY Buffers                                         ; Off                ; Off                ;
; Ignore CASCADE Buffers                                       ; Off                ; Off                ;
; Ignore GLOBAL Buffers                                        ; Off                ; Off                ;
; Ignore ROW GLOBAL Buffers                                    ; Off                ; Off                ;
; Ignore LCELL Buffers                                         ; Off                ; Off                ;
; Ignore SOFT Buffers                                          ; On                 ; On                 ;
; Limit AHDL Integers to 32 Bits                               ; Off                ; Off                ;
; Optimization Technique                                       ; Balanced           ; Balanced           ;
; Carry Chain Length                                           ; 70                 ; 70                 ;
; Auto Carry Chains                                            ; On                 ; On                 ;
; Auto Open-Drain Pins                                         ; On                 ; On                 ;
; Perform WYSIWYG Primitive Resynthesis                        ; Off                ; Off                ;
; Auto ROM Replacement                                         ; On                 ; On                 ;
; Auto RAM Replacement                                         ; On                 ; On                 ;
; Auto Shift Register Replacement                              ; Auto               ; Auto               ;
; Auto Clock Enable Replacement                                ; On                 ; On                 ;
; Strict RAM Replacement                                       ; Off                ; Off                ;
; Allow Synchronous Control Signals                            ; On                 ; On                 ;
; Force Use of Synchronous Clear Signals                       ; Off                ; Off                ;
; Auto RAM Block Balancing                                     ; On                 ; On                 ;
; Auto RAM to Logic Cell Conversion                            ; Off                ; Off                ;
; Auto Resource Sharing                                        ; Off                ; Off                ;
; Allow Any RAM Size For Recognition                           ; Off                ; Off                ;
; Allow Any ROM Size For Recognition                           ; Off                ; Off                ;
; Allow Any Shift Register Size For Recognition                ; Off                ; Off                ;
; Use LogicLock Constraints during Resource Balancing          ; On                 ; On                 ;
; Ignore translate_off and synthesis_off directives            ; Off                ; Off                ;
; Show Parameter Settings Tables in Synthesis Report           ; On                 ; On                 ;
; Ignore Maximum Fan-Out Assignments                           ; Off                ; Off                ;
; Synchronization Register Chain Length                        ; 2                  ; 2                  ;
; PowerPlay Power Optimization                                 ; Normal compilation ; Normal compilation ;
; HDL message level                                            ; Level2             ; Level2             ;
; Suppress Register Optimization Related Messages              ; Off                ; Off                ;
; Number of Removed Registers Reported in Synthesis Report     ; 100                ; 100                ;
; Number of Inverted Registers Reported in Synthesis Report    ; 100                ; 100                ;
; Clock MUX Protection                                         ; On                 ; On                 ;
; Block Design Naming                                          ; Auto               ; Auto               ;
; Synthesis Effort                                             ; Auto               ; Auto               ;
; Shift Register Replacement - Allow Asynchronous Clear Signal ; On                 ; On                 ;
; Analysis & Synthesis Message Level                           ; Medium             ; Medium             ;
+--------------------------------------------------------------+--------------------+--------------------+


+----------------------------------------------------------------------------------------------------------------+
; Analysis & Synthesis Source Files Read                                                                         ;
+----------------------------------+-----------------+-----------------+-----------------------------------------+
; File Name with User-Entered Path ; Used in Netlist ; File Type       ; File Name with Absolute Path            ;
+----------------------------------+-----------------+-----------------+-----------------------------------------+
; ../func_prims.vhd                ; yes             ; User VHDL File  ; D:/Quartus/one/func_prims.vhd           ;
; decoder_n_m.vhd                  ; yes             ; User VHDL File  ; D:/Quartus/one/decoder0/decoder_n_m.vhd ;
+----------------------------------+-----------------+-----------------+-----------------------------------------+


+-------------------------------------------------------------+
; Analysis & Synthesis Resource Usage Summary                 ;
+---------------------------------------------+---------------+
; Resource                                    ; Usage         ;
+---------------------------------------------+---------------+
; Total logic elements                        ; 45            ;
;     -- Combinational with no register       ; 45            ;
;     -- Register only                        ; 0             ;
;     -- Combinational with a register        ; 0             ;
;                                             ;               ;
; Logic element usage by number of LUT inputs ;               ;
;     -- 4 input functions                    ; 39            ;
;     -- 3 input functions                    ; 2             ;
;     -- 2 input functions                    ; 4             ;
;     -- 1 input functions                    ; 0             ;
;     -- 0 input functions                    ; 0             ;
;                                             ;               ;
; Logic elements by mode                      ;               ;
;     -- normal mode                          ; 45            ;
;     -- arithmetic mode                      ; 0             ;
;     -- qfbk mode                            ; 0             ;
;     -- register cascade mode                ; 0             ;
;     -- synchronous clear/load mode          ; 0             ;
;     -- asynchronous clear/load mode         ; 0             ;
;                                             ;               ;
; Total registers                             ; 0             ;
; I/O pins                                    ; 25            ;
; Maximum fan-out node                        ; ORDER[15]~129 ;
; Maximum fan-out                             ; 16            ;
; Total fan-out                               ; 186           ;
; Average fan-out                             ; 2.66          ;
+---------------------------------------------+---------------+


+-----------------------------------------------------------------------------------------------------------------------------------------------------------------------------------------------------------------------+
; Analysis & Synthesis Resource Utilization by Entity                                                                                                                                                                   ;
+----------------------------+-------------+--------------+-------------+------+--------------+--------------+-------------------+------------------+-----------------+------------+---------------------+--------------+
; Compilation Hierarchy Node ; Logic Cells ; LC Registers ; Memory Bits ; Pins ; Virtual Pins ; LUT-Only LCs ; Register-Only LCs ; LUT/Register LCs ; Carry Chain LCs ; Packed LCs ; Full Hierarchy Name ; Library Name ;
+----------------------------+-------------+--------------+-------------+------+--------------+--------------+-------------------+------------------+-----------------+------------+---------------------+--------------+
; |decoder_n_m               ; 45 (45)     ; 0            ; 0           ; 25   ; 0            ; 45 (45)      ; 0 (0)             ; 0 (0)            ; 0 (0)           ; 0 (0)      ; |decoder_n_m        ; work         ;
+----------------------------+-------------+--------------+-------------+------+--------------+--------------+-------------------+------------------+-----------------+------------+---------------------+--------------+
Note: For table entries with two numbers listed, the numbers in parentheses indicate the number of resources of the given type used by the specific entity alone. The numbers listed outside of parentheses indicate the total resources of the given type used by the specific entity and all of its sub-entities in the hierarchy.


+----------------------------------------------------------------------------------------------------+
; User-Specified and Inferred Latches                                                                ;
+-----------------------------------------------------+---------------------+------------------------+
; Latch Name                                          ; Latch Enable Signal ; Free of Timing Hazards ;
+-----------------------------------------------------+---------------------+------------------------+
; ORDER[15]                                           ; ORDER[15]~130       ; yes                    ;
; ORDER[14]                                           ; ORDER[15]~130       ; yes                    ;
; ORDER[13]                                           ; ORDER[15]~130       ; yes                    ;
; ORDER[12]                                           ; ORDER[15]~130       ; yes                    ;
; ORDER[11]                                           ; ORDER[15]~130       ; yes                    ;
; ORDER[10]                                           ; ORDER[15]~130       ; yes                    ;
; ORDER[9]                                            ; ORDER[15]~130       ; yes                    ;
; ORDER[8]                                            ; ORDER[15]~130       ; yes                    ;
; ORDER[7]                                            ; ORDER[15]~130       ; yes                    ;
; ORDER[6]                                            ; ORDER[15]~130       ; yes                    ;
; ORDER[5]                                            ; ORDER[15]~130       ; yes                    ;
; ORDER[4]                                            ; ORDER[15]~130       ; yes                    ;
; ORDER[3]                                            ; ORDER[15]~130       ; yes                    ;
; ORDER[2]                                            ; ORDER[15]~130       ; yes                    ;
; ORDER[1]                                            ; ORDER[15]~130       ; yes                    ;
; ORDER[0]                                            ; ORDER[15]~130       ; yes                    ;
; Number of user-specified and inferred latches = 16  ;                     ;                        ;
+-----------------------------------------------------+---------------------+------------------------+
Note: All latches listed above may not be present at the end of synthesis due to various synthesis optimizations.


+------------------------------------------------------+
; General Register Statistics                          ;
+----------------------------------------------+-------+
; Statistic                                    ; Value ;
+----------------------------------------------+-------+
; Total registers                              ; 0     ;
; Number of registers using Synchronous Clear  ; 0     ;
; Number of registers using Synchronous Load   ; 0     ;
; Number of registers using Asynchronous Clear ; 0     ;
; Number of registers using Asynchronous Load  ; 0     ;
; Number of registers using Clock Enable       ; 0     ;
; Number of registers using Preset             ; 0     ;
+----------------------------------------------+-------+


+------------------------------------------------------------------------------------------------------------------------------------------+
; Multiplexer Restructuring Statistics (Restructuring Performed)                                                                           ;
+--------------------+-----------+---------------+----------------------+------------------------+------------+----------------------------+
; Multiplexer Inputs ; Bus Width ; Baseline Area ; Area if Restructured ; Saving if Restructured ; Registered ; Example Multiplexer Output ;
+--------------------+-----------+---------------+----------------------+------------------------+------------+----------------------------+
; 3:1                ; 2 bits    ; 4 LEs         ; 2 LEs                ; 2 LEs                  ; No         ; |decoder_n_m|ORDER[3]~53   ;
+--------------------+-----------+---------------+----------------------+------------------------+------------+----------------------------+


+-------------------------------+
; Analysis & Synthesis Messages ;
+-------------------------------+
Info: *******************************************************************
Info: Running Quartus II Analysis & Synthesis
    Info: Version 9.0 Build 184 04/29/2009 Service Pack 1 SJ Web Edition
    Info: Processing started: Sat Nov 02 18:49:34 2019
Info: Command: quartus_map --read_settings_files=on --write_settings_files=off decoder_n_m -c decoder_n_m
Info: Found 41 design units, including 20 entities, in source file ../func_prims.vhd
    Info: Found design unit 1: func_prims
    Info: Found design unit 2: and_2-concurrent
    Info: Found design unit 3: and_3-concurrent
    Info: Found design unit 4: and_4-concurrent
    Info: Found design unit 5: and_5-concurrent
    Info: Found design unit 6: or_2-concurrent
    Info: Found design unit 7: or_3-concurrent
    Info: Found design unit 8: or_4-concurrent
    Info: Found design unit 9: or_5-concurrent
    Info: Found design unit 10: inverter-concurrent
    Info: Found design unit 11: nand_2-concurrent
    Info: Found design unit 12: nand_3-concurrent
    Info: Found design unit 13: nand_4-concurrent
    Info: Found design unit 14: nand_5-concurrent
    Info: Found design unit 15: nor_2-concurrent
    Info: Found design unit 16: nor_3-concurrent
    Info: Found design unit 17: nor_4-concurrent
    Info: Found design unit 18: nor_5-concurrent
    Info: Found design unit 19: not1-concurrent
    Info: Found design unit 20: xor_2-concurrent
    Info: Found design unit 21: xnor_2-concurrent
    Info: Found entity 1: and_2
    Info: Found entity 2: and_3
    Info: Found entity 3: and_4
    Info: Found entity 4: and_5
    Info: Found entity 5: or_2
    Info: Found entity 6: or_3
    Info: Found entity 7: or_4
    Info: Found entity 8: or_5
    Info: Found entity 9: inverter
    Info: Found entity 10: nand_2
    Info: Found entity 11: nand_3
    Info: Found entity 12: nand_4
    Info: Found entity 13: nand_5
    Info: Found entity 14: nor_2
    Info: Found entity 15: nor_3
    Info: Found entity 16: nor_4
    Info: Found entity 17: nor_5
    Info: Found entity 18: not1
    Info: Found entity 19: xor_2
    Info: Found entity 20: xnor_2
Info: Found 2 design units, including 1 entities, in source file decoder_n_m.vhd
    Info: Found design unit 1: decoder_n_m-structural
    Info: Found entity 1: decoder_n_m
Info: Elaborating entity "decoder_n_m" for the top level hierarchy
Warning (10492): VHDL Process Statement warning at decoder_n_m.vhd(18): signal "INPUT" is read inside the Process Statement but isn't in the Process Statement's sensitivity list
Warning (10492): VHDL Process Statement warning at decoder_n_m.vhd(19): signal "INPUT" is read inside the Process Statement but isn't in the Process Statement's sensitivity list
Warning (10492): VHDL Process Statement warning at decoder_n_m.vhd(20): signal "INPUT" is read inside the Process Statement but isn't in the Process Statement's sensitivity list
Warning (10492): VHDL Process Statement warning at decoder_n_m.vhd(26): signal "EN" is read inside the Process Statement but isn't in the Process Statement's sensitivity list
Warning (10492): VHDL Process Statement warning at decoder_n_m.vhd(28): signal "INPUT1" is read inside the Process Statement but isn't in the Process Statement's sensitivity list
Warning (10492): VHDL Process Statement warning at decoder_n_m.vhd(28): signal "INPUT2" is read inside the Process Statement but isn't in the Process Statement's sensitivity list
Warning (10492): VHDL Process Statement warning at decoder_n_m.vhd(30): signal "INPUT1" is read inside the Process Statement but isn't in the Process Statement's sensitivity list
Warning (10492): VHDL Process Statement warning at decoder_n_m.vhd(30): signal "INPUT2" is read inside the Process Statement but isn't in the Process Statement's sensitivity list
Warning (10492): VHDL Process Statement warning at decoder_n_m.vhd(53): signal "INPUT2" is read inside the Process Statement but isn't in the Process Statement's sensitivity list
Warning (10492): VHDL Process Statement warning at decoder_n_m.vhd(57): signal "INPUT2" is read inside the Process Statement but isn't in the Process Statement's sensitivity list
Warning (10492): VHDL Process Statement warning at decoder_n_m.vhd(61): signal "INPUT1" is read inside the Process Statement but isn't in the Process Statement's sensitivity list
Warning (10492): VHDL Process Statement warning at decoder_n_m.vhd(61): signal "INPUT2" is read inside the Process Statement but isn't in the Process Statement's sensitivity list
Warning (10492): VHDL Process Statement warning at decoder_n_m.vhd(65): signal "INPUT1" is read inside the Process Statement but isn't in the Process Statement's sensitivity list
Warning (10492): VHDL Process Statement warning at decoder_n_m.vhd(65): signal "INPUT2" is read inside the Process Statement but isn't in the Process Statement's sensitivity list
Warning (10492): VHDL Process Statement warning at decoder_n_m.vhd(69): signal "INPUT1" is read inside the Process Statement but isn't in the Process Statement's sensitivity list
Warning (10492): VHDL Process Statement warning at decoder_n_m.vhd(69): signal "INPUT2" is read inside the Process Statement but isn't in the Process Statement's sensitivity list
Warning (10492): VHDL Process Statement warning at decoder_n_m.vhd(81): signal "INPUT1" is read inside the Process Statement but isn't in the Process Statement's sensitivity list
Warning (10492): VHDL Process Statement warning at decoder_n_m.vhd(81): signal "INPUT2" is read inside the Process Statement but isn't in the Process Statement's sensitivity list
Warning (10492): VHDL Process Statement warning at decoder_n_m.vhd(85): signal "INPUT1" is read inside the Process Statement but isn't in the Process Statement's sensitivity list
Warning (10492): VHDL Process Statement warning at decoder_n_m.vhd(85): signal "INPUT2" is read inside the Process Statement but isn't in the Process Statement's sensitivity list
Warning (10492): VHDL Process Statement warning at decoder_n_m.vhd(91): signal "EN" is read inside the Process Statement but isn't in the Process Statement's sensitivity list
Warning (10492): VHDL Process Statement warning at decoder_n_m.vhd(94): signal "ORDER" is read inside the Process Statement but isn't in the Process Statement's sensitivity list
Warning (10492): VHDL Process Statement warning at decoder_n_m.vhd(97): signal "ORDER" is read inside the Process Statement but isn't in the Process Statement's sensitivity list
Warning (10492): VHDL Process Statement warning at decoder_n_m.vhd(100): signal "ORDER" is read inside the Process Statement but isn't in the Process Statement's sensitivity list
Warning (10492): VHDL Process Statement warning at decoder_n_m.vhd(103): signal "ORDER" is read inside the Process Statement but isn't in the Process Statement's sensitivity list
Warning (10492): VHDL Process Statement warning at decoder_n_m.vhd(106): signal "ORDER" is read inside the Process Statement but isn't in the Process Statement's sensitivity list
Warning (10492): VHDL Process Statement warning at decoder_n_m.vhd(109): signal "ORDER" is read inside the Process Statement but isn't in the Process Statement's sensitivity list
Warning (10492): VHDL Process Statement warning at decoder_n_m.vhd(112): signal "ORDER" is read inside the Process Statement but isn't in the Process Statement's sensitivity list
Warning (10492): VHDL Process Statement warning at decoder_n_m.vhd(115): signal "ORDER" is read inside the Process Statement but isn't in the Process Statement's sensitivity list
Warning (10492): VHDL Process Statement warning at decoder_n_m.vhd(118): signal "ORDER" is read inside the Process Statement but isn't in the Process Statement's sensitivity list
Warning (10492): VHDL Process Statement warning at decoder_n_m.vhd(121): signal "ORDER" is read inside the Process Statement but isn't in the Process Statement's sensitivity list
Warning (10492): VHDL Process Statement warning at decoder_n_m.vhd(124): signal "ORDER" is read inside the Process Statement but isn't in the Process Statement's sensitivity list
Warning (10492): VHDL Process Statement warning at decoder_n_m.vhd(127): signal "ORDER" is read inside the Process Statement but isn't in the Process Statement's sensitivity list
Warning (10492): VHDL Process Statement warning at decoder_n_m.vhd(130): signal "ORDER" is read inside the Process Statement but isn't in the Process Statement's sensitivity list
Warning (10492): VHDL Process Statement warning at decoder_n_m.vhd(133): signal "ORDER" is read inside the Process Statement but isn't in the Process Statement's sensitivity list
Warning (10492): VHDL Process Statement warning at decoder_n_m.vhd(136): signal "ORDER" is read inside the Process Statement but isn't in the Process Statement's sensitivity list
Warning (10492): VHDL Process Statement warning at decoder_n_m.vhd(139): signal "ORDER" is read inside the Process Statement but isn't in the Process Statement's sensitivity list
Warning (10631): VHDL Process Statement warning at decoder_n_m.vhd(16): inferring latch(es) for signal or variable "ORDER", which holds its previous value in one or more paths through the process
Info (10041): Inferred latch for "ORDER[0]" at decoder_n_m.vhd(16)
Info (10041): Inferred latch for "ORDER[1]" at decoder_n_m.vhd(16)
Info (10041): Inferred latch for "ORDER[2]" at decoder_n_m.vhd(16)
Info (10041): Inferred latch for "ORDER[3]" at decoder_n_m.vhd(16)
Info (10041): Inferred latch for "ORDER[4]" at decoder_n_m.vhd(16)
Info (10041): Inferred latch for "ORDER[5]" at decoder_n_m.vhd(16)
Info (10041): Inferred latch for "ORDER[6]" at decoder_n_m.vhd(16)
Info (10041): Inferred latch for "ORDER[7]" at decoder_n_m.vhd(16)
Info (10041): Inferred latch for "ORDER[8]" at decoder_n_m.vhd(16)
Info (10041): Inferred latch for "ORDER[9]" at decoder_n_m.vhd(16)
Info (10041): Inferred latch for "ORDER[10]" at decoder_n_m.vhd(16)
Info (10041): Inferred latch for "ORDER[11]" at decoder_n_m.vhd(16)
Info (10041): Inferred latch for "ORDER[12]" at decoder_n_m.vhd(16)
Info (10041): Inferred latch for "ORDER[13]" at decoder_n_m.vhd(16)
Info (10041): Inferred latch for "ORDER[14]" at decoder_n_m.vhd(16)
Info (10041): Inferred latch for "ORDER[15]" at decoder_n_m.vhd(16)
Warning: Latch ORDER[15] has unsafe behavior
    Warning: Ports D and ENA on the latch are fed by the same signal process_0~11
Warning: Latch ORDER[14] has unsafe behavior
    Warning: Ports D and ENA on the latch are fed by the same signal process_0~7
Warning: Latch ORDER[13] has unsafe behavior
    Warning: Ports D and ENA on the latch are fed by the same signal process_0~3
Warning: Latch ORDER[12] has unsafe behavior
    Warning: Ports D and ENA on the latch are fed by the same signal INPUT[7]
Warning: Latch ORDER[11] has unsafe behavior
    Warning: Ports D and ENA on the latch are fed by the same signal INPUT[7]
Warning: Latch ORDER[10] has unsafe behavior
    Warning: Ports D and ENA on the latch are fed by the same signal INPUT[7]
Warning: Latch ORDER[9] has unsafe behavior
    Warning: Ports D and ENA on the latch are fed by the same signal INPUT[7]
Warning: Latch ORDER[8] has unsafe behavior
    Warning: Ports D and ENA on the latch are fed by the same signal process_0~2
Warning: Latch ORDER[7] has unsafe behavior
    Warning: Ports D and ENA on the latch are fed by the same signal process_0~3
Warning: Latch ORDER[6] has unsafe behavior
    Warning: Ports D and ENA on the latch are fed by the same signal process_0~5
Warning: Latch ORDER[5] has unsafe behavior
    Warning: Ports D and ENA on the latch are fed by the same signal process_0~6
Warning: Latch ORDER[4] has unsafe behavior
    Warning: Ports D and ENA on the latch are fed by the same signal process_0~7
Warning: Latch ORDER[3] has unsafe behavior
    Warning: Ports D and ENA on the latch are fed by the same signal INPUT[7]
Warning: Latch ORDER[2] has unsafe behavior
    Warning: Ports D and ENA on the latch are fed by the same signal INPUT[7]
Warning: Latch ORDER[1] has unsafe behavior
    Warning: Ports D and ENA on the latch are fed by the same signal process_0~9
Warning: Latch ORDER[0] has unsafe behavior
    Warning: Ports D and ENA on the latch are fed by the same signal process_0~11
Info: Implemented 70 device resources after synthesis - the final resource count might be different
    Info: Implemented 9 input pins
    Info: Implemented 16 output pins
    Info: Implemented 45 logic cells
Info: Quartus II Analysis & Synthesis was successful. 0 errors, 70 warnings
    Info: Peak virtual memory: 248 megabytes
    Info: Processing ended: Sat Nov 02 18:49:36 2019
    Info: Elapsed time: 00:00:02
    Info: Total CPU time (on all processors): 00:00:02


