Analysis & Synthesis report for hmr_cpu
Sat Dec 21 22:51:36 2019
Quartus II Version 9.0 Build 184 04/29/2009 Service Pack 1 SJ Web Edition


---------------------
; Table of Contents ;
---------------------
  1. Legal Notice
  2. Analysis & Synthesis Summary
  3. Analysis & Synthesis Settings
  4. Analysis & Synthesis Source Files Read
  5. Analysis & Synthesis Resource Usage Summary
  6. Analysis & Synthesis Resource Utilization by Entity
  7. Analysis & Synthesis RAM Summary
  8. User-Specified and Inferred Latches
  9. Registers Removed During Synthesis
 10. General Register Statistics
 11. Inverted Register Statistics
 12. Multiplexer Restructuring Statistics (Restructuring Performed)
 13. Source assignments for LPM_RAM_IO:inst11|altram:sram|altsyncram:ram_block|altsyncram_ii91:auto_generated
 14. Parameter Settings for User Entity Instance: LPM_RAM_IO:inst11
 15. Analysis & Synthesis Messages



----------------
; Legal Notice ;
----------------
Copyright (C) 1991-2009 Altera Corporation
Your use of Altera Corporation's design tools, logic functions 
and other software and tools, and its AMPP partner logic 
functions, and any output files from any of the foregoing 
(including device programming or simulation files), and any 
associated documentation or information are expressly subject 
to the terms and conditions of the Altera Program License 
Subscription Agreement, Altera MegaCore Function License 
Agreement, or other applicable license agreement, including, 
without limitation, that your use is for the sole purpose of 
programming logic devices manufactured by Altera and sold by 
Altera or its authorized distributors.  Please refer to the 
applicable agreement for further details.



+----------------------------------------------------------------------------+
; Analysis & Synthesis Summary                                               ;
+-----------------------------+----------------------------------------------+
; Analysis & Synthesis Status ; Successful - Sat Dec 21 22:51:36 2019        ;
; Quartus II Version          ; 9.0 Build 184 04/29/2009 SP 1 SJ Web Edition ;
; Revision Name               ; hmr_cpu                                      ;
; Top-level Entity Name       ; hmr_cpu                                      ;
; Family                      ; Cyclone                                      ;
; Total logic elements        ; 271                                          ;
; Total pins                  ; 60                                           ;
; Total virtual pins          ; 0                                            ;
; Total memory bits           ; 2,048                                        ;
; Total PLLs                  ; 0                                            ;
+-----------------------------+----------------------------------------------+


+--------------------------------------------------------------------------------------------------------+
; Analysis & Synthesis Settings                                                                          ;
+--------------------------------------------------------------+--------------------+--------------------+
; Option                                                       ; Setting            ; Default Value      ;
+--------------------------------------------------------------+--------------------+--------------------+
; Device                                                       ; EP1C3T100C8        ;                    ;
; Top-level entity name                                        ; hmr_cpu            ; hmr_cpu            ;
; Family name                                                  ; Cyclone            ; Stratix II         ;
; Use Generated Physical Constraints File                      ; Off                ;                    ;
; Use smart compilation                                        ; Off                ; Off                ;
; Restructure Multiplexers                                     ; Auto               ; Auto               ;
; Create Debugging Nodes for IP Cores                          ; Off                ; Off                ;
; Preserve fewer node names                                    ; On                 ; On                 ;
; Disable OpenCore Plus hardware evaluation                    ; Off                ; Off                ;
; Verilog Version                                              ; Verilog_2001       ; Verilog_2001       ;
; VHDL Version                                                 ; VHDL93             ; VHDL93             ;
; State Machine Processing                                     ; Auto               ; Auto               ;
; Safe State Machine                                           ; Off                ; Off                ;
; Extract Verilog State Machines                               ; On                 ; On                 ;
; Extract VHDL State Machines                                  ; On                 ; On                 ;
; Ignore Verilog initial constructs                            ; Off                ; Off                ;
; Iteration limit for constant Verilog loops                   ; 5000               ; 5000               ;
; Iteration limit for non-constant Verilog loops               ; 250                ; 250                ;
; Add Pass-Through Logic to Inferred RAMs                      ; On                 ; On                 ;
; Parallel Synthesis                                           ; Off                ; Off                ;
; NOT Gate Push-Back                                           ; On                 ; On                 ;
; Power-Up Don't Care                                          ; On                 ; On                 ;
; Remove Redundant Logic Cells                                 ; Off                ; Off                ;
; Remove Duplicate Registers                                   ; On                 ; On                 ;
; Ignore CARRY Buffers                                         ; Off                ; Off                ;
; Ignore CASCADE Buffers                                       ; Off                ; Off                ;
; Ignore GLOBAL Buffers                                        ; Off                ; Off                ;
; Ignore ROW GLOBAL Buffers                                    ; Off                ; Off                ;
; Ignore LCELL Buffers                                         ; Off                ; Off                ;
; Ignore SOFT Buffers                                          ; On                 ; On                 ;
; Limit AHDL Integers to 32 Bits                               ; Off                ; Off                ;
; Optimization Technique                                       ; Balanced           ; Balanced           ;
; Carry Chain Length                                           ; 70                 ; 70                 ;
; Auto Carry Chains                                            ; On                 ; On                 ;
; Auto Open-Drain Pins                                         ; On                 ; On                 ;
; Perform WYSIWYG Primitive Resynthesis                        ; Off                ; Off                ;
; Auto ROM Replacement                                         ; On                 ; On                 ;
; Auto RAM Replacement                                         ; On                 ; On                 ;
; Auto Shift Register Replacement                              ; Auto               ; Auto               ;
; Auto Clock Enable Replacement                                ; On                 ; On                 ;
; Strict RAM Replacement                                       ; Off                ; Off                ;
; Allow Synchronous Control Signals                            ; On                 ; On                 ;
; Force Use of Synchronous Clear Signals                       ; Off                ; Off                ;
; Auto RAM Block Balancing                                     ; On                 ; On                 ;
; Auto RAM to Logic Cell Conversion                            ; Off                ; Off                ;
; Auto Resource Sharing                                        ; Off                ; Off                ;
; Allow Any RAM Size For Recognition                           ; Off                ; Off                ;
; Allow Any ROM Size For Recognition                           ; Off                ; Off                ;
; Allow Any Shift Register Size For Recognition                ; Off                ; Off                ;
; Use LogicLock Constraints during Resource Balancing          ; On                 ; On                 ;
; Ignore translate_off and synthesis_off directives            ; Off                ; Off                ;
; Show Parameter Settings Tables in Synthesis Report           ; On                 ; On                 ;
; Ignore Maximum Fan-Out Assignments                           ; Off                ; Off                ;
; Synchronization Register Chain Length                        ; 2                  ; 2                  ;
; PowerPlay Power Optimization                                 ; Normal compilation ; Normal compilation ;
; HDL message level                                            ; Level2             ; Level2             ;
; Suppress Register Optimization Related Messages              ; Off                ; Off                ;
; Number of Removed Registers Reported in Synthesis Report     ; 100                ; 100                ;
; Number of Inverted Registers Reported in Synthesis Report    ; 100                ; 100                ;
; Clock MUX Protection                                         ; On                 ; On                 ;
; Block Design Naming                                          ; Auto               ; Auto               ;
; Synthesis Effort                                             ; Auto               ; Auto               ;
; Shift Register Replacement - Allow Asynchronous Clear Signal ; On                 ; On                 ;
; Analysis & Synthesis Message Level                           ; Medium             ; Medium             ;
+--------------------------------------------------------------+--------------------+--------------------+


+-------------------------------------------------------------------------------------------------------------------------------------------------------------------------+
; Analysis & Synthesis Source Files Read                                                                                                                                  ;
+--------------------------------------+-----------------+------------------------------------+---------------------------------------------------------------------------+
; File Name with User-Entered Path     ; Used in Netlist ; File Type                          ; File Name with Absolute Path                                              ;
+--------------------------------------+-----------------+------------------------------------+---------------------------------------------------------------------------+
; ../../Quartus/one/func_prims.vhd     ; yes             ; User VHDL File                     ; E:/课程/数字电路与逻辑设计/实验/Quartus/one/func_prims.vhd                ;
; ../YWJCQ/YWJCQ.vhd                   ; yes             ; User VHDL File                     ; E:/课程/数字电路与逻辑设计/实验/CPU设计/YWJCQ/YWJCQ.vhd                   ;
; ../TYJCQ/TYJCQ.vhd                   ; yes             ; User VHDL File                     ; E:/课程/数字电路与逻辑设计/实验/CPU设计/TYJCQ/TYJCQ.vhd                   ;
; ../PC/PC.vhd                         ; yes             ; User VHDL File                     ; E:/课程/数字电路与逻辑设计/实验/CPU设计/PC/PC.vhd                         ;
; ../ALU/ALU.vhd                       ; yes             ; User VHDL File                     ; E:/课程/数字电路与逻辑设计/实验/CPU设计/ALU/ALU.vhd                       ;
; ../Z标志/Z.vhd                       ; yes             ; User VHDL File                     ; E:/课程/数字电路与逻辑设计/实验/CPU设计/Z标志/Z.vhd                       ;
; ../ZTCX/ztcx.vhd                     ; yes             ; User VHDL File                     ; E:/课程/数字电路与逻辑设计/实验/CPU设计/ZTCX/ztcx.vhd                     ;
; ../SM/sm.vhd                         ; yes             ; User VHDL File                     ; E:/课程/数字电路与逻辑设计/实验/CPU设计/SM/sm.vhd                         ;
; ../n-m译码器/decoder_n_m.vhd         ; yes             ; User VHDL File                     ; E:/课程/数字电路与逻辑设计/实验/CPU设计/n-m译码器/decoder_n_m.vhd         ;
; ../MUX_8_3_1/MUX_eight_three_one.vhd ; yes             ; User VHDL File                     ; E:/课程/数字电路与逻辑设计/实验/CPU设计/MUX_8_3_1/MUX_eight_three_one.vhd ;
; ../IR/IR.vhd                         ; yes             ; User VHDL File                     ; E:/课程/数字电路与逻辑设计/实验/CPU设计/IR/IR.vhd                         ;
; ../C标志/C.vhd                       ; yes             ; User VHDL File                     ; E:/课程/数字电路与逻辑设计/实验/CPU设计/C标志/C.vhd                       ;
; hmr_cpu.bdf                          ; yes             ; User Block Diagram/Schematic File  ; E:/课程/数字电路与逻辑设计/实验/CPU设计/CPU0/hmr_cpu.bdf                  ;
; lj.vhd                               ; yes             ; User VHDL File                     ; E:/课程/数字电路与逻辑设计/实验/CPU设计/CPU0/lj.vhd                       ;
; LPM_RAM_IO.tdf                       ; yes             ; Megafunction                       ; f:/altera/90sp1/quartus/libraries/megafunctions/LPM_RAM_IO.tdf            ;
; altram.inc                           ; yes             ; Megafunction                       ; f:/altera/90sp1/quartus/libraries/megafunctions/altram.inc                ;
; lpm_mux.inc                          ; yes             ; Megafunction                       ; f:/altera/90sp1/quartus/libraries/megafunctions/lpm_mux.inc               ;
; lpm_decode.inc                       ; yes             ; Megafunction                       ; f:/altera/90sp1/quartus/libraries/megafunctions/lpm_decode.inc            ;
; aglobal90.inc                        ; yes             ; Megafunction                       ; f:/altera/90sp1/quartus/libraries/megafunctions/aglobal90.inc             ;
; altram.tdf                           ; yes             ; Megafunction                       ; f:/altera/90sp1/quartus/libraries/megafunctions/altram.tdf                ;
; memmodes.inc                         ; yes             ; Megafunction                       ; f:/altera/90sp1/quartus/libraries/others/maxplus2/memmodes.inc            ;
; altsyncram.inc                       ; yes             ; Megafunction                       ; f:/altera/90sp1/quartus/libraries/megafunctions/altsyncram.inc            ;
; altqpram.inc                         ; yes             ; Megafunction                       ; f:/altera/90sp1/quartus/libraries/megafunctions/altqpram.inc              ;
; altsyncram.tdf                       ; yes             ; Megafunction                       ; f:/altera/90sp1/quartus/libraries/megafunctions/altsyncram.tdf            ;
; stratix_ram_block.inc                ; yes             ; Megafunction                       ; f:/altera/90sp1/quartus/libraries/megafunctions/stratix_ram_block.inc     ;
; a_rdenreg.inc                        ; yes             ; Megafunction                       ; f:/altera/90sp1/quartus/libraries/megafunctions/a_rdenreg.inc             ;
; altrom.inc                           ; yes             ; Megafunction                       ; f:/altera/90sp1/quartus/libraries/megafunctions/altrom.inc                ;
; altdpram.inc                         ; yes             ; Megafunction                       ; f:/altera/90sp1/quartus/libraries/megafunctions/altdpram.inc              ;
; db/altsyncram_ii91.tdf               ; yes             ; Auto-Generated Megafunction        ; E:/课程/数字电路与逻辑设计/实验/CPU设计/CPU0/db/altsyncram_ii91.tdf       ;
+--------------------------------------+-----------------+------------------------------------+---------------------------------------------------------------------------+


+-----------------------------------------------------+
; Analysis & Synthesis Resource Usage Summary         ;
+---------------------------------------------+-------+
; Resource                                    ; Usage ;
+---------------------------------------------+-------+
; Total logic elements                        ; 271   ;
;     -- Combinational with no register       ; 228   ;
;     -- Register only                        ; 28    ;
;     -- Combinational with a register        ; 15    ;
;                                             ;       ;
; Logic element usage by number of LUT inputs ;       ;
;     -- 4 input functions                    ; 134   ;
;     -- 3 input functions                    ; 77    ;
;     -- 2 input functions                    ; 26    ;
;     -- 1 input functions                    ; 6     ;
;     -- 0 input functions                    ; 0     ;
;                                             ;       ;
; Logic elements by mode                      ;       ;
;     -- normal mode                          ; 248   ;
;     -- arithmetic mode                      ; 23    ;
;     -- qfbk mode                            ; 0     ;
;     -- register cascade mode                ; 0     ;
;     -- synchronous clear/load mode          ; 8     ;
;     -- asynchronous clear/load mode         ; 0     ;
;                                             ;       ;
; Total registers                             ; 43    ;
; Total logic cells in carry chains           ; 26    ;
; I/O pins                                    ; 60    ;
; Total memory bits                           ; 2048  ;
; Maximum fan-out node                        ; clk   ;
; Maximum fan-out                             ; 51    ;
; Total fan-out                               ; 1099  ;
; Average fan-out                             ; 3.24  ;
+---------------------------------------------+-------+


+----------------------------------------------------------------------------------------------------------------------------------------------------------------------------------------------------------------------------------------------------------------------------------------------------------------+
; Analysis & Synthesis Resource Utilization by Entity                                                                                                                                                                                                                                                            ;
+----------------------------------------------+-------------+--------------+-------------+------+--------------+--------------+-------------------+------------------+-----------------+------------+--------------------------------------------------------------------------------------------+--------------+
; Compilation Hierarchy Node                   ; Logic Cells ; LC Registers ; Memory Bits ; Pins ; Virtual Pins ; LUT-Only LCs ; Register-Only LCs ; LUT/Register LCs ; Carry Chain LCs ; Packed LCs ; Full Hierarchy Name                                                                        ; Library Name ;
+----------------------------------------------+-------------+--------------+-------------+------+--------------+--------------+-------------------+------------------+-----------------+------------+--------------------------------------------------------------------------------------------+--------------+
; |hmr_cpu                                     ; 271 (25)    ; 43           ; 2048        ; 60   ; 0            ; 228 (25)     ; 28 (0)            ; 15 (0)           ; 26 (0)          ; 0 (0)      ; |hmr_cpu                                                                                   ; work         ;
;    |ALU:inst|                                ; 72 (72)     ; 0            ; 0           ; 0    ; 0            ; 72 (72)      ; 0 (0)             ; 0 (0)            ; 18 (18)         ; 0 (0)      ; |hmr_cpu|ALU:inst                                                                          ; work         ;
;    |C:inst1|                                 ; 2 (2)       ; 1            ; 0           ; 0    ; 0            ; 1 (1)        ; 0 (0)             ; 1 (1)            ; 0 (0)           ; 0 (0)      ; |hmr_cpu|C:inst1                                                                           ; work         ;
;    |IR:inst3|                                ; 8 (8)       ; 8            ; 0           ; 0    ; 0            ; 0 (0)        ; 8 (8)             ; 0 (0)            ; 0 (0)           ; 0 (0)      ; |hmr_cpu|IR:inst3                                                                          ; work         ;
;    |MUX_eight_three_one:inst4|               ; 16 (16)     ; 0            ; 0           ; 0    ; 0            ; 16 (16)      ; 0 (0)             ; 0 (0)            ; 0 (0)           ; 0 (0)      ; |hmr_cpu|MUX_eight_three_one:inst4                                                         ; work         ;
;    |PC:inst5|                                ; 10 (10)     ; 8            ; 0           ; 0    ; 0            ; 2 (2)        ; 0 (0)             ; 8 (8)            ; 8 (8)           ; 0 (0)      ; |hmr_cpu|PC:inst5                                                                          ; work         ;
;    |TYJCQ:inst2|                             ; 60 (60)     ; 24           ; 0           ; 0    ; 0            ; 36 (36)      ; 20 (20)           ; 4 (4)            ; 0 (0)           ; 0 (0)      ; |hmr_cpu|TYJCQ:inst2                                                                       ; work         ;
;    |YWJCQ:inst8|                             ; 19 (19)     ; 0            ; 0           ; 0    ; 0            ; 19 (19)      ; 0 (0)             ; 0 (0)            ; 0 (0)           ; 0 (0)      ; |hmr_cpu|YWJCQ:inst8                                                                       ; work         ;
;    |Z:inst9|                                 ; 4 (4)       ; 1            ; 0           ; 0    ; 0            ; 3 (3)        ; 0 (0)             ; 1 (1)            ; 0 (0)           ; 0 (0)      ; |hmr_cpu|Z:inst9                                                                           ; work         ;
;    |decoder_n_m:inst16|                      ; 43 (43)     ; 0            ; 0           ; 0    ; 0            ; 43 (43)      ; 0 (0)             ; 0 (0)            ; 0 (0)           ; 0 (0)      ; |hmr_cpu|decoder_n_m:inst16                                                                ; work         ;
;    |lpm_ram_io:inst11|                       ; 1 (1)       ; 0            ; 2048        ; 0    ; 0            ; 1 (1)        ; 0 (0)             ; 0 (0)            ; 0 (0)           ; 0 (0)      ; |hmr_cpu|lpm_ram_io:inst11                                                                 ; work         ;
;       |altram:sram|                          ; 0 (0)       ; 0            ; 2048        ; 0    ; 0            ; 0 (0)        ; 0 (0)             ; 0 (0)            ; 0 (0)           ; 0 (0)      ; |hmr_cpu|lpm_ram_io:inst11|altram:sram                                                     ; work         ;
;          |altsyncram:ram_block|              ; 0 (0)       ; 0            ; 2048        ; 0    ; 0            ; 0 (0)        ; 0 (0)             ; 0 (0)            ; 0 (0)           ; 0 (0)      ; |hmr_cpu|lpm_ram_io:inst11|altram:sram|altsyncram:ram_block                                ; work         ;
;             |altsyncram_ii91:auto_generated| ; 0 (0)       ; 0            ; 2048        ; 0    ; 0            ; 0 (0)        ; 0 (0)             ; 0 (0)            ; 0 (0)           ; 0 (0)      ; |hmr_cpu|lpm_ram_io:inst11|altram:sram|altsyncram:ram_block|altsyncram_ii91:auto_generated ; work         ;
;    |sm:inst6|                                ; 1 (1)       ; 1            ; 0           ; 0    ; 0            ; 0 (0)        ; 0 (0)             ; 1 (1)            ; 0 (0)           ; 0 (0)      ; |hmr_cpu|sm:inst6                                                                          ; work         ;
;    |ztcx:inst22|                             ; 10 (10)     ; 0            ; 0           ; 0    ; 0            ; 10 (10)      ; 0 (0)             ; 0 (0)            ; 0 (0)           ; 0 (0)      ; |hmr_cpu|ztcx:inst22                                                                       ; work         ;
+----------------------------------------------+-------------+--------------+-------------+------+--------------+--------------+-------------------+------------------+-----------------+------------+--------------------------------------------------------------------------------------------+--------------+
Note: For table entries with two numbers listed, the numbers in parentheses indicate the number of resources of the given type used by the specific entity alone. The numbers listed outside of parentheses indicate the total resources of the given type used by the specific entity and all of its sub-entities in the hierarchy.


+----------------------------------------------------------------------------------------------------------------------------------------------------------------------------------------------------+
; Analysis & Synthesis RAM Summary                                                                                                                                                                   ;
+----------------------------------------------------------------------------------------------+------+-------------+--------------+--------------+--------------+--------------+------+-------------+
; Name                                                                                         ; Type ; Mode        ; Port A Depth ; Port A Width ; Port B Depth ; Port B Width ; Size ; MIF         ;
+----------------------------------------------------------------------------------------------+------+-------------+--------------+--------------+--------------+--------------+------+-------------+
; lpm_ram_io:inst11|altram:sram|altsyncram:ram_block|altsyncram_ii91:auto_generated|ALTSYNCRAM ; AUTO ; Single Port ; 256          ; 8            ; --           ; --           ; 2048 ; hmr_cpu.mif ;
+----------------------------------------------------------------------------------------------+------+-------------+--------------+--------------+--------------+--------------+------+-------------+


+-----------------------------------------------------------------------------------------------------------------+
; User-Specified and Inferred Latches                                                                             ;
+-----------------------------------------------------+----------------------------------+------------------------+
; Latch Name                                          ; Latch Enable Signal              ; Free of Timing Hazards ;
+-----------------------------------------------------+----------------------------------+------------------------+
; ALU:inst|CF                                         ; ALU:inst|CF~0                    ; yes                    ;
; ALU:inst|T0[0]                                      ; ALU:inst|T0[7]~35                ; yes                    ;
; decoder_n_m:inst16|ORDER[8]                         ; decoder_n_m:inst16|ORDER[15]~130 ; yes                    ;
; ALU:inst|T0[7]                                      ; ALU:inst|T0[7]~35                ; yes                    ;
; decoder_n_m:inst16|ORDER[7]                         ; decoder_n_m:inst16|ORDER[15]~130 ; yes                    ;
; decoder_n_m:inst16|ORDER[10]                        ; decoder_n_m:inst16|ORDER[15]~130 ; yes                    ;
; decoder_n_m:inst16|ORDER[11]                        ; decoder_n_m:inst16|ORDER[15]~130 ; yes                    ;
; decoder_n_m:inst16|ORDER[12]                        ; decoder_n_m:inst16|ORDER[15]~130 ; yes                    ;
; decoder_n_m:inst16|ORDER[0]                         ; decoder_n_m:inst16|ORDER[15]~130 ; yes                    ;
; decoder_n_m:inst16|ORDER[3]                         ; decoder_n_m:inst16|ORDER[15]~130 ; yes                    ;
; decoder_n_m:inst16|ORDER[9]                         ; decoder_n_m:inst16|ORDER[15]~130 ; yes                    ;
; decoder_n_m:inst16|ORDER[13]                        ; decoder_n_m:inst16|ORDER[15]~130 ; yes                    ;
; decoder_n_m:inst16|ORDER[15]                        ; decoder_n_m:inst16|ORDER[15]~130 ; yes                    ;
; decoder_n_m:inst16|ORDER[2]                         ; decoder_n_m:inst16|ORDER[15]~130 ; yes                    ;
; ALU:inst|T0[8]                                      ; ALU:inst|T0[7]~35                ; yes                    ;
; ALU:inst|T0[6]                                      ; ALU:inst|T0[7]~35                ; yes                    ;
; decoder_n_m:inst16|ORDER[14]                        ; decoder_n_m:inst16|ORDER[15]~130 ; yes                    ;
; decoder_n_m:inst16|ORDER[6]                         ; decoder_n_m:inst16|ORDER[15]~130 ; yes                    ;
; decoder_n_m:inst16|ORDER[4]                         ; decoder_n_m:inst16|ORDER[15]~130 ; yes                    ;
; decoder_n_m:inst16|ORDER[5]                         ; decoder_n_m:inst16|ORDER[15]~130 ; yes                    ;
; ALU:inst|T0[5]                                      ; ALU:inst|T0[7]~35                ; yes                    ;
; ALU:inst|T0[4]                                      ; ALU:inst|T0[7]~35                ; yes                    ;
; ALU:inst|T0[3]                                      ; ALU:inst|T0[7]~35                ; yes                    ;
; ALU:inst|T0[2]                                      ; ALU:inst|T0[7]~35                ; yes                    ;
; ALU:inst|T0[1]                                      ; ALU:inst|T0[7]~35                ; yes                    ;
; decoder_n_m:inst16|ORDER[1]                         ; decoder_n_m:inst16|ORDER[15]~130 ; yes                    ;
; Number of user-specified and inferred latches = 26  ;                                  ;                        ;
+-----------------------------------------------------+----------------------------------+------------------------+
Note: All latches listed above may not be present at the end of synthesis due to various synthesis optimizations.


+-----------------------------------------------------------------+
; Registers Removed During Synthesis                              ;
+---------------------------------------+-------------------------+
; Register name                         ; Reason for Removal      ;
+---------------------------------------+-------------------------+
; sm:inst6|Z                            ; Merged with sm:inst6|SM ;
; Total Number of Removed Registers = 1 ;                         ;
+---------------------------------------+-------------------------+


+------------------------------------------------------+
; General Register Statistics                          ;
+----------------------------------------------+-------+
; Statistic                                    ; Value ;
+----------------------------------------------+-------+
; Total registers                              ; 43    ;
; Number of registers using Synchronous Clear  ; 0     ;
; Number of registers using Synchronous Load   ; 8     ;
; Number of registers using Asynchronous Clear ; 0     ;
; Number of registers using Asynchronous Load  ; 0     ;
; Number of registers using Clock Enable       ; 32    ;
; Number of registers using Preset             ; 0     ;
+----------------------------------------------+-------+


+--------------------------------------------------+
; Inverted Register Statistics                     ;
+----------------------------------------+---------+
; Inverted Register                      ; Fan out ;
+----------------------------------------+---------+
; TYJCQ:inst2|A[2]                       ; 3       ;
; TYJCQ:inst2|A[1]                       ; 3       ;
; TYJCQ:inst2|B[1]                       ; 3       ;
; TYJCQ:inst2|C[0]                       ; 4       ;
; Total number of inverted registers = 4 ;         ;
+----------------------------------------+---------+


+-------------------------------------------------------------------------------------------------------------------------------------------------------+
; Multiplexer Restructuring Statistics (Restructuring Performed)                                                                                        ;
+--------------------+-----------+---------------+----------------------+------------------------+------------+-----------------------------------------+
; Multiplexer Inputs ; Bus Width ; Baseline Area ; Area if Restructured ; Saving if Restructured ; Registered ; Example Multiplexer Output              ;
+--------------------+-----------+---------------+----------------------+------------------------+------------+-----------------------------------------+
; 3:1                ; 8 bits    ; 16 LEs        ; 16 LEs               ; 0 LEs                  ; No         ; |hmr_cpu|YWJCQ:inst8|w[7]~23            ;
; 3:1                ; 2 bits    ; 4 LEs         ; 2 LEs                ; 2 LEs                  ; No         ; |hmr_cpu|decoder_n_m:inst16|ORDER[3]~53 ;
; 3:1                ; 8 bits    ; 16 LEs        ; 16 LEs               ; 0 LEs                  ; No         ; |hmr_cpu|MUX_eight_three_one:inst4|Mux5 ;
; 3:1                ; 8 bits    ; 16 LEs        ; 16 LEs               ; 0 LEs                  ; No         ; |hmr_cpu|TYJCQ:inst2|BO[7]~16           ;
; 3:1                ; 8 bits    ; 16 LEs        ; 16 LEs               ; 0 LEs                  ; No         ; |hmr_cpu|TYJCQ:inst2|AO[0]~1            ;
; 6:1                ; 8 bits    ; 32 LEs        ; 32 LEs               ; 0 LEs                  ; No         ; |hmr_cpu|ALU:inst|T0[2]~16              ;
+--------------------+-----------+---------------+----------------------+------------------------+------------+-----------------------------------------+


+----------------------------------------------------------------------------------------------------------+
; Source assignments for LPM_RAM_IO:inst11|altram:sram|altsyncram:ram_block|altsyncram_ii91:auto_generated ;
+---------------------------------+--------------------+------+--------------------------------------------+
; Assignment                      ; Value              ; From ; To                                         ;
+---------------------------------+--------------------+------+--------------------------------------------+
; OPTIMIZE_POWER_DURING_SYNTHESIS ; NORMAL_COMPILATION ; -    ; -                                          ;
+---------------------------------+--------------------+------+--------------------------------------------+


+----------------------------------------------------------------+
; Parameter Settings for User Entity Instance: LPM_RAM_IO:inst11 ;
+------------------------+--------------+------------------------+
; Parameter Name         ; Value        ; Type                   ;
+------------------------+--------------+------------------------+
; LPM_WIDTH              ; 8            ; Signed Integer         ;
; LPM_WIDTHAD            ; 8            ; Signed Integer         ;
; LPM_NUMWORDS           ; 256          ; Signed Integer         ;
; LPM_INDATA             ; REGISTERED   ; Untyped                ;
; LPM_ADDRESS_CONTROL    ; REGISTERED   ; Untyped                ;
; LPM_OUTDATA            ; UNREGISTERED ; Untyped                ;
; LPM_FILE               ; hmr_cpu.mif  ; Untyped                ;
; USE_EAB                ; ON           ; Untyped                ;
; DEVICE_FAMILY          ; Cyclone      ; Untyped                ;
; AUTO_CARRY_CHAINS      ; ON           ; AUTO_CARRY             ;
; IGNORE_CARRY_BUFFERS   ; OFF          ; IGNORE_CARRY           ;
; AUTO_CASCADE_CHAINS    ; ON           ; AUTO_CASCADE           ;
; IGNORE_CASCADE_BUFFERS ; OFF          ; IGNORE_CASCADE         ;
+------------------------+--------------+------------------------+
Note: In order to hide this table in the UI and the text report file, please set the "Show Parameter Settings Tables in Synthesis Report" option in "Analysis and Synthesis Settings -> More Settings" to "Off".


+-------------------------------+
; Analysis & Synthesis Messages ;
+-------------------------------+
Info: *******************************************************************
Info: Running Quartus II Analysis & Synthesis
    Info: Version 9.0 Build 184 04/29/2009 Service Pack 1 SJ Web Edition
    Info: Processing started: Sat Dec 21 22:51:33 2019
Info: Command: quartus_map --read_settings_files=on --write_settings_files=off hmr_cpu -c hmr_cpu
Info: Found 41 design units, including 20 entities, in source file ../../Quartus/one/func_prims.vhd
    Info: Found design unit 1: func_prims
    Info: Found design unit 2: and_2-concurrent
    Info: Found design unit 3: and_3-concurrent
    Info: Found design unit 4: and_4-concurrent
    Info: Found design unit 5: and_5-concurrent
    Info: Found design unit 6: or_2-concurrent
    Info: Found design unit 7: or_3-concurrent
    Info: Found design unit 8: or_4-concurrent
    Info: Found design unit 9: or_5-concurrent
    Info: Found design unit 10: inverter-concurrent
    Info: Found design unit 11: nand_2-concurrent
    Info: Found design unit 12: nand_3-concurrent
    Info: Found design unit 13: nand_4-concurrent
    Info: Found design unit 14: nand_5-concurrent
    Info: Found design unit 15: nor_2-concurrent
    Info: Found design unit 16: nor_3-concurrent
    Info: Found design unit 17: nor_4-concurrent
    Info: Found design unit 18: nor_5-concurrent
    Info: Found design unit 19: not1-concurrent
    Info: Found design unit 20: xor_2-concurrent
    Info: Found design unit 21: xnor_2-concurrent
    Info: Found entity 1: and_2
    Info: Found entity 2: and_3
    Info: Found entity 3: and_4
    Info: Found entity 4: and_5
    Info: Found entity 5: or_2
    Info: Found entity 6: or_3
    Info: Found entity 7: or_4
    Info: Found entity 8: or_5
    Info: Found entity 9: inverter
    Info: Found entity 10: nand_2
    Info: Found entity 11: nand_3
    Info: Found entity 12: nand_4
    Info: Found entity 13: nand_5
    Info: Found entity 14: nor_2
    Info: Found entity 15: nor_3
    Info: Found entity 16: nor_4
    Info: Found entity 17: nor_5
    Info: Found entity 18: not1
    Info: Found entity 19: xor_2
    Info: Found entity 20: xnor_2
Info: Found 2 design units, including 1 entities, in source file ../YWJCQ/YWJCQ.vhd
    Info: Found design unit 1: YWJCQ-yw
    Info: Found entity 1: YWJCQ
Info: Found 2 design units, including 1 entities, in source file ../TYJCQ/TYJCQ.vhd
    Info: Found design unit 1: TYJCQ-jcq
    Info: Found entity 1: TYJCQ
Info: Found 2 design units, including 1 entities, in source file ../PC/PC.vhd
    Info: Found design unit 1: PC-count
    Info: Found entity 1: PC
Info: Found 2 design units, including 1 entities, in source file ../ALU/ALU.vhd
    Info: Found design unit 1: ALU-fun
    Info: Found entity 1: ALU
Info: Found 2 design units, including 1 entities, in source file ../Z标志/Z.vhd
    Info: Found design unit 1: Z-st
    Info: Found entity 1: Z
Info: Found 2 design units, including 1 entities, in source file ../ZTCX/ztcx.vhd
    Info: Found design unit 1: ztcx-order
    Info: Found entity 1: ztcx
Info: Found 2 design units, including 1 entities, in source file ../SM/sm.vhd
    Info: Found design unit 1: sm-s
    Info: Found entity 1: sm
Info: Found 1 design units, including 1 entities, in source file ../RAM/ram.bdf
    Info: Found entity 1: ram
Info: Found 2 design units, including 1 entities, in source file ../n-m译码器/decoder_n_m.vhd
    Info: Found design unit 1: decoder_n_m-structural
    Info: Found entity 1: decoder_n_m
Info: Found 2 design units, including 1 entities, in source file ../MUX_8_3_1/MUX_eight_three_one.vhd
    Info: Found design unit 1: MUX_eight_three_one-multiplexer
    Info: Found entity 1: MUX_eight_three_one
Info: Found 2 design units, including 1 entities, in source file ../IR/IR.vhd
    Info: Found design unit 1: IR-archite
    Info: Found entity 1: IR
Info: Found 2 design units, including 1 entities, in source file ../C标志/C.vhd
    Info: Found design unit 1: C-st
    Info: Found entity 1: C
Info: Found 1 design units, including 1 entities, in source file hmr_cpu.bdf
    Info: Found entity 1: hmr_cpu
Info: Found 2 design units, including 1 entities, in source file lj.vhd
    Info: Found design unit 1: lj-x
    Info: Found entity 1: lj
Info: Elaborating entity "hmr_cpu" for the top level hierarchy
Warning: Block or symbol "IR" of instance "inst3" overlaps another block or symbol
Info: Elaborating entity "ztcx" for hierarchy "ztcx:inst22"
Warning (10492): VHDL Process Statement warning at ztcx.vhd(16): signal "SM" is read inside the Process Statement but isn't in the Process Statement's sensitivity list
Warning (10492): VHDL Process Statement warning at ztcx.vhd(18): signal "SM" is read inside the Process Statement but isn't in the Process Statement's sensitivity list
Warning (10492): VHDL Process Statement warning at ztcx.vhd(20): signal "IR" is read inside the Process Statement but isn't in the Process Statement's sensitivity list
Warning (10492): VHDL Process Statement warning at ztcx.vhd(21): signal "IR" is read inside the Process Statement but isn't in the Process Statement's sensitivity list
Warning (10492): VHDL Process Statement warning at ztcx.vhd(22): signal "SM" is read inside the Process Statement but isn't in the Process Statement's sensitivity list
Warning (10492): VHDL Process Statement warning at ztcx.vhd(24): signal "SM" is read inside the Process Statement but isn't in the Process Statement's sensitivity list
Warning (10492): VHDL Process Statement warning at ztcx.vhd(26): signal "SM" is read inside the Process Statement but isn't in the Process Statement's sensitivity list
Warning (10492): VHDL Process Statement warning at ztcx.vhd(31): signal "IR" is read inside the Process Statement but isn't in the Process Statement's sensitivity list
Warning (10492): VHDL Process Statement warning at ztcx.vhd(33): signal "SM" is read inside the Process Statement but isn't in the Process Statement's sensitivity list
Warning (10492): VHDL Process Statement warning at ztcx.vhd(34): signal "IR" is read inside the Process Statement but isn't in the Process Statement's sensitivity list
Info: Elaborating entity "decoder_n_m" for hierarchy "decoder_n_m:inst16"
Warning (10492): VHDL Process Statement warning at decoder_n_m.vhd(18): signal "INPUT" is read inside the Process Statement but isn't in the Process Statement's sensitivity list
Warning (10492): VHDL Process Statement warning at decoder_n_m.vhd(19): signal "INPUT" is read inside the Process Statement but isn't in the Process Statement's sensitivity list
Warning (10492): VHDL Process Statement warning at decoder_n_m.vhd(20): signal "INPUT" is read inside the Process Statement but isn't in the Process Statement's sensitivity list
Warning (10492): VHDL Process Statement warning at decoder_n_m.vhd(21): signal "EN" is read inside the Process Statement but isn't in the Process Statement's sensitivity list
Warning (10492): VHDL Process Statement warning at decoder_n_m.vhd(23): signal "INPUT1" is read inside the Process Statement but isn't in the Process Statement's sensitivity list
Warning (10492): VHDL Process Statement warning at decoder_n_m.vhd(23): signal "INPUT2" is read inside the Process Statement but isn't in the Process Statement's sensitivity list
Warning (10492): VHDL Process Statement warning at decoder_n_m.vhd(25): signal "INPUT1" is read inside the Process Statement but isn't in the Process Statement's sensitivity list
Warning (10492): VHDL Process Statement warning at decoder_n_m.vhd(25): signal "INPUT2" is read inside the Process Statement but isn't in the Process Statement's sensitivity list
Warning (10492): VHDL Process Statement warning at decoder_n_m.vhd(48): signal "INPUT2" is read inside the Process Statement but isn't in the Process Statement's sensitivity list
Warning (10492): VHDL Process Statement warning at decoder_n_m.vhd(52): signal "INPUT2" is read inside the Process Statement but isn't in the Process Statement's sensitivity list
Warning (10492): VHDL Process Statement warning at decoder_n_m.vhd(56): signal "INPUT1" is read inside the Process Statement but isn't in the Process Statement's sensitivity list
Warning (10492): VHDL Process Statement warning at decoder_n_m.vhd(56): signal "INPUT2" is read inside the Process Statement but isn't in the Process Statement's sensitivity list
Warning (10492): VHDL Process Statement warning at decoder_n_m.vhd(60): signal "INPUT1" is read inside the Process Statement but isn't in the Process Statement's sensitivity list
Warning (10492): VHDL Process Statement warning at decoder_n_m.vhd(60): signal "INPUT2" is read inside the Process Statement but isn't in the Process Statement's sensitivity list
Warning (10492): VHDL Process Statement warning at decoder_n_m.vhd(64): signal "INPUT1" is read inside the Process Statement but isn't in the Process Statement's sensitivity list
Warning (10492): VHDL Process Statement warning at decoder_n_m.vhd(64): signal "INPUT2" is read inside the Process Statement but isn't in the Process Statement's sensitivity list
Warning (10492): VHDL Process Statement warning at decoder_n_m.vhd(76): signal "INPUT1" is read inside the Process Statement but isn't in the Process Statement's sensitivity list
Warning (10492): VHDL Process Statement warning at decoder_n_m.vhd(76): signal "INPUT2" is read inside the Process Statement but isn't in the Process Statement's sensitivity list
Warning (10492): VHDL Process Statement warning at decoder_n_m.vhd(80): signal "INPUT1" is read inside the Process Statement but isn't in the Process Statement's sensitivity list
Warning (10492): VHDL Process Statement warning at decoder_n_m.vhd(80): signal "INPUT2" is read inside the Process Statement but isn't in the Process Statement's sensitivity list
Warning (10492): VHDL Process Statement warning at decoder_n_m.vhd(86): signal "EN" is read inside the Process Statement but isn't in the Process Statement's sensitivity list
Warning (10492): VHDL Process Statement warning at decoder_n_m.vhd(89): signal "ORDER" is read inside the Process Statement but isn't in the Process Statement's sensitivity list
Warning (10492): VHDL Process Statement warning at decoder_n_m.vhd(90): signal "ORDER" is read inside the Process Statement but isn't in the Process Statement's sensitivity list
Warning (10492): VHDL Process Statement warning at decoder_n_m.vhd(91): signal "ORDER" is read inside the Process Statement but isn't in the Process Statement's sensitivity list
Warning (10492): VHDL Process Statement warning at decoder_n_m.vhd(92): signal "ORDER" is read inside the Process Statement but isn't in the Process Statement's sensitivity list
Warning (10492): VHDL Process Statement warning at decoder_n_m.vhd(93): signal "ORDER" is read inside the Process Statement but isn't in the Process Statement's sensitivity list
Warning (10631): VHDL Process Statement warning at decoder_n_m.vhd(16): inferring latch(es) for signal or variable "ORDER", which holds its previous value in one or more paths through the process
Info (10041): Inferred latch for "ORDER[0]" at decoder_n_m.vhd(16)
Info (10041): Inferred latch for "ORDER[1]" at decoder_n_m.vhd(16)
Info (10041): Inferred latch for "ORDER[2]" at decoder_n_m.vhd(16)
Info (10041): Inferred latch for "ORDER[3]" at decoder_n_m.vhd(16)
Info (10041): Inferred latch for "ORDER[4]" at decoder_n_m.vhd(16)
Info (10041): Inferred latch for "ORDER[5]" at decoder_n_m.vhd(16)
Info (10041): Inferred latch for "ORDER[6]" at decoder_n_m.vhd(16)
Info (10041): Inferred latch for "ORDER[7]" at decoder_n_m.vhd(16)
Info (10041): Inferred latch for "ORDER[8]" at decoder_n_m.vhd(16)
Info (10041): Inferred latch for "ORDER[9]" at decoder_n_m.vhd(16)
Info (10041): Inferred latch for "ORDER[10]" at decoder_n_m.vhd(16)
Info (10041): Inferred latch for "ORDER[11]" at decoder_n_m.vhd(16)
Info (10041): Inferred latch for "ORDER[12]" at decoder_n_m.vhd(16)
Info (10041): Inferred latch for "ORDER[13]" at decoder_n_m.vhd(16)
Info (10041): Inferred latch for "ORDER[14]" at decoder_n_m.vhd(16)
Info (10041): Inferred latch for "ORDER[15]" at decoder_n_m.vhd(16)
Info: Elaborating entity "sm" for hierarchy "sm:inst6"
Info: Elaborating entity "lj" for hierarchy "lj:inst13"
Info: Elaborating entity "IR" for hierarchy "IR:inst3"
Warning (10492): VHDL Process Statement warning at IR.vhd(14): signal "ld_ir" is read inside the Process Statement but isn't in the Process Statement's sensitivity list
Info: Elaborating entity "LPM_RAM_IO" for hierarchy "LPM_RAM_IO:inst11"
Info: Elaborated megafunction instantiation "LPM_RAM_IO:inst11"
Info: Instantiated megafunction "LPM_RAM_IO:inst11" with the following parameter:
    Info: Parameter "LPM_ADDRESS_CONTROL" = "REGISTERED"
    Info: Parameter "LPM_FILE" = "hmr_cpu.mif"
    Info: Parameter "LPM_INDATA" = "REGISTERED"
    Info: Parameter "LPM_NUMWORDS" = "256"
    Info: Parameter "LPM_OUTDATA" = "UNREGISTERED"
    Info: Parameter "LPM_WIDTH" = "8"
    Info: Parameter "LPM_WIDTHAD" = "8"
Info: Elaborating entity "altram" for hierarchy "LPM_RAM_IO:inst11|altram:sram"
Warning: Assertion warning: altram does not support Cyclone device family -- attempting best-case memory conversions, but power-up states and read during write behavior will be different for Cyclone devices
Info: Elaborated megafunction instantiation "LPM_RAM_IO:inst11|altram:sram", which is child of megafunction instantiation "LPM_RAM_IO:inst11"
Info: Elaborating entity "altsyncram" for hierarchy "LPM_RAM_IO:inst11|altram:sram|altsyncram:ram_block"
Info: Elaborated megafunction instantiation "LPM_RAM_IO:inst11|altram:sram|altsyncram:ram_block", which is child of megafunction instantiation "LPM_RAM_IO:inst11"
Info: Found 1 design units, including 1 entities, in source file db/altsyncram_ii91.tdf
    Info: Found entity 1: altsyncram_ii91
Info: Elaborating entity "altsyncram_ii91" for hierarchy "LPM_RAM_IO:inst11|altram:sram|altsyncram:ram_block|altsyncram_ii91:auto_generated"
Info: Elaborating entity "MUX_eight_three_one" for hierarchy "MUX_eight_three_one:inst4"
Info: Elaborating entity "PC" for hierarchy "PC:inst5"
Info: Elaborating entity "TYJCQ" for hierarchy "TYJCQ:inst2"
Warning (10492): VHDL Process Statement warning at TYJCQ.vhd(17): signal "A" is read inside the Process Statement but isn't in the Process Statement's sensitivity list
Warning (10492): VHDL Process Statement warning at TYJCQ.vhd(19): signal "B" is read inside the Process Statement but isn't in the Process Statement's sensitivity list
Warning (10492): VHDL Process Statement warning at TYJCQ.vhd(21): signal "C" is read inside the Process Statement but isn't in the Process Statement's sensitivity list
Warning (10492): VHDL Process Statement warning at TYJCQ.vhd(24): signal "A" is read inside the Process Statement but isn't in the Process Statement's sensitivity list
Warning (10492): VHDL Process Statement warning at TYJCQ.vhd(26): signal "B" is read inside the Process Statement but isn't in the Process Statement's sensitivity list
Warning (10492): VHDL Process Statement warning at TYJCQ.vhd(28): signal "C" is read inside the Process Statement but isn't in the Process Statement's sensitivity list
Warning (10631): VHDL Process Statement warning at TYJCQ.vhd(14): inferring latch(es) for signal or variable "AO", which holds its previous value in one or more paths through the process
Warning (10631): VHDL Process Statement warning at TYJCQ.vhd(14): inferring latch(es) for signal or variable "BO", which holds its previous value in one or more paths through the process
Info (10041): Inferred latch for "BO[0]" at TYJCQ.vhd(14)
Info (10041): Inferred latch for "BO[1]" at TYJCQ.vhd(14)
Info (10041): Inferred latch for "BO[2]" at TYJCQ.vhd(14)
Info (10041): Inferred latch for "BO[3]" at TYJCQ.vhd(14)
Info (10041): Inferred latch for "BO[4]" at TYJCQ.vhd(14)
Info (10041): Inferred latch for "BO[5]" at TYJCQ.vhd(14)
Info (10041): Inferred latch for "BO[6]" at TYJCQ.vhd(14)
Info (10041): Inferred latch for "BO[7]" at TYJCQ.vhd(14)
Info (10041): Inferred latch for "AO[0]" at TYJCQ.vhd(14)
Info (10041): Inferred latch for "AO[1]" at TYJCQ.vhd(14)
Info (10041): Inferred latch for "AO[2]" at TYJCQ.vhd(14)
Info (10041): Inferred latch for "AO[3]" at TYJCQ.vhd(14)
Info (10041): Inferred latch for "AO[4]" at TYJCQ.vhd(14)
Info (10041): Inferred latch for "AO[5]" at TYJCQ.vhd(14)
Info (10041): Inferred latch for "AO[6]" at TYJCQ.vhd(14)
Info (10041): Inferred latch for "AO[7]" at TYJCQ.vhd(14)
Info: Elaborating entity "YWJCQ" for hierarchy "YWJCQ:inst8"
Info: Elaborating entity "ALU" for hierarchy "ALU:inst"
Warning (10492): VHDL Process Statement warning at ALU.vhd(22): signal "x0" is read inside the Process Statement but isn't in the Process Statement's sensitivity list
Warning (10492): VHDL Process Statement warning at ALU.vhd(22): signal "y0" is read inside the Process Statement but isn't in the Process Statement's sensitivity list
Warning (10492): VHDL Process Statement warning at ALU.vhd(23): signal "T0" is read inside the Process Statement but isn't in the Process Statement's sensitivity list
Warning (10492): VHDL Process Statement warning at ALU.vhd(25): signal "x0" is read inside the Process Statement but isn't in the Process Statement's sensitivity list
Warning (10492): VHDL Process Statement warning at ALU.vhd(25): signal "y0" is read inside the Process Statement but isn't in the Process Statement's sensitivity list
Warning (10492): VHDL Process Statement warning at ALU.vhd(26): signal "T0" is read inside the Process Statement but isn't in the Process Statement's sensitivity list
Warning (10492): VHDL Process Statement warning at ALU.vhd(29): signal "x0" is read inside the Process Statement but isn't in the Process Statement's sensitivity list
Warning (10492): VHDL Process Statement warning at ALU.vhd(29): signal "y0" is read inside the Process Statement but isn't in the Process Statement's sensitivity list
Warning (10492): VHDL Process Statement warning at ALU.vhd(33): signal "y0" is read inside the Process Statement but isn't in the Process Statement's sensitivity list
Warning (10492): VHDL Process Statement warning at ALU.vhd(40): signal "y0" is read inside the Process Statement but isn't in the Process Statement's sensitivity list
Warning (10492): VHDL Process Statement warning at ALU.vhd(42): signal "x0" is read inside the Process Statement but isn't in the Process Statement's sensitivity list
Warning (10492): VHDL Process Statement warning at ALU.vhd(45): signal "T0" is read inside the Process Statement but isn't in the Process Statement's sensitivity list
Warning (10631): VHDL Process Statement warning at ALU.vhd(17): inferring latch(es) for signal or variable "T0", which holds its previous value in one or more paths through the process
Warning (10631): VHDL Process Statement warning at ALU.vhd(17): inferring latch(es) for signal or variable "CF", which holds its previous value in one or more paths through the process
Info (10041): Inferred latch for "CF" at ALU.vhd(17)
Info (10041): Inferred latch for "T0[0]" at ALU.vhd(17)
Info (10041): Inferred latch for "T0[1]" at ALU.vhd(17)
Info (10041): Inferred latch for "T0[2]" at ALU.vhd(17)
Info (10041): Inferred latch for "T0[3]" at ALU.vhd(17)
Info (10041): Inferred latch for "T0[4]" at ALU.vhd(17)
Info (10041): Inferred latch for "T0[5]" at ALU.vhd(17)
Info (10041): Inferred latch for "T0[6]" at ALU.vhd(17)
Info (10041): Inferred latch for "T0[7]" at ALU.vhd(17)
Info (10041): Inferred latch for "T0[8]" at ALU.vhd(17)
Info: Elaborating entity "Z" for hierarchy "Z:inst9"
Info: Elaborating entity "C" for hierarchy "C:inst1"
Warning: LATCH primitive "TYJCQ:inst2|BO[0]" is permanently enabled
Warning: LATCH primitive "TYJCQ:inst2|BO[1]" is permanently enabled
Warning: LATCH primitive "TYJCQ:inst2|BO[2]" is permanently enabled
Warning: LATCH primitive "TYJCQ:inst2|BO[3]" is permanently enabled
Warning: LATCH primitive "TYJCQ:inst2|BO[4]" is permanently enabled
Warning: LATCH primitive "TYJCQ:inst2|BO[5]" is permanently enabled
Warning: LATCH primitive "TYJCQ:inst2|BO[6]" is permanently enabled
Warning: LATCH primitive "TYJCQ:inst2|BO[7]" is permanently enabled
Warning: LATCH primitive "TYJCQ:inst2|AO[0]" is permanently enabled
Warning: LATCH primitive "TYJCQ:inst2|AO[1]" is permanently enabled
Warning: LATCH primitive "TYJCQ:inst2|AO[2]" is permanently enabled
Warning: LATCH primitive "TYJCQ:inst2|AO[3]" is permanently enabled
Warning: LATCH primitive "TYJCQ:inst2|AO[4]" is permanently enabled
Warning: LATCH primitive "TYJCQ:inst2|AO[5]" is permanently enabled
Warning: LATCH primitive "TYJCQ:inst2|AO[6]" is permanently enabled
Warning: LATCH primitive "TYJCQ:inst2|AO[7]" is permanently enabled
Warning: Tri-state node(s) do not directly drive top-level pin(s)
    Warning: Converted the fan-out from the tri-state buffer "inst19[7]" to the node "lpm_ram_io:inst11|altram:sram|altsyncram:ram_block|altsyncram_ii91:auto_generated|q_a[7]" into an OR gate
    Warning: Converted the fan-out from the tri-state buffer "inst19[6]" to the node "lpm_ram_io:inst11|altram:sram|altsyncram:ram_block|altsyncram_ii91:auto_generated|q_a[6]" into an OR gate
    Warning: Converted the fan-out from the tri-state buffer "inst19[5]" to the node "lpm_ram_io:inst11|altram:sram|altsyncram:ram_block|altsyncram_ii91:auto_generated|q_a[5]" into an OR gate
    Warning: Converted the fan-out from the tri-state buffer "inst19[4]" to the node "lpm_ram_io:inst11|altram:sram|altsyncram:ram_block|altsyncram_ii91:auto_generated|q_a[4]" into an OR gate
    Warning: Converted the fan-out from the tri-state buffer "inst19[3]" to the node "lpm_ram_io:inst11|altram:sram|altsyncram:ram_block|altsyncram_ii91:auto_generated|q_a[3]" into an OR gate
    Warning: Converted the fan-out from the tri-state buffer "inst19[2]" to the node "lpm_ram_io:inst11|altram:sram|altsyncram:ram_block|altsyncram_ii91:auto_generated|q_a[2]" into an OR gate
    Warning: Converted the fan-out from the tri-state buffer "inst19[1]" to the node "lpm_ram_io:inst11|altram:sram|altsyncram:ram_block|altsyncram_ii91:auto_generated|q_a[1]" into an OR gate
    Warning: Converted the fan-out from the tri-state buffer "inst19[0]" to the node "lpm_ram_io:inst11|altram:sram|altsyncram:ram_block|altsyncram_ii91:auto_generated|q_a[0]" into an OR gate
Warning: Latch ALU:inst|CF has unsafe behavior
    Warning: Ports D and ENA on the latch are fed by the same signal IR:inst3|Q[7]
Warning: Latch ALU:inst|T0[0] has unsafe behavior
    Warning: Ports D and ENA on the latch are fed by the same signal ztcx:inst22|ALU_M
Warning: Latch decoder_n_m:inst16|ORDER[8] has unsafe behavior
    Warning: Ports D and ENA on the latch are fed by the same signal decoder_n_m:inst16|process_0~6
Warning: Latch ALU:inst|T0[7] has unsafe behavior
    Warning: Ports D and ENA on the latch are fed by the same signal ztcx:inst22|ALU_M
Warning: Latch decoder_n_m:inst16|ORDER[7] has unsafe behavior
    Warning: Ports D and ENA on the latch are fed by the same signal decoder_n_m:inst16|process_0~7
Warning: Latch decoder_n_m:inst16|ORDER[10] has unsafe behavior
    Warning: Ports D and ENA on the latch are fed by the same signal IR:inst3|Q[7]
Warning: Latch decoder_n_m:inst16|ORDER[11] has unsafe behavior
    Warning: Ports D and ENA on the latch are fed by the same signal IR:inst3|Q[7]
Warning: Latch decoder_n_m:inst16|ORDER[12] has unsafe behavior
    Warning: Ports D and ENA on the latch are fed by the same signal IR:inst3|Q[7]
Warning: Latch decoder_n_m:inst16|ORDER[0] has unsafe behavior
    Warning: Ports D and ENA on the latch are fed by the same signal decoder_n_m:inst16|process_0~15
Warning: Latch decoder_n_m:inst16|ORDER[3] has unsafe behavior
    Warning: Ports D and ENA on the latch are fed by the same signal IR:inst3|Q[7]
Warning: Latch decoder_n_m:inst16|ORDER[9] has unsafe behavior
    Warning: Ports D and ENA on the latch are fed by the same signal IR:inst3|Q[7]
Warning: Latch decoder_n_m:inst16|ORDER[13] has unsafe behavior
    Warning: Ports D and ENA on the latch are fed by the same signal decoder_n_m:inst16|process_0~7
Warning: Latch decoder_n_m:inst16|ORDER[15] has unsafe behavior
    Warning: Ports D and ENA on the latch are fed by the same signal decoder_n_m:inst16|process_0~6
Warning: Latch decoder_n_m:inst16|ORDER[2] has unsafe behavior
    Warning: Ports D and ENA on the latch are fed by the same signal IR:inst3|Q[7]
Warning: Latch ALU:inst|T0[8] has unsafe behavior
    Warning: Ports D and ENA on the latch are fed by the same signal ztcx:inst22|ALU_M
Warning: Latch ALU:inst|T0[6] has unsafe behavior
    Warning: Ports D and ENA on the latch are fed by the same signal ztcx:inst22|ALU_M
Warning: Latch decoder_n_m:inst16|ORDER[14] has unsafe behavior
    Warning: Ports D and ENA on the latch are fed by the same signal decoder_n_m:inst16|process_0~6
Warning: Latch decoder_n_m:inst16|ORDER[6] has unsafe behavior
    Warning: Ports D and ENA on the latch are fed by the same signal decoder_n_m:inst16|process_0~9
Warning: Latch decoder_n_m:inst16|ORDER[4] has unsafe behavior
    Warning: Ports D and ENA on the latch are fed by the same signal decoder_n_m:inst16|process_0~11
Warning: Latch decoder_n_m:inst16|ORDER[5] has unsafe behavior
    Warning: Ports D and ENA on the latch are fed by the same signal decoder_n_m:inst16|process_0~10
Warning: Latch ALU:inst|T0[5] has unsafe behavior
    Warning: Ports D and ENA on the latch are fed by the same signal ztcx:inst22|ALU_M
Warning: Latch ALU:inst|T0[4] has unsafe behavior
    Warning: Ports D and ENA on the latch are fed by the same signal ztcx:inst22|ALU_M
Warning: Latch ALU:inst|T0[3] has unsafe behavior
    Warning: Ports D and ENA on the latch are fed by the same signal ztcx:inst22|ALU_M
Warning: Latch ALU:inst|T0[2] has unsafe behavior
    Warning: Ports D and ENA on the latch are fed by the same signal ztcx:inst22|ALU_M
Warning: Latch ALU:inst|T0[1] has unsafe behavior
    Warning: Ports D and ENA on the latch are fed by the same signal ztcx:inst22|ALU_M
Warning: Latch decoder_n_m:inst16|ORDER[1] has unsafe behavior
    Warning: Ports D and ENA on the latch are fed by the same signal decoder_n_m:inst16|process_0~13
Info: Implemented 339 device resources after synthesis - the final resource count might be different
    Info: Implemented 9 input pins
    Info: Implemented 51 output pins
    Info: Implemented 271 logic cells
    Info: Implemented 8 RAM segments
Info: Quartus II Analysis & Synthesis was successful. 0 errors, 139 warnings
    Info: Peak virtual memory: 261 megabytes
    Info: Processing ended: Sat Dec 21 22:51:36 2019
    Info: Elapsed time: 00:00:03
    Info: Total CPU time (on all processors): 00:00:03


