Simulator report for MUX_eight_three_one
Sat Nov 09 13:39:58 2019
Quartus II Version 9.0 Build 184 04/29/2009 Service Pack 1 SJ Web Edition


---------------------
; Table of Contents ;
---------------------
  1. Legal Notice
  2. Simulator Summary
  3. Simulator Settings
  4. Simulation Waveforms
  5. Coverage Summary
  6. Complete 1/0-Value Coverage
  7. Missing 1-Value Coverage
  8. Missing 0-Value Coverage
  9. Simulator INI Usage
 10. Simulator Messages



----------------
; Legal Notice ;
----------------
Copyright (C) 1991-2009 Altera Corporation
Your use of Altera Corporation's design tools, logic functions 
and other software and tools, and its AMPP partner logic 
functions, and any output files from any of the foregoing 
(including device programming or simulation files), and any 
associated documentation or information are expressly subject 
to the terms and conditions of the Altera Program License 
Subscription Agreement, Altera MegaCore Function License 
Agreement, or other applicable license agreement, including, 
without limitation, that your use is for the sole purpose of 
programming logic devices manufactured by Altera and sold by 
Altera or its authorized distributors.  Please refer to the 
applicable agreement for further details.



+--------------------------------------------+
; Simulator Summary                          ;
+-----------------------------+--------------+
; Type                        ; Value        ;
+-----------------------------+--------------+
; Simulation Start Time       ; 0 ps         ;
; Simulation End Time         ; 1.0 us       ;
; Simulation Netlist Size     ; 202 nodes    ;
; Simulation Coverage         ;      98.02 % ;
; Total Number of Transitions ; 59546        ;
; Simulation Breakpoints      ; 0            ;
; Family                      ; Cyclone      ;
+-----------------------------+--------------+


+--------------------------------------------------------------------------------------------------------------------------------------+
; Simulator Settings                                                                                                                   ;
+--------------------------------------------------------------------------------------------+-------------------------+---------------+
; Option                                                                                     ; Setting                 ; Default Value ;
+--------------------------------------------------------------------------------------------+-------------------------+---------------+
; Simulation mode                                                                            ; Functional              ; Timing        ;
; Start time                                                                                 ; 0 ns                    ; 0 ns          ;
; Simulation results format                                                                  ; CVWF                    ;               ;
; Vector input source                                                                        ; MUX_eight_three_one.vwf ;               ;
; Add pins automatically to simulation output waveforms                                      ; On                      ; On            ;
; Check outputs                                                                              ; Off                     ; Off           ;
; Report simulation coverage                                                                 ; On                      ; On            ;
; Display complete 1/0 value coverage report                                                 ; On                      ; On            ;
; Display missing 1-value coverage report                                                    ; On                      ; On            ;
; Display missing 0-value coverage report                                                    ; On                      ; On            ;
; Detect setup and hold time violations                                                      ; Off                     ; Off           ;
; Detect glitches                                                                            ; Off                     ; Off           ;
; Disable timing delays in Timing Simulation                                                 ; Off                     ; Off           ;
; Generate Signal Activity File                                                              ; Off                     ; Off           ;
; Generate VCD File for PowerPlay Power Analyzer                                             ; Off                     ; Off           ;
; Group bus channels in simulation results                                                   ; Off                     ; Off           ;
; Preserve fewer signal transitions to reduce memory requirements                            ; On                      ; On            ;
; Trigger vector comparison with the specified mode                                          ; INPUT_EDGE              ; INPUT_EDGE    ;
; Disable setup and hold time violations detection in input registers of bi-directional pins ; Off                     ; Off           ;
; Overwrite Waveform Inputs With Simulation Outputs                                          ; Off                     ;               ;
; Perform Glitch Filtering in Timing Simulation                                              ; Auto                    ; Auto          ;
+--------------------------------------------------------------------------------------------+-------------------------+---------------+


+----------------------+
; Simulation Waveforms ;
+----------------------+
Waveform report data cannot be output to ASCII.
Please use Quartus II to view the waveform report data.


+--------------------------------------------------------------------+
; Coverage Summary                                                   ;
+-----------------------------------------------------+--------------+
; Type                                                ; Value        ;
+-----------------------------------------------------+--------------+
; Total coverage as a percentage                      ;      98.02 % ;
; Total nodes checked                                 ; 202          ;
; Total output ports checked                          ; 202          ;
; Total output ports with complete 1/0-value coverage ; 198          ;
; Total output ports with no 1/0-value coverage       ; 4            ;
; Total output ports with no 1-value coverage         ; 4            ;
; Total output ports with no 0-value coverage         ; 4            ;
+-----------------------------------------------------+--------------+


The following table displays output ports that toggle between 1 and 0 during simulation.
+--------------------------------------------------------------------------------------------------------------------------------------------------------------------------+
; Complete 1/0-Value Coverage                                                                                                                                              ;
+---------------------------------------------------------------------------+---------------------------------------------------------------------------+------------------+
; Node Name                                                                 ; Output Port Name                                                          ; Output Port Type ;
+---------------------------------------------------------------------------+---------------------------------------------------------------------------+------------------+
; |MUX_eight_three_one|I0[0]                                                ; |MUX_eight_three_one|I0[0]                                                ; out              ;
; |MUX_eight_three_one|I0[1]                                                ; |MUX_eight_three_one|I0[1]                                                ; out              ;
; |MUX_eight_three_one|I0[2]                                                ; |MUX_eight_three_one|I0[2]                                                ; out              ;
; |MUX_eight_three_one|I0[3]                                                ; |MUX_eight_three_one|I0[3]                                                ; out              ;
; |MUX_eight_three_one|I0[4]                                                ; |MUX_eight_three_one|I0[4]                                                ; out              ;
; |MUX_eight_three_one|I0[5]                                                ; |MUX_eight_three_one|I0[5]                                                ; out              ;
; |MUX_eight_three_one|I0[6]                                                ; |MUX_eight_three_one|I0[6]                                                ; out              ;
; |MUX_eight_three_one|I0[7]                                                ; |MUX_eight_three_one|I0[7]                                                ; out              ;
; |MUX_eight_three_one|I1[0]                                                ; |MUX_eight_three_one|I1[0]                                                ; out              ;
; |MUX_eight_three_one|I1[1]                                                ; |MUX_eight_three_one|I1[1]                                                ; out              ;
; |MUX_eight_three_one|I1[2]                                                ; |MUX_eight_three_one|I1[2]                                                ; out              ;
; |MUX_eight_three_one|I1[3]                                                ; |MUX_eight_three_one|I1[3]                                                ; out              ;
; |MUX_eight_three_one|I1[4]                                                ; |MUX_eight_three_one|I1[4]                                                ; out              ;
; |MUX_eight_three_one|I1[5]                                                ; |MUX_eight_three_one|I1[5]                                                ; out              ;
; |MUX_eight_three_one|I1[6]                                                ; |MUX_eight_three_one|I1[6]                                                ; out              ;
; |MUX_eight_three_one|I1[7]                                                ; |MUX_eight_three_one|I1[7]                                                ; out              ;
; |MUX_eight_three_one|I2[0]                                                ; |MUX_eight_three_one|I2[0]                                                ; out              ;
; |MUX_eight_three_one|I2[1]                                                ; |MUX_eight_three_one|I2[1]                                                ; out              ;
; |MUX_eight_three_one|I2[2]                                                ; |MUX_eight_three_one|I2[2]                                                ; out              ;
; |MUX_eight_three_one|I2[3]                                                ; |MUX_eight_three_one|I2[3]                                                ; out              ;
; |MUX_eight_three_one|I2[4]                                                ; |MUX_eight_three_one|I2[4]                                                ; out              ;
; |MUX_eight_three_one|I2[5]                                                ; |MUX_eight_three_one|I2[5]                                                ; out              ;
; |MUX_eight_three_one|I2[6]                                                ; |MUX_eight_three_one|I2[6]                                                ; out              ;
; |MUX_eight_three_one|I2[7]                                                ; |MUX_eight_three_one|I2[7]                                                ; out              ;
; |MUX_eight_three_one|S[0]                                                 ; |MUX_eight_three_one|S[0]                                                 ; out              ;
; |MUX_eight_three_one|S[1]                                                 ; |MUX_eight_three_one|S[1]                                                 ; out              ;
; |MUX_eight_three_one|Z[0]                                                 ; |MUX_eight_three_one|Z[0]                                                 ; pin_out          ;
; |MUX_eight_three_one|Z[1]                                                 ; |MUX_eight_three_one|Z[1]                                                 ; pin_out          ;
; |MUX_eight_three_one|Z[2]                                                 ; |MUX_eight_three_one|Z[2]                                                 ; pin_out          ;
; |MUX_eight_three_one|Z[3]                                                 ; |MUX_eight_three_one|Z[3]                                                 ; pin_out          ;
; |MUX_eight_three_one|Z[4]                                                 ; |MUX_eight_three_one|Z[4]                                                 ; pin_out          ;
; |MUX_eight_three_one|Z[5]                                                 ; |MUX_eight_three_one|Z[5]                                                 ; pin_out          ;
; |MUX_eight_three_one|Z[6]                                                 ; |MUX_eight_three_one|Z[6]                                                 ; pin_out          ;
; |MUX_eight_three_one|Z[7]                                                 ; |MUX_eight_three_one|Z[7]                                                 ; pin_out          ;
; |MUX_eight_three_one|lpm_mux:Mux7|mux_cfc:auto_generated|_~0              ; |MUX_eight_three_one|lpm_mux:Mux7|mux_cfc:auto_generated|_~0              ; out0             ;
; |MUX_eight_three_one|lpm_mux:Mux7|mux_cfc:auto_generated|_~1              ; |MUX_eight_three_one|lpm_mux:Mux7|mux_cfc:auto_generated|_~1              ; out0             ;
; |MUX_eight_three_one|lpm_mux:Mux7|mux_cfc:auto_generated|_~2              ; |MUX_eight_three_one|lpm_mux:Mux7|mux_cfc:auto_generated|_~2              ; out0             ;
; |MUX_eight_three_one|lpm_mux:Mux7|mux_cfc:auto_generated|_~3              ; |MUX_eight_three_one|lpm_mux:Mux7|mux_cfc:auto_generated|_~3              ; out0             ;
; |MUX_eight_three_one|lpm_mux:Mux7|mux_cfc:auto_generated|_~4              ; |MUX_eight_three_one|lpm_mux:Mux7|mux_cfc:auto_generated|_~4              ; out0             ;
; |MUX_eight_three_one|lpm_mux:Mux7|mux_cfc:auto_generated|_~5              ; |MUX_eight_three_one|lpm_mux:Mux7|mux_cfc:auto_generated|_~5              ; out0             ;
; |MUX_eight_three_one|lpm_mux:Mux7|mux_cfc:auto_generated|_~6              ; |MUX_eight_three_one|lpm_mux:Mux7|mux_cfc:auto_generated|_~6              ; out0             ;
; |MUX_eight_three_one|lpm_mux:Mux7|mux_cfc:auto_generated|_~7              ; |MUX_eight_three_one|lpm_mux:Mux7|mux_cfc:auto_generated|_~7              ; out0             ;
; |MUX_eight_three_one|lpm_mux:Mux7|mux_cfc:auto_generated|_~8              ; |MUX_eight_three_one|lpm_mux:Mux7|mux_cfc:auto_generated|_~8              ; out0             ;
; |MUX_eight_three_one|lpm_mux:Mux7|mux_cfc:auto_generated|result_node[0]~0 ; |MUX_eight_three_one|lpm_mux:Mux7|mux_cfc:auto_generated|result_node[0]~0 ; out0             ;
; |MUX_eight_three_one|lpm_mux:Mux7|mux_cfc:auto_generated|_~9              ; |MUX_eight_three_one|lpm_mux:Mux7|mux_cfc:auto_generated|_~9              ; out0             ;
; |MUX_eight_three_one|lpm_mux:Mux7|mux_cfc:auto_generated|_~10             ; |MUX_eight_three_one|lpm_mux:Mux7|mux_cfc:auto_generated|_~10             ; out0             ;
; |MUX_eight_three_one|lpm_mux:Mux7|mux_cfc:auto_generated|_~11             ; |MUX_eight_three_one|lpm_mux:Mux7|mux_cfc:auto_generated|_~11             ; out0             ;
; |MUX_eight_three_one|lpm_mux:Mux7|mux_cfc:auto_generated|_~12             ; |MUX_eight_three_one|lpm_mux:Mux7|mux_cfc:auto_generated|_~12             ; out0             ;
; |MUX_eight_three_one|lpm_mux:Mux7|mux_cfc:auto_generated|_~13             ; |MUX_eight_three_one|lpm_mux:Mux7|mux_cfc:auto_generated|_~13             ; out0             ;
; |MUX_eight_three_one|lpm_mux:Mux7|mux_cfc:auto_generated|_~14             ; |MUX_eight_three_one|lpm_mux:Mux7|mux_cfc:auto_generated|_~14             ; out0             ;
; |MUX_eight_three_one|lpm_mux:Mux7|mux_cfc:auto_generated|_~15             ; |MUX_eight_three_one|lpm_mux:Mux7|mux_cfc:auto_generated|_~15             ; out0             ;
; |MUX_eight_three_one|lpm_mux:Mux7|mux_cfc:auto_generated|_~16             ; |MUX_eight_three_one|lpm_mux:Mux7|mux_cfc:auto_generated|_~16             ; out0             ;
; |MUX_eight_three_one|lpm_mux:Mux7|mux_cfc:auto_generated|_~17             ; |MUX_eight_three_one|lpm_mux:Mux7|mux_cfc:auto_generated|_~17             ; out0             ;
; |MUX_eight_three_one|lpm_mux:Mux7|mux_cfc:auto_generated|result_node[0]~1 ; |MUX_eight_three_one|lpm_mux:Mux7|mux_cfc:auto_generated|result_node[0]~1 ; out0             ;
; |MUX_eight_three_one|lpm_mux:Mux7|mux_cfc:auto_generated|result_node[0]   ; |MUX_eight_three_one|lpm_mux:Mux7|mux_cfc:auto_generated|result_node[0]   ; out0             ;
; |MUX_eight_three_one|lpm_mux:Mux6|mux_cfc:auto_generated|_~0              ; |MUX_eight_three_one|lpm_mux:Mux6|mux_cfc:auto_generated|_~0              ; out0             ;
; |MUX_eight_three_one|lpm_mux:Mux6|mux_cfc:auto_generated|_~1              ; |MUX_eight_three_one|lpm_mux:Mux6|mux_cfc:auto_generated|_~1              ; out0             ;
; |MUX_eight_three_one|lpm_mux:Mux6|mux_cfc:auto_generated|_~2              ; |MUX_eight_three_one|lpm_mux:Mux6|mux_cfc:auto_generated|_~2              ; out0             ;
; |MUX_eight_three_one|lpm_mux:Mux6|mux_cfc:auto_generated|_~3              ; |MUX_eight_three_one|lpm_mux:Mux6|mux_cfc:auto_generated|_~3              ; out0             ;
; |MUX_eight_three_one|lpm_mux:Mux6|mux_cfc:auto_generated|_~4              ; |MUX_eight_three_one|lpm_mux:Mux6|mux_cfc:auto_generated|_~4              ; out0             ;
; |MUX_eight_three_one|lpm_mux:Mux6|mux_cfc:auto_generated|_~5              ; |MUX_eight_three_one|lpm_mux:Mux6|mux_cfc:auto_generated|_~5              ; out0             ;
; |MUX_eight_three_one|lpm_mux:Mux6|mux_cfc:auto_generated|_~6              ; |MUX_eight_three_one|lpm_mux:Mux6|mux_cfc:auto_generated|_~6              ; out0             ;
; |MUX_eight_three_one|lpm_mux:Mux6|mux_cfc:auto_generated|_~7              ; |MUX_eight_three_one|lpm_mux:Mux6|mux_cfc:auto_generated|_~7              ; out0             ;
; |MUX_eight_three_one|lpm_mux:Mux6|mux_cfc:auto_generated|_~8              ; |MUX_eight_three_one|lpm_mux:Mux6|mux_cfc:auto_generated|_~8              ; out0             ;
; |MUX_eight_three_one|lpm_mux:Mux6|mux_cfc:auto_generated|result_node[0]~0 ; |MUX_eight_three_one|lpm_mux:Mux6|mux_cfc:auto_generated|result_node[0]~0 ; out0             ;
; |MUX_eight_three_one|lpm_mux:Mux6|mux_cfc:auto_generated|_~9              ; |MUX_eight_three_one|lpm_mux:Mux6|mux_cfc:auto_generated|_~9              ; out0             ;
; |MUX_eight_three_one|lpm_mux:Mux6|mux_cfc:auto_generated|_~10             ; |MUX_eight_three_one|lpm_mux:Mux6|mux_cfc:auto_generated|_~10             ; out0             ;
; |MUX_eight_three_one|lpm_mux:Mux6|mux_cfc:auto_generated|_~11             ; |MUX_eight_three_one|lpm_mux:Mux6|mux_cfc:auto_generated|_~11             ; out0             ;
; |MUX_eight_three_one|lpm_mux:Mux6|mux_cfc:auto_generated|_~12             ; |MUX_eight_three_one|lpm_mux:Mux6|mux_cfc:auto_generated|_~12             ; out0             ;
; |MUX_eight_three_one|lpm_mux:Mux6|mux_cfc:auto_generated|_~13             ; |MUX_eight_three_one|lpm_mux:Mux6|mux_cfc:auto_generated|_~13             ; out0             ;
; |MUX_eight_three_one|lpm_mux:Mux6|mux_cfc:auto_generated|_~14             ; |MUX_eight_three_one|lpm_mux:Mux6|mux_cfc:auto_generated|_~14             ; out0             ;
; |MUX_eight_three_one|lpm_mux:Mux6|mux_cfc:auto_generated|_~15             ; |MUX_eight_three_one|lpm_mux:Mux6|mux_cfc:auto_generated|_~15             ; out0             ;
; |MUX_eight_three_one|lpm_mux:Mux6|mux_cfc:auto_generated|_~16             ; |MUX_eight_three_one|lpm_mux:Mux6|mux_cfc:auto_generated|_~16             ; out0             ;
; |MUX_eight_three_one|lpm_mux:Mux6|mux_cfc:auto_generated|_~17             ; |MUX_eight_three_one|lpm_mux:Mux6|mux_cfc:auto_generated|_~17             ; out0             ;
; |MUX_eight_three_one|lpm_mux:Mux6|mux_cfc:auto_generated|result_node[0]~1 ; |MUX_eight_three_one|lpm_mux:Mux6|mux_cfc:auto_generated|result_node[0]~1 ; out0             ;
; |MUX_eight_three_one|lpm_mux:Mux6|mux_cfc:auto_generated|result_node[0]   ; |MUX_eight_three_one|lpm_mux:Mux6|mux_cfc:auto_generated|result_node[0]   ; out0             ;
; |MUX_eight_three_one|lpm_mux:Mux5|mux_cfc:auto_generated|_~0              ; |MUX_eight_three_one|lpm_mux:Mux5|mux_cfc:auto_generated|_~0              ; out0             ;
; |MUX_eight_three_one|lpm_mux:Mux5|mux_cfc:auto_generated|_~1              ; |MUX_eight_three_one|lpm_mux:Mux5|mux_cfc:auto_generated|_~1              ; out0             ;
; |MUX_eight_three_one|lpm_mux:Mux5|mux_cfc:auto_generated|_~2              ; |MUX_eight_three_one|lpm_mux:Mux5|mux_cfc:auto_generated|_~2              ; out0             ;
; |MUX_eight_three_one|lpm_mux:Mux5|mux_cfc:auto_generated|_~3              ; |MUX_eight_three_one|lpm_mux:Mux5|mux_cfc:auto_generated|_~3              ; out0             ;
; |MUX_eight_three_one|lpm_mux:Mux5|mux_cfc:auto_generated|_~4              ; |MUX_eight_three_one|lpm_mux:Mux5|mux_cfc:auto_generated|_~4              ; out0             ;
; |MUX_eight_three_one|lpm_mux:Mux5|mux_cfc:auto_generated|_~5              ; |MUX_eight_three_one|lpm_mux:Mux5|mux_cfc:auto_generated|_~5              ; out0             ;
; |MUX_eight_three_one|lpm_mux:Mux5|mux_cfc:auto_generated|_~6              ; |MUX_eight_three_one|lpm_mux:Mux5|mux_cfc:auto_generated|_~6              ; out0             ;
; |MUX_eight_three_one|lpm_mux:Mux5|mux_cfc:auto_generated|_~7              ; |MUX_eight_three_one|lpm_mux:Mux5|mux_cfc:auto_generated|_~7              ; out0             ;
; |MUX_eight_three_one|lpm_mux:Mux5|mux_cfc:auto_generated|_~8              ; |MUX_eight_three_one|lpm_mux:Mux5|mux_cfc:auto_generated|_~8              ; out0             ;
; |MUX_eight_three_one|lpm_mux:Mux5|mux_cfc:auto_generated|result_node[0]~0 ; |MUX_eight_three_one|lpm_mux:Mux5|mux_cfc:auto_generated|result_node[0]~0 ; out0             ;
; |MUX_eight_three_one|lpm_mux:Mux5|mux_cfc:auto_generated|_~9              ; |MUX_eight_three_one|lpm_mux:Mux5|mux_cfc:auto_generated|_~9              ; out0             ;
; |MUX_eight_three_one|lpm_mux:Mux5|mux_cfc:auto_generated|_~10             ; |MUX_eight_three_one|lpm_mux:Mux5|mux_cfc:auto_generated|_~10             ; out0             ;
; |MUX_eight_three_one|lpm_mux:Mux5|mux_cfc:auto_generated|_~11             ; |MUX_eight_three_one|lpm_mux:Mux5|mux_cfc:auto_generated|_~11             ; out0             ;
; |MUX_eight_three_one|lpm_mux:Mux5|mux_cfc:auto_generated|_~12             ; |MUX_eight_three_one|lpm_mux:Mux5|mux_cfc:auto_generated|_~12             ; out0             ;
; |MUX_eight_three_one|lpm_mux:Mux5|mux_cfc:auto_generated|_~13             ; |MUX_eight_three_one|lpm_mux:Mux5|mux_cfc:auto_generated|_~13             ; out0             ;
; |MUX_eight_three_one|lpm_mux:Mux5|mux_cfc:auto_generated|_~14             ; |MUX_eight_three_one|lpm_mux:Mux5|mux_cfc:auto_generated|_~14             ; out0             ;
; |MUX_eight_three_one|lpm_mux:Mux5|mux_cfc:auto_generated|_~15             ; |MUX_eight_three_one|lpm_mux:Mux5|mux_cfc:auto_generated|_~15             ; out0             ;
; |MUX_eight_three_one|lpm_mux:Mux5|mux_cfc:auto_generated|_~16             ; |MUX_eight_three_one|lpm_mux:Mux5|mux_cfc:auto_generated|_~16             ; out0             ;
; |MUX_eight_three_one|lpm_mux:Mux5|mux_cfc:auto_generated|_~17             ; |MUX_eight_three_one|lpm_mux:Mux5|mux_cfc:auto_generated|_~17             ; out0             ;
; |MUX_eight_three_one|lpm_mux:Mux5|mux_cfc:auto_generated|result_node[0]~1 ; |MUX_eight_three_one|lpm_mux:Mux5|mux_cfc:auto_generated|result_node[0]~1 ; out0             ;
; |MUX_eight_three_one|lpm_mux:Mux5|mux_cfc:auto_generated|result_node[0]   ; |MUX_eight_three_one|lpm_mux:Mux5|mux_cfc:auto_generated|result_node[0]   ; out0             ;
; |MUX_eight_three_one|lpm_mux:Mux4|mux_cfc:auto_generated|_~0              ; |MUX_eight_three_one|lpm_mux:Mux4|mux_cfc:auto_generated|_~0              ; out0             ;
; |MUX_eight_three_one|lpm_mux:Mux4|mux_cfc:auto_generated|_~1              ; |MUX_eight_three_one|lpm_mux:Mux4|mux_cfc:auto_generated|_~1              ; out0             ;
; |MUX_eight_three_one|lpm_mux:Mux4|mux_cfc:auto_generated|_~2              ; |MUX_eight_three_one|lpm_mux:Mux4|mux_cfc:auto_generated|_~2              ; out0             ;
; |MUX_eight_three_one|lpm_mux:Mux4|mux_cfc:auto_generated|_~3              ; |MUX_eight_three_one|lpm_mux:Mux4|mux_cfc:auto_generated|_~3              ; out0             ;
; |MUX_eight_three_one|lpm_mux:Mux4|mux_cfc:auto_generated|_~5              ; |MUX_eight_three_one|lpm_mux:Mux4|mux_cfc:auto_generated|_~5              ; out0             ;
; |MUX_eight_three_one|lpm_mux:Mux4|mux_cfc:auto_generated|_~6              ; |MUX_eight_three_one|lpm_mux:Mux4|mux_cfc:auto_generated|_~6              ; out0             ;
; |MUX_eight_three_one|lpm_mux:Mux4|mux_cfc:auto_generated|_~7              ; |MUX_eight_three_one|lpm_mux:Mux4|mux_cfc:auto_generated|_~7              ; out0             ;
; |MUX_eight_three_one|lpm_mux:Mux4|mux_cfc:auto_generated|_~8              ; |MUX_eight_three_one|lpm_mux:Mux4|mux_cfc:auto_generated|_~8              ; out0             ;
; |MUX_eight_three_one|lpm_mux:Mux4|mux_cfc:auto_generated|result_node[0]~0 ; |MUX_eight_three_one|lpm_mux:Mux4|mux_cfc:auto_generated|result_node[0]~0 ; out0             ;
; |MUX_eight_three_one|lpm_mux:Mux4|mux_cfc:auto_generated|_~9              ; |MUX_eight_three_one|lpm_mux:Mux4|mux_cfc:auto_generated|_~9              ; out0             ;
; |MUX_eight_three_one|lpm_mux:Mux4|mux_cfc:auto_generated|_~10             ; |MUX_eight_three_one|lpm_mux:Mux4|mux_cfc:auto_generated|_~10             ; out0             ;
; |MUX_eight_three_one|lpm_mux:Mux4|mux_cfc:auto_generated|_~11             ; |MUX_eight_three_one|lpm_mux:Mux4|mux_cfc:auto_generated|_~11             ; out0             ;
; |MUX_eight_three_one|lpm_mux:Mux4|mux_cfc:auto_generated|_~13             ; |MUX_eight_three_one|lpm_mux:Mux4|mux_cfc:auto_generated|_~13             ; out0             ;
; |MUX_eight_three_one|lpm_mux:Mux4|mux_cfc:auto_generated|_~14             ; |MUX_eight_three_one|lpm_mux:Mux4|mux_cfc:auto_generated|_~14             ; out0             ;
; |MUX_eight_three_one|lpm_mux:Mux4|mux_cfc:auto_generated|_~15             ; |MUX_eight_three_one|lpm_mux:Mux4|mux_cfc:auto_generated|_~15             ; out0             ;
; |MUX_eight_three_one|lpm_mux:Mux4|mux_cfc:auto_generated|_~16             ; |MUX_eight_three_one|lpm_mux:Mux4|mux_cfc:auto_generated|_~16             ; out0             ;
; |MUX_eight_three_one|lpm_mux:Mux4|mux_cfc:auto_generated|_~17             ; |MUX_eight_three_one|lpm_mux:Mux4|mux_cfc:auto_generated|_~17             ; out0             ;
; |MUX_eight_three_one|lpm_mux:Mux4|mux_cfc:auto_generated|result_node[0]~1 ; |MUX_eight_three_one|lpm_mux:Mux4|mux_cfc:auto_generated|result_node[0]~1 ; out0             ;
; |MUX_eight_three_one|lpm_mux:Mux4|mux_cfc:auto_generated|result_node[0]   ; |MUX_eight_three_one|lpm_mux:Mux4|mux_cfc:auto_generated|result_node[0]   ; out0             ;
; |MUX_eight_three_one|lpm_mux:Mux3|mux_cfc:auto_generated|_~0              ; |MUX_eight_three_one|lpm_mux:Mux3|mux_cfc:auto_generated|_~0              ; out0             ;
; |MUX_eight_three_one|lpm_mux:Mux3|mux_cfc:auto_generated|_~1              ; |MUX_eight_three_one|lpm_mux:Mux3|mux_cfc:auto_generated|_~1              ; out0             ;
; |MUX_eight_three_one|lpm_mux:Mux3|mux_cfc:auto_generated|_~2              ; |MUX_eight_three_one|lpm_mux:Mux3|mux_cfc:auto_generated|_~2              ; out0             ;
; |MUX_eight_three_one|lpm_mux:Mux3|mux_cfc:auto_generated|_~3              ; |MUX_eight_three_one|lpm_mux:Mux3|mux_cfc:auto_generated|_~3              ; out0             ;
; |MUX_eight_three_one|lpm_mux:Mux3|mux_cfc:auto_generated|_~4              ; |MUX_eight_three_one|lpm_mux:Mux3|mux_cfc:auto_generated|_~4              ; out0             ;
; |MUX_eight_three_one|lpm_mux:Mux3|mux_cfc:auto_generated|_~5              ; |MUX_eight_three_one|lpm_mux:Mux3|mux_cfc:auto_generated|_~5              ; out0             ;
; |MUX_eight_three_one|lpm_mux:Mux3|mux_cfc:auto_generated|_~6              ; |MUX_eight_three_one|lpm_mux:Mux3|mux_cfc:auto_generated|_~6              ; out0             ;
; |MUX_eight_three_one|lpm_mux:Mux3|mux_cfc:auto_generated|_~7              ; |MUX_eight_three_one|lpm_mux:Mux3|mux_cfc:auto_generated|_~7              ; out0             ;
; |MUX_eight_three_one|lpm_mux:Mux3|mux_cfc:auto_generated|_~8              ; |MUX_eight_three_one|lpm_mux:Mux3|mux_cfc:auto_generated|_~8              ; out0             ;
; |MUX_eight_three_one|lpm_mux:Mux3|mux_cfc:auto_generated|result_node[0]~0 ; |MUX_eight_three_one|lpm_mux:Mux3|mux_cfc:auto_generated|result_node[0]~0 ; out0             ;
; |MUX_eight_three_one|lpm_mux:Mux3|mux_cfc:auto_generated|_~9              ; |MUX_eight_three_one|lpm_mux:Mux3|mux_cfc:auto_generated|_~9              ; out0             ;
; |MUX_eight_three_one|lpm_mux:Mux3|mux_cfc:auto_generated|_~10             ; |MUX_eight_three_one|lpm_mux:Mux3|mux_cfc:auto_generated|_~10             ; out0             ;
; |MUX_eight_three_one|lpm_mux:Mux3|mux_cfc:auto_generated|_~11             ; |MUX_eight_three_one|lpm_mux:Mux3|mux_cfc:auto_generated|_~11             ; out0             ;
; |MUX_eight_three_one|lpm_mux:Mux3|mux_cfc:auto_generated|_~12             ; |MUX_eight_three_one|lpm_mux:Mux3|mux_cfc:auto_generated|_~12             ; out0             ;
; |MUX_eight_three_one|lpm_mux:Mux3|mux_cfc:auto_generated|_~13             ; |MUX_eight_three_one|lpm_mux:Mux3|mux_cfc:auto_generated|_~13             ; out0             ;
; |MUX_eight_three_one|lpm_mux:Mux3|mux_cfc:auto_generated|_~14             ; |MUX_eight_three_one|lpm_mux:Mux3|mux_cfc:auto_generated|_~14             ; out0             ;
; |MUX_eight_three_one|lpm_mux:Mux3|mux_cfc:auto_generated|_~15             ; |MUX_eight_three_one|lpm_mux:Mux3|mux_cfc:auto_generated|_~15             ; out0             ;
; |MUX_eight_three_one|lpm_mux:Mux3|mux_cfc:auto_generated|_~16             ; |MUX_eight_three_one|lpm_mux:Mux3|mux_cfc:auto_generated|_~16             ; out0             ;
; |MUX_eight_three_one|lpm_mux:Mux3|mux_cfc:auto_generated|_~17             ; |MUX_eight_three_one|lpm_mux:Mux3|mux_cfc:auto_generated|_~17             ; out0             ;
; |MUX_eight_three_one|lpm_mux:Mux3|mux_cfc:auto_generated|result_node[0]~1 ; |MUX_eight_three_one|lpm_mux:Mux3|mux_cfc:auto_generated|result_node[0]~1 ; out0             ;
; |MUX_eight_three_one|lpm_mux:Mux3|mux_cfc:auto_generated|result_node[0]   ; |MUX_eight_three_one|lpm_mux:Mux3|mux_cfc:auto_generated|result_node[0]   ; out0             ;
; |MUX_eight_three_one|lpm_mux:Mux2|mux_cfc:auto_generated|_~0              ; |MUX_eight_three_one|lpm_mux:Mux2|mux_cfc:auto_generated|_~0              ; out0             ;
; |MUX_eight_three_one|lpm_mux:Mux2|mux_cfc:auto_generated|_~1              ; |MUX_eight_three_one|lpm_mux:Mux2|mux_cfc:auto_generated|_~1              ; out0             ;
; |MUX_eight_three_one|lpm_mux:Mux2|mux_cfc:auto_generated|_~2              ; |MUX_eight_three_one|lpm_mux:Mux2|mux_cfc:auto_generated|_~2              ; out0             ;
; |MUX_eight_three_one|lpm_mux:Mux2|mux_cfc:auto_generated|_~3              ; |MUX_eight_three_one|lpm_mux:Mux2|mux_cfc:auto_generated|_~3              ; out0             ;
; |MUX_eight_three_one|lpm_mux:Mux2|mux_cfc:auto_generated|_~4              ; |MUX_eight_three_one|lpm_mux:Mux2|mux_cfc:auto_generated|_~4              ; out0             ;
; |MUX_eight_three_one|lpm_mux:Mux2|mux_cfc:auto_generated|_~5              ; |MUX_eight_three_one|lpm_mux:Mux2|mux_cfc:auto_generated|_~5              ; out0             ;
; |MUX_eight_three_one|lpm_mux:Mux2|mux_cfc:auto_generated|_~6              ; |MUX_eight_three_one|lpm_mux:Mux2|mux_cfc:auto_generated|_~6              ; out0             ;
; |MUX_eight_three_one|lpm_mux:Mux2|mux_cfc:auto_generated|_~7              ; |MUX_eight_three_one|lpm_mux:Mux2|mux_cfc:auto_generated|_~7              ; out0             ;
; |MUX_eight_three_one|lpm_mux:Mux2|mux_cfc:auto_generated|_~8              ; |MUX_eight_three_one|lpm_mux:Mux2|mux_cfc:auto_generated|_~8              ; out0             ;
; |MUX_eight_three_one|lpm_mux:Mux2|mux_cfc:auto_generated|result_node[0]~0 ; |MUX_eight_three_one|lpm_mux:Mux2|mux_cfc:auto_generated|result_node[0]~0 ; out0             ;
; |MUX_eight_three_one|lpm_mux:Mux2|mux_cfc:auto_generated|_~9              ; |MUX_eight_three_one|lpm_mux:Mux2|mux_cfc:auto_generated|_~9              ; out0             ;
; |MUX_eight_three_one|lpm_mux:Mux2|mux_cfc:auto_generated|_~10             ; |MUX_eight_three_one|lpm_mux:Mux2|mux_cfc:auto_generated|_~10             ; out0             ;
; |MUX_eight_three_one|lpm_mux:Mux2|mux_cfc:auto_generated|_~11             ; |MUX_eight_three_one|lpm_mux:Mux2|mux_cfc:auto_generated|_~11             ; out0             ;
; |MUX_eight_three_one|lpm_mux:Mux2|mux_cfc:auto_generated|_~12             ; |MUX_eight_three_one|lpm_mux:Mux2|mux_cfc:auto_generated|_~12             ; out0             ;
; |MUX_eight_three_one|lpm_mux:Mux2|mux_cfc:auto_generated|_~13             ; |MUX_eight_three_one|lpm_mux:Mux2|mux_cfc:auto_generated|_~13             ; out0             ;
; |MUX_eight_three_one|lpm_mux:Mux2|mux_cfc:auto_generated|_~14             ; |MUX_eight_three_one|lpm_mux:Mux2|mux_cfc:auto_generated|_~14             ; out0             ;
; |MUX_eight_three_one|lpm_mux:Mux2|mux_cfc:auto_generated|_~15             ; |MUX_eight_three_one|lpm_mux:Mux2|mux_cfc:auto_generated|_~15             ; out0             ;
; |MUX_eight_three_one|lpm_mux:Mux2|mux_cfc:auto_generated|_~16             ; |MUX_eight_three_one|lpm_mux:Mux2|mux_cfc:auto_generated|_~16             ; out0             ;
; |MUX_eight_three_one|lpm_mux:Mux2|mux_cfc:auto_generated|_~17             ; |MUX_eight_three_one|lpm_mux:Mux2|mux_cfc:auto_generated|_~17             ; out0             ;
; |MUX_eight_three_one|lpm_mux:Mux2|mux_cfc:auto_generated|result_node[0]~1 ; |MUX_eight_three_one|lpm_mux:Mux2|mux_cfc:auto_generated|result_node[0]~1 ; out0             ;
; |MUX_eight_three_one|lpm_mux:Mux2|mux_cfc:auto_generated|result_node[0]   ; |MUX_eight_three_one|lpm_mux:Mux2|mux_cfc:auto_generated|result_node[0]   ; out0             ;
; |MUX_eight_three_one|lpm_mux:Mux1|mux_cfc:auto_generated|_~0              ; |MUX_eight_three_one|lpm_mux:Mux1|mux_cfc:auto_generated|_~0              ; out0             ;
; |MUX_eight_three_one|lpm_mux:Mux1|mux_cfc:auto_generated|_~1              ; |MUX_eight_three_one|lpm_mux:Mux1|mux_cfc:auto_generated|_~1              ; out0             ;
; |MUX_eight_three_one|lpm_mux:Mux1|mux_cfc:auto_generated|_~2              ; |MUX_eight_three_one|lpm_mux:Mux1|mux_cfc:auto_generated|_~2              ; out0             ;
; |MUX_eight_three_one|lpm_mux:Mux1|mux_cfc:auto_generated|_~3              ; |MUX_eight_three_one|lpm_mux:Mux1|mux_cfc:auto_generated|_~3              ; out0             ;
; |MUX_eight_three_one|lpm_mux:Mux1|mux_cfc:auto_generated|_~4              ; |MUX_eight_three_one|lpm_mux:Mux1|mux_cfc:auto_generated|_~4              ; out0             ;
; |MUX_eight_three_one|lpm_mux:Mux1|mux_cfc:auto_generated|_~5              ; |MUX_eight_three_one|lpm_mux:Mux1|mux_cfc:auto_generated|_~5              ; out0             ;
; |MUX_eight_three_one|lpm_mux:Mux1|mux_cfc:auto_generated|_~6              ; |MUX_eight_three_one|lpm_mux:Mux1|mux_cfc:auto_generated|_~6              ; out0             ;
; |MUX_eight_three_one|lpm_mux:Mux1|mux_cfc:auto_generated|_~7              ; |MUX_eight_three_one|lpm_mux:Mux1|mux_cfc:auto_generated|_~7              ; out0             ;
; |MUX_eight_three_one|lpm_mux:Mux1|mux_cfc:auto_generated|_~8              ; |MUX_eight_three_one|lpm_mux:Mux1|mux_cfc:auto_generated|_~8              ; out0             ;
; |MUX_eight_three_one|lpm_mux:Mux1|mux_cfc:auto_generated|result_node[0]~0 ; |MUX_eight_three_one|lpm_mux:Mux1|mux_cfc:auto_generated|result_node[0]~0 ; out0             ;
; |MUX_eight_three_one|lpm_mux:Mux1|mux_cfc:auto_generated|_~9              ; |MUX_eight_three_one|lpm_mux:Mux1|mux_cfc:auto_generated|_~9              ; out0             ;
; |MUX_eight_three_one|lpm_mux:Mux1|mux_cfc:auto_generated|_~10             ; |MUX_eight_three_one|lpm_mux:Mux1|mux_cfc:auto_generated|_~10             ; out0             ;
; |MUX_eight_three_one|lpm_mux:Mux1|mux_cfc:auto_generated|_~11             ; |MUX_eight_three_one|lpm_mux:Mux1|mux_cfc:auto_generated|_~11             ; out0             ;
; |MUX_eight_three_one|lpm_mux:Mux1|mux_cfc:auto_generated|_~12             ; |MUX_eight_three_one|lpm_mux:Mux1|mux_cfc:auto_generated|_~12             ; out0             ;
; |MUX_eight_three_one|lpm_mux:Mux1|mux_cfc:auto_generated|_~13             ; |MUX_eight_three_one|lpm_mux:Mux1|mux_cfc:auto_generated|_~13             ; out0             ;
; |MUX_eight_three_one|lpm_mux:Mux1|mux_cfc:auto_generated|_~14             ; |MUX_eight_three_one|lpm_mux:Mux1|mux_cfc:auto_generated|_~14             ; out0             ;
; |MUX_eight_three_one|lpm_mux:Mux1|mux_cfc:auto_generated|_~15             ; |MUX_eight_three_one|lpm_mux:Mux1|mux_cfc:auto_generated|_~15             ; out0             ;
; |MUX_eight_three_one|lpm_mux:Mux1|mux_cfc:auto_generated|_~16             ; |MUX_eight_three_one|lpm_mux:Mux1|mux_cfc:auto_generated|_~16             ; out0             ;
; |MUX_eight_three_one|lpm_mux:Mux1|mux_cfc:auto_generated|_~17             ; |MUX_eight_three_one|lpm_mux:Mux1|mux_cfc:auto_generated|_~17             ; out0             ;
; |MUX_eight_three_one|lpm_mux:Mux1|mux_cfc:auto_generated|result_node[0]~1 ; |MUX_eight_three_one|lpm_mux:Mux1|mux_cfc:auto_generated|result_node[0]~1 ; out0             ;
; |MUX_eight_three_one|lpm_mux:Mux1|mux_cfc:auto_generated|result_node[0]   ; |MUX_eight_three_one|lpm_mux:Mux1|mux_cfc:auto_generated|result_node[0]   ; out0             ;
; |MUX_eight_three_one|lpm_mux:Mux0|mux_cfc:auto_generated|_~0              ; |MUX_eight_three_one|lpm_mux:Mux0|mux_cfc:auto_generated|_~0              ; out0             ;
; |MUX_eight_three_one|lpm_mux:Mux0|mux_cfc:auto_generated|_~1              ; |MUX_eight_three_one|lpm_mux:Mux0|mux_cfc:auto_generated|_~1              ; out0             ;
; |MUX_eight_three_one|lpm_mux:Mux0|mux_cfc:auto_generated|_~2              ; |MUX_eight_three_one|lpm_mux:Mux0|mux_cfc:auto_generated|_~2              ; out0             ;
; |MUX_eight_three_one|lpm_mux:Mux0|mux_cfc:auto_generated|_~3              ; |MUX_eight_three_one|lpm_mux:Mux0|mux_cfc:auto_generated|_~3              ; out0             ;
; |MUX_eight_three_one|lpm_mux:Mux0|mux_cfc:auto_generated|_~5              ; |MUX_eight_three_one|lpm_mux:Mux0|mux_cfc:auto_generated|_~5              ; out0             ;
; |MUX_eight_three_one|lpm_mux:Mux0|mux_cfc:auto_generated|_~6              ; |MUX_eight_three_one|lpm_mux:Mux0|mux_cfc:auto_generated|_~6              ; out0             ;
; |MUX_eight_three_one|lpm_mux:Mux0|mux_cfc:auto_generated|_~7              ; |MUX_eight_three_one|lpm_mux:Mux0|mux_cfc:auto_generated|_~7              ; out0             ;
; |MUX_eight_three_one|lpm_mux:Mux0|mux_cfc:auto_generated|_~8              ; |MUX_eight_three_one|lpm_mux:Mux0|mux_cfc:auto_generated|_~8              ; out0             ;
; |MUX_eight_three_one|lpm_mux:Mux0|mux_cfc:auto_generated|result_node[0]~0 ; |MUX_eight_three_one|lpm_mux:Mux0|mux_cfc:auto_generated|result_node[0]~0 ; out0             ;
; |MUX_eight_three_one|lpm_mux:Mux0|mux_cfc:auto_generated|_~9              ; |MUX_eight_three_one|lpm_mux:Mux0|mux_cfc:auto_generated|_~9              ; out0             ;
; |MUX_eight_three_one|lpm_mux:Mux0|mux_cfc:auto_generated|_~10             ; |MUX_eight_three_one|lpm_mux:Mux0|mux_cfc:auto_generated|_~10             ; out0             ;
; |MUX_eight_three_one|lpm_mux:Mux0|mux_cfc:auto_generated|_~11             ; |MUX_eight_three_one|lpm_mux:Mux0|mux_cfc:auto_generated|_~11             ; out0             ;
; |MUX_eight_three_one|lpm_mux:Mux0|mux_cfc:auto_generated|_~13             ; |MUX_eight_three_one|lpm_mux:Mux0|mux_cfc:auto_generated|_~13             ; out0             ;
; |MUX_eight_three_one|lpm_mux:Mux0|mux_cfc:auto_generated|_~14             ; |MUX_eight_three_one|lpm_mux:Mux0|mux_cfc:auto_generated|_~14             ; out0             ;
; |MUX_eight_three_one|lpm_mux:Mux0|mux_cfc:auto_generated|_~15             ; |MUX_eight_three_one|lpm_mux:Mux0|mux_cfc:auto_generated|_~15             ; out0             ;
; |MUX_eight_three_one|lpm_mux:Mux0|mux_cfc:auto_generated|_~16             ; |MUX_eight_three_one|lpm_mux:Mux0|mux_cfc:auto_generated|_~16             ; out0             ;
; |MUX_eight_three_one|lpm_mux:Mux0|mux_cfc:auto_generated|_~17             ; |MUX_eight_three_one|lpm_mux:Mux0|mux_cfc:auto_generated|_~17             ; out0             ;
; |MUX_eight_three_one|lpm_mux:Mux0|mux_cfc:auto_generated|result_node[0]~1 ; |MUX_eight_three_one|lpm_mux:Mux0|mux_cfc:auto_generated|result_node[0]~1 ; out0             ;
; |MUX_eight_three_one|lpm_mux:Mux0|mux_cfc:auto_generated|result_node[0]   ; |MUX_eight_three_one|lpm_mux:Mux0|mux_cfc:auto_generated|result_node[0]   ; out0             ;
+---------------------------------------------------------------------------+---------------------------------------------------------------------------+------------------+


The following table displays output ports that do not toggle to 1 during simulation.
+--------------------------------------------------------------------------------------------------------------------------------------------------+
; Missing 1-Value Coverage                                                                                                                         ;
+---------------------------------------------------------------+---------------------------------------------------------------+------------------+
; Node Name                                                     ; Output Port Name                                              ; Output Port Type ;
+---------------------------------------------------------------+---------------------------------------------------------------+------------------+
; |MUX_eight_three_one|lpm_mux:Mux4|mux_cfc:auto_generated|_~4  ; |MUX_eight_three_one|lpm_mux:Mux4|mux_cfc:auto_generated|_~4  ; out0             ;
; |MUX_eight_three_one|lpm_mux:Mux4|mux_cfc:auto_generated|_~12 ; |MUX_eight_three_one|lpm_mux:Mux4|mux_cfc:auto_generated|_~12 ; out0             ;
; |MUX_eight_three_one|lpm_mux:Mux0|mux_cfc:auto_generated|_~4  ; |MUX_eight_three_one|lpm_mux:Mux0|mux_cfc:auto_generated|_~4  ; out0             ;
; |MUX_eight_three_one|lpm_mux:Mux0|mux_cfc:auto_generated|_~12 ; |MUX_eight_three_one|lpm_mux:Mux0|mux_cfc:auto_generated|_~12 ; out0             ;
+---------------------------------------------------------------+---------------------------------------------------------------+------------------+


The following table displays output ports that do not toggle to 0 during simulation.
+--------------------------------------------------------------------------------------------------------------------------------------------------+
; Missing 0-Value Coverage                                                                                                                         ;
+---------------------------------------------------------------+---------------------------------------------------------------+------------------+
; Node Name                                                     ; Output Port Name                                              ; Output Port Type ;
+---------------------------------------------------------------+---------------------------------------------------------------+------------------+
; |MUX_eight_three_one|lpm_mux:Mux4|mux_cfc:auto_generated|_~4  ; |MUX_eight_three_one|lpm_mux:Mux4|mux_cfc:auto_generated|_~4  ; out0             ;
; |MUX_eight_three_one|lpm_mux:Mux4|mux_cfc:auto_generated|_~12 ; |MUX_eight_three_one|lpm_mux:Mux4|mux_cfc:auto_generated|_~12 ; out0             ;
; |MUX_eight_three_one|lpm_mux:Mux0|mux_cfc:auto_generated|_~4  ; |MUX_eight_three_one|lpm_mux:Mux0|mux_cfc:auto_generated|_~4  ; out0             ;
; |MUX_eight_three_one|lpm_mux:Mux0|mux_cfc:auto_generated|_~12 ; |MUX_eight_three_one|lpm_mux:Mux0|mux_cfc:auto_generated|_~12 ; out0             ;
+---------------------------------------------------------------+---------------------------------------------------------------+------------------+


+---------------------+
; Simulator INI Usage ;
+--------+------------+
; Option ; Usage      ;
+--------+------------+


+--------------------+
; Simulator Messages ;
+--------------------+
Info: *******************************************************************
Info: Running Quartus II Simulator
    Info: Version 9.0 Build 184 04/29/2009 Service Pack 1 SJ Web Edition
    Info: Processing started: Sat Nov 09 13:39:58 2019
Info: Command: quartus_sim --read_settings_files=on --write_settings_files=off MUX_eight_three_one -c MUX_eight_three_one
Info: Using vector source file "D:/Quartus/two/MUX_8_3_1/MUX_eight_three_one.vwf"
Info: Option to preserve fewer signal transitions to reduce memory requirements is enabled
    Info: Simulation has been partitioned into sub-simulations according to the maximum transition count determined by the engine. Transitions from memory will be flushed out to disk at the end of each sub-simulation to reduce memory requirements.
Info: Simulation partitioned into 1 sub-simulations
Info: Simulation coverage is      98.02 %
Info: Number of transitions in simulation is 59546
Info: Quartus II Simulator was successful. 0 errors, 0 warnings
    Info: Peak virtual memory: 163 megabytes
    Info: Processing ended: Sat Nov 09 13:39:58 2019
    Info: Elapsed time: 00:00:00
    Info: Total CPU time (on all processors): 00:00:00


