Flow report for MUX_eight_three_one
Sat Nov 09 11:00:10 2019
Quartus II Version 9.0 Build 184 04/29/2009 Service Pack 1 SJ Web Edition


---------------------
; Table of Contents ;
---------------------
  1. Legal Notice
  2. Flow Summary
  3. Flow Settings
  4. Flow Non-Default Global Settings
  5. Flow Elapsed Time
  6. Flow OS Summary
  7. Flow Log



----------------
; Legal Notice ;
----------------
Copyright (C) 1991-2009 Altera Corporation
Your use of Altera Corporation's design tools, logic functions 
and other software and tools, and its AMPP partner logic 
functions, and any output files from any of the foregoing 
(including device programming or simulation files), and any 
associated documentation or information are expressly subject 
to the terms and conditions of the Altera Program License 
Subscription Agreement, Altera MegaCore Function License 
Agreement, or other applicable license agreement, including, 
without limitation, that your use is for the sole purpose of 
programming logic devices manufactured by Altera and sold by 
Altera or its authorized distributors.  Please refer to the 
applicable agreement for further details.



+------------------------------------------------------------------------+
; Flow Summary                                                           ;
+-------------------------+----------------------------------------------+
; Flow Status             ; Successful - Sat Nov 09 11:00:10 2019        ;
; Quartus II Version      ; 9.0 Build 184 04/29/2009 SP 1 SJ Web Edition ;
; Revision Name           ; MUX_eight_three_one                          ;
; Top-level Entity Name   ; MUX_eight_three_one                          ;
; Family                  ; Cyclone                                      ;
; Device                  ; EP1C3T144C8                                  ;
; Timing Models           ; Final                                        ;
; Met timing requirements ; Yes                                          ;
; Total logic elements    ; 16 / 2,910 ( < 1 % )                         ;
; Total pins              ; 34 / 104 ( 33 % )                            ;
; Total virtual pins      ; 0                                            ;
; Total memory bits       ; 0 / 59,904 ( 0 % )                           ;
; Total PLLs              ; 0 / 1 ( 0 % )                                ;
+-------------------------+----------------------------------------------+


+-----------------------------------------+
; Flow Settings                           ;
+-------------------+---------------------+
; Option            ; Setting             ;
+-------------------+---------------------+
; Start date & time ; 11/09/2019 10:59:57 ;
; Main task         ; Compilation         ;
; Revision Name     ; MUX_eight_three_one ;
+-------------------+---------------------+


+--------------------------------------------------------------------------------------------------------------------+
; Flow Non-Default Global Settings                                                                                   ;
+------------------------------------+--------------------------------+---------------+-------------+----------------+
; Assignment Name                    ; Value                          ; Default Value ; Entity Name ; Section Id     ;
+------------------------------------+--------------------------------+---------------+-------------+----------------+
; COMPILER_SIGNATURE_ID              ; 13870901945929.157326839713876 ; --            ; --          ; --             ;
; MAX_CORE_JUNCTION_TEMP             ; 85                             ; --            ; --          ; --             ;
; MIN_CORE_JUNCTION_TEMP             ; 0                              ; --            ; --          ; --             ;
; PARTITION_COLOR                    ; 16764057                       ; --            ; --          ; Top            ;
; PARTITION_NETLIST_TYPE             ; SOURCE                         ; --            ; --          ; Top            ;
; USE_GENERATED_PHYSICAL_CONSTRAINTS ; Off                            ; --            ; --          ; eda_blast_fpga ;
+------------------------------------+--------------------------------+---------------+-------------+----------------+


+-----------------------------------------------------------------------------------------------------------------------------+
; Flow Elapsed Time                                                                                                           ;
+-------------------------+--------------+-------------------------+---------------------+------------------------------------+
; Module Name             ; Elapsed Time ; Average Processors Used ; Peak Virtual Memory ; Total CPU Time (on all processors) ;
+-------------------------+--------------+-------------------------+---------------------+------------------------------------+
; Analysis & Synthesis    ; 00:00:03     ; 1.0                     ; 248 MB              ; 00:00:03                           ;
; Fitter                  ; 00:00:04     ; 1.0                     ; 251 MB              ; 00:00:02                           ;
; Assembler               ; 00:00:01     ; 1.0                     ; 212 MB              ; 00:00:01                           ;
; Classic Timing Analyzer ; 00:00:00     ; 1.0                     ; 180 MB              ; 00:00:00                           ;
; Total                   ; 00:00:08     ; --                      ; --                  ; 00:00:06                           ;
+-------------------------+--------------+-------------------------+---------------------+------------------------------------+


+------------------------------------------------------------------------------------------+
; Flow OS Summary                                                                          ;
+-------------------------+------------------+---------------+------------+----------------+
; Module Name             ; Machine Hostname ; OS Name       ; OS Version ; Processor type ;
+-------------------------+------------------+---------------+------------+----------------+
; Analysis & Synthesis    ; PC-201905210017  ; Windows Vista ; 6.2        ; x86_64         ;
; Fitter                  ; PC-201905210017  ; Windows Vista ; 6.2        ; x86_64         ;
; Assembler               ; PC-201905210017  ; Windows Vista ; 6.2        ; x86_64         ;
; Classic Timing Analyzer ; PC-201905210017  ; Windows Vista ; 6.2        ; x86_64         ;
+-------------------------+------------------+---------------+------------+----------------+


------------
; Flow Log ;
------------
quartus_map --read_settings_files=on --write_settings_files=off MUX_eight_three_one -c MUX_eight_three_one
quartus_fit --read_settings_files=off --write_settings_files=off MUX_eight_three_one -c MUX_eight_three_one
quartus_asm --read_settings_files=off --write_settings_files=off MUX_eight_three_one -c MUX_eight_three_one
quartus_tan --read_settings_files=off --write_settings_files=off MUX_eight_three_one -c MUX_eight_three_one --timing_analysis_only



