Classic Timing Analyzer report for MUX_eight_three_one
Sat Nov 09 11:00:10 2019
Quartus II Version 9.0 Build 184 04/29/2009 Service Pack 1 SJ Web Edition


---------------------
; Table of Contents ;
---------------------
  1. Legal Notice
  2. Timing Analyzer Summary
  3. Timing Analyzer Settings
  4. Parallel Compilation
  5. tpd
  6. Timing Analyzer Messages



----------------
; Legal Notice ;
----------------
Copyright (C) 1991-2009 Altera Corporation
Your use of Altera Corporation's design tools, logic functions 
and other software and tools, and its AMPP partner logic 
functions, and any output files from any of the foregoing 
(including device programming or simulation files), and any 
associated documentation or information are expressly subject 
to the terms and conditions of the Altera Program License 
Subscription Agreement, Altera MegaCore Function License 
Agreement, or other applicable license agreement, including, 
without limitation, that your use is for the sole purpose of 
programming logic devices manufactured by Altera and sold by 
Altera or its authorized distributors.  Please refer to the 
applicable agreement for further details.



+--------------------------------------------------------------------------------------------------------------------------+
; Timing Analyzer Summary                                                                                                  ;
+------------------------------+-------+---------------+-------------+-------+------+------------+----------+--------------+
; Type                         ; Slack ; Required Time ; Actual Time ; From  ; To   ; From Clock ; To Clock ; Failed Paths ;
+------------------------------+-------+---------------+-------------+-------+------+------------+----------+--------------+
; Worst-case tpd               ; N/A   ; None          ; 13.641 ns   ; I2[5] ; Z[5] ; --         ; --       ; 0            ;
; Total number of failed paths ;       ;               ;             ;       ;      ;            ;          ; 0            ;
+------------------------------+-------+---------------+-------------+-------+------+------------+----------+--------------+


+--------------------------------------------------------------------------------------------------------------------+
; Timing Analyzer Settings                                                                                           ;
+---------------------------------------------------------------------+--------------------+------+----+-------------+
; Option                                                              ; Setting            ; From ; To ; Entity Name ;
+---------------------------------------------------------------------+--------------------+------+----+-------------+
; Device Name                                                         ; EP1C3T144C8        ;      ;    ;             ;
; Timing Models                                                       ; Final              ;      ;    ;             ;
; Default hold multicycle                                             ; Same as Multicycle ;      ;    ;             ;
; Cut paths between unrelated clock domains                           ; On                 ;      ;    ;             ;
; Cut off read during write signal paths                              ; On                 ;      ;    ;             ;
; Cut off feedback from I/O pins                                      ; On                 ;      ;    ;             ;
; Report Combined Fast/Slow Timing                                    ; Off                ;      ;    ;             ;
; Ignore Clock Settings                                               ; Off                ;      ;    ;             ;
; Analyze latches as synchronous elements                             ; On                 ;      ;    ;             ;
; Enable Recovery/Removal analysis                                    ; Off                ;      ;    ;             ;
; Enable Clock Latency                                                ; Off                ;      ;    ;             ;
; Use TimeQuest Timing Analyzer                                       ; Off                ;      ;    ;             ;
; Minimum Core Junction Temperature                                   ; 0                  ;      ;    ;             ;
; Maximum Core Junction Temperature                                   ; 85                 ;      ;    ;             ;
; Number of source nodes to report per destination node               ; 10                 ;      ;    ;             ;
; Number of destination nodes to report                               ; 10                 ;      ;    ;             ;
; Number of paths to report                                           ; 200                ;      ;    ;             ;
; Report Minimum Timing Checks                                        ; Off                ;      ;    ;             ;
; Use Fast Timing Models                                              ; Off                ;      ;    ;             ;
; Report IO Paths Separately                                          ; Off                ;      ;    ;             ;
; Perform Multicorner Analysis                                        ; Off                ;      ;    ;             ;
; Reports the worst-case path for each clock domain and analysis      ; Off                ;      ;    ;             ;
; Removes common clock path pessimism (CCPP) during slack computation ; Off                ;      ;    ;             ;
; Output I/O Timing Endpoint                                          ; Near End           ;      ;    ;             ;
+---------------------------------------------------------------------+--------------------+------+----+-------------+


Parallel compilation was disabled, but you have multiple processors available. Enable parallel compilation to reduce compilation time.
+-------------------------------------+
; Parallel Compilation                ;
+----------------------------+--------+
; Processors                 ; Number ;
+----------------------------+--------+
; Number detected on machine ; 4      ;
; Maximum allowed            ; 1      ;
+----------------------------+--------+


+------------------------------------------------------------+
; tpd                                                        ;
+-------+-------------------+-----------------+-------+------+
; Slack ; Required P2P Time ; Actual P2P Time ; From  ; To   ;
+-------+-------------------+-----------------+-------+------+
; N/A   ; None              ; 13.641 ns       ; I2[5] ; Z[5] ;
; N/A   ; None              ; 13.502 ns       ; I2[0] ; Z[0] ;
; N/A   ; None              ; 13.469 ns       ; I0[6] ; Z[6] ;
; N/A   ; None              ; 13.368 ns       ; I0[5] ; Z[5] ;
; N/A   ; None              ; 13.323 ns       ; I2[6] ; Z[6] ;
; N/A   ; None              ; 13.299 ns       ; I0[7] ; Z[7] ;
; N/A   ; None              ; 13.242 ns       ; I2[1] ; Z[1] ;
; N/A   ; None              ; 13.226 ns       ; I2[7] ; Z[7] ;
; N/A   ; None              ; 13.169 ns       ; I2[2] ; Z[2] ;
; N/A   ; None              ; 13.059 ns       ; I1[6] ; Z[6] ;
; N/A   ; None              ; 13.035 ns       ; I1[5] ; Z[5] ;
; N/A   ; None              ; 12.777 ns       ; I2[4] ; Z[4] ;
; N/A   ; None              ; 12.642 ns       ; I0[4] ; Z[4] ;
; N/A   ; None              ; 12.411 ns       ; I2[3] ; Z[3] ;
; N/A   ; None              ; 12.350 ns       ; I0[2] ; Z[2] ;
; N/A   ; None              ; 12.315 ns       ; I0[3] ; Z[3] ;
; N/A   ; None              ; 12.140 ns       ; I1[2] ; Z[2] ;
; N/A   ; None              ; 11.907 ns       ; I1[4] ; Z[4] ;
; N/A   ; None              ; 11.872 ns       ; I0[0] ; Z[0] ;
; N/A   ; None              ; 11.722 ns       ; I1[7] ; Z[7] ;
; N/A   ; None              ; 11.689 ns       ; I1[3] ; Z[3] ;
; N/A   ; None              ; 11.290 ns       ; I0[1] ; Z[1] ;
; N/A   ; None              ; 11.034 ns       ; I1[1] ; Z[1] ;
; N/A   ; None              ; 11.009 ns       ; I1[0] ; Z[0] ;
; N/A   ; None              ; 9.339 ns        ; S[0]  ; Z[2] ;
; N/A   ; None              ; 9.282 ns        ; S[1]  ; Z[2] ;
; N/A   ; None              ; 9.064 ns        ; S[0]  ; Z[5] ;
; N/A   ; None              ; 9.063 ns        ; S[0]  ; Z[6] ;
; N/A   ; None              ; 8.993 ns        ; S[1]  ; Z[5] ;
; N/A   ; None              ; 8.991 ns        ; S[1]  ; Z[6] ;
; N/A   ; None              ; 8.978 ns        ; S[0]  ; Z[3] ;
; N/A   ; None              ; 8.977 ns        ; S[1]  ; Z[4] ;
; N/A   ; None              ; 8.923 ns        ; S[1]  ; Z[3] ;
; N/A   ; None              ; 8.637 ns        ; S[0]  ; Z[7] ;
; N/A   ; None              ; 8.609 ns        ; S[0]  ; Z[4] ;
; N/A   ; None              ; 8.569 ns        ; S[1]  ; Z[7] ;
; N/A   ; None              ; 8.423 ns        ; S[1]  ; Z[0] ;
; N/A   ; None              ; 8.283 ns        ; S[1]  ; Z[1] ;
; N/A   ; None              ; 8.212 ns        ; S[0]  ; Z[1] ;
; N/A   ; None              ; 8.052 ns        ; S[0]  ; Z[0] ;
+-------+-------------------+-----------------+-------+------+


+--------------------------+
; Timing Analyzer Messages ;
+--------------------------+
Info: *******************************************************************
Info: Running Quartus II Classic Timing Analyzer
    Info: Version 9.0 Build 184 04/29/2009 Service Pack 1 SJ Web Edition
    Info: Processing started: Sat Nov 09 11:00:10 2019
Info: Command: quartus_tan --read_settings_files=off --write_settings_files=off MUX_eight_three_one -c MUX_eight_three_one --timing_analysis_only
Info: Longest tpd from source pin "I2[5]" to destination pin "Z[5]" is 13.641 ns
    Info: 1: + IC(0.000 ns) + CELL(1.475 ns) = 1.475 ns; Loc. = PIN_120; Fanout = 1; PIN Node = 'I2[5]'
    Info: 2: + IC(6.259 ns) + CELL(0.114 ns) = 7.848 ns; Loc. = LC_X12_Y6_N8; Fanout = 1; COMB Node = 'Mux2~1'
    Info: 3: + IC(0.438 ns) + CELL(0.292 ns) = 8.578 ns; Loc. = LC_X12_Y6_N5; Fanout = 1; COMB Node = 'Mux2~2'
    Info: 4: + IC(2.939 ns) + CELL(2.124 ns) = 13.641 ns; Loc. = PIN_2; Fanout = 0; PIN Node = 'Z[5]'
    Info: Total cell delay = 4.005 ns ( 29.36 % )
    Info: Total interconnect delay = 9.636 ns ( 70.64 % )
Info: Quartus II Classic Timing Analyzer was successful. 0 errors, 0 warnings
    Info: Peak virtual memory: 194 megabytes
    Info: Processing ended: Sat Nov 09 11:00:10 2019
    Info: Elapsed time: 00:00:00
    Info: Total CPU time (on all processors): 00:00:00


