Classic Timing Analyzer report for IR
Wed Dec 04 23:58:49 2019
Quartus II Version 9.0 Build 184 04/29/2009 Service Pack 1 SJ Web Edition


---------------------
; Table of Contents ;
---------------------
  1. Legal Notice
  2. Timing Analyzer Summary
  3. Timing Analyzer Settings
  4. Clock Settings Summary
  5. Parallel Compilation
  6. tsu
  7. tco
  8. th
  9. Timing Analyzer Messages



----------------
; Legal Notice ;
----------------
Copyright (C) 1991-2009 Altera Corporation
Your use of Altera Corporation's design tools, logic functions 
and other software and tools, and its AMPP partner logic 
functions, and any output files from any of the foregoing 
(including device programming or simulation files), and any 
associated documentation or information are expressly subject 
to the terms and conditions of the Altera Program License 
Subscription Agreement, Altera MegaCore Function License 
Agreement, or other applicable license agreement, including, 
without limitation, that your use is for the sole purpose of 
programming logic devices manufactured by Altera and sold by 
Altera or its authorized distributors.  Please refer to the 
applicable agreement for further details.



+------------------------------------------------------------------------------------------------------------------------------------+
; Timing Analyzer Summary                                                                                                            ;
+------------------------------+-------+---------------+-------------+----------+-------------+------------+----------+--------------+
; Type                         ; Slack ; Required Time ; Actual Time ; From     ; To          ; From Clock ; To Clock ; Failed Paths ;
+------------------------------+-------+---------------+-------------+----------+-------------+------------+----------+--------------+
; Worst-case tsu               ; N/A   ; None          ; 6.521 ns    ; input[6] ; Q[6]        ; --         ; Clk      ; 0            ;
; Worst-case tco               ; N/A   ; None          ; 9.034 ns    ; Q[1]     ; output_b[1] ; Clk        ; --       ; 0            ;
; Worst-case th                ; N/A   ; None          ; -3.569 ns   ; input[0] ; Q[0]        ; --         ; Clk      ; 0            ;
; Total number of failed paths ;       ;               ;             ;          ;             ;            ;          ; 0            ;
+------------------------------+-------+---------------+-------------+----------+-------------+------------+----------+--------------+


+--------------------------------------------------------------------------------------------------------------------+
; Timing Analyzer Settings                                                                                           ;
+---------------------------------------------------------------------+--------------------+------+----+-------------+
; Option                                                              ; Setting            ; From ; To ; Entity Name ;
+---------------------------------------------------------------------+--------------------+------+----+-------------+
; Device Name                                                         ; EP1C3T144C8        ;      ;    ;             ;
; Timing Models                                                       ; Final              ;      ;    ;             ;
; Default hold multicycle                                             ; Same as Multicycle ;      ;    ;             ;
; Cut paths between unrelated clock domains                           ; On                 ;      ;    ;             ;
; Cut off read during write signal paths                              ; On                 ;      ;    ;             ;
; Cut off feedback from I/O pins                                      ; On                 ;      ;    ;             ;
; Report Combined Fast/Slow Timing                                    ; Off                ;      ;    ;             ;
; Ignore Clock Settings                                               ; Off                ;      ;    ;             ;
; Analyze latches as synchronous elements                             ; On                 ;      ;    ;             ;
; Enable Recovery/Removal analysis                                    ; Off                ;      ;    ;             ;
; Enable Clock Latency                                                ; Off                ;      ;    ;             ;
; Use TimeQuest Timing Analyzer                                       ; Off                ;      ;    ;             ;
; Minimum Core Junction Temperature                                   ; 0                  ;      ;    ;             ;
; Maximum Core Junction Temperature                                   ; 85                 ;      ;    ;             ;
; Number of source nodes to report per destination node               ; 10                 ;      ;    ;             ;
; Number of destination nodes to report                               ; 10                 ;      ;    ;             ;
; Number of paths to report                                           ; 200                ;      ;    ;             ;
; Report Minimum Timing Checks                                        ; Off                ;      ;    ;             ;
; Use Fast Timing Models                                              ; Off                ;      ;    ;             ;
; Report IO Paths Separately                                          ; Off                ;      ;    ;             ;
; Perform Multicorner Analysis                                        ; Off                ;      ;    ;             ;
; Reports the worst-case path for each clock domain and analysis      ; Off                ;      ;    ;             ;
; Removes common clock path pessimism (CCPP) during slack computation ; Off                ;      ;    ;             ;
; Output I/O Timing Endpoint                                          ; Near End           ;      ;    ;             ;
+---------------------------------------------------------------------+--------------------+------+----+-------------+


+------------------------------------------------------------------------------------------------------------------------------------------------------------------------------------+
; Clock Settings Summary                                                                                                                                                             ;
+-----------------+--------------------+----------+------------------+---------------+--------------+----------+-----------------------+---------------------+--------+--------------+
; Clock Node Name ; Clock Setting Name ; Type     ; Fmax Requirement ; Early Latency ; Late Latency ; Based on ; Multiply Base Fmax by ; Divide Base Fmax by ; Offset ; Phase offset ;
+-----------------+--------------------+----------+------------------+---------------+--------------+----------+-----------------------+---------------------+--------+--------------+
; Clk             ;                    ; User Pin ; None             ; 0.000 ns      ; 0.000 ns     ; --       ; N/A                   ; N/A                 ; N/A    ;              ;
+-----------------+--------------------+----------+------------------+---------------+--------------+----------+-----------------------+---------------------+--------+--------------+


Parallel compilation was disabled, but you have multiple processors available. Enable parallel compilation to reduce compilation time.
+-------------------------------------+
; Parallel Compilation                ;
+----------------------------+--------+
; Processors                 ; Number ;
+----------------------------+--------+
; Number detected on machine ; 4      ;
; Maximum allowed            ; 1      ;
+----------------------------+--------+


+----------------------------------------------------------------+
; tsu                                                            ;
+-------+--------------+------------+----------+------+----------+
; Slack ; Required tsu ; Actual tsu ; From     ; To   ; To Clock ;
+-------+--------------+------------+----------+------+----------+
; N/A   ; None         ; 6.521 ns   ; input[6] ; Q[6] ; Clk      ;
; N/A   ; None         ; 4.744 ns   ; ld_ir    ; Q[4] ; Clk      ;
; N/A   ; None         ; 4.744 ns   ; ld_ir    ; Q[5] ; Clk      ;
; N/A   ; None         ; 4.744 ns   ; ld_ir    ; Q[6] ; Clk      ;
; N/A   ; None         ; 4.744 ns   ; ld_ir    ; Q[7] ; Clk      ;
; N/A   ; None         ; 4.744 ns   ; ld_ir    ; Q[0] ; Clk      ;
; N/A   ; None         ; 4.744 ns   ; ld_ir    ; Q[1] ; Clk      ;
; N/A   ; None         ; 4.744 ns   ; ld_ir    ; Q[2] ; Clk      ;
; N/A   ; None         ; 4.744 ns   ; ld_ir    ; Q[3] ; Clk      ;
; N/A   ; None         ; 4.217 ns   ; input[4] ; Q[4] ; Clk      ;
; N/A   ; None         ; 4.158 ns   ; input[2] ; Q[2] ; Clk      ;
; N/A   ; None         ; 4.149 ns   ; input[3] ; Q[3] ; Clk      ;
; N/A   ; None         ; 4.142 ns   ; input[7] ; Q[7] ; Clk      ;
; N/A   ; None         ; 4.105 ns   ; input[1] ; Q[1] ; Clk      ;
; N/A   ; None         ; 3.920 ns   ; input[5] ; Q[5] ; Clk      ;
; N/A   ; None         ; 3.621 ns   ; input[0] ; Q[0] ; Clk      ;
+-------+--------------+------------+----------+------+----------+


+---------------------------------------------------------------------+
; tco                                                                 ;
+-------+--------------+------------+------+-------------+------------+
; Slack ; Required tco ; Actual tco ; From ; To          ; From Clock ;
+-------+--------------+------------+------+-------------+------------+
; N/A   ; None         ; 9.034 ns   ; Q[1] ; output_b[1] ; Clk        ;
; N/A   ; None         ; 9.019 ns   ; Q[2] ; output_b[2] ; Clk        ;
; N/A   ; None         ; 9.016 ns   ; Q[7] ; output_a[3] ; Clk        ;
; N/A   ; None         ; 8.609 ns   ; Q[3] ; output_b[3] ; Clk        ;
; N/A   ; None         ; 8.604 ns   ; Q[6] ; output_a[2] ; Clk        ;
; N/A   ; None         ; 7.714 ns   ; Q[0] ; output_b[0] ; Clk        ;
; N/A   ; None         ; 7.385 ns   ; Q[4] ; output_a[0] ; Clk        ;
; N/A   ; None         ; 6.232 ns   ; Q[5] ; output_a[1] ; Clk        ;
+-------+--------------+------------+------+-------------+------------+


+----------------------------------------------------------------------+
; th                                                                   ;
+---------------+-------------+-----------+----------+------+----------+
; Minimum Slack ; Required th ; Actual th ; From     ; To   ; To Clock ;
+---------------+-------------+-----------+----------+------+----------+
; N/A           ; None        ; -3.569 ns ; input[0] ; Q[0] ; Clk      ;
; N/A           ; None        ; -3.868 ns ; input[5] ; Q[5] ; Clk      ;
; N/A           ; None        ; -4.053 ns ; input[1] ; Q[1] ; Clk      ;
; N/A           ; None        ; -4.090 ns ; input[7] ; Q[7] ; Clk      ;
; N/A           ; None        ; -4.097 ns ; input[3] ; Q[3] ; Clk      ;
; N/A           ; None        ; -4.106 ns ; input[2] ; Q[2] ; Clk      ;
; N/A           ; None        ; -4.165 ns ; input[4] ; Q[4] ; Clk      ;
; N/A           ; None        ; -4.692 ns ; ld_ir    ; Q[4] ; Clk      ;
; N/A           ; None        ; -4.692 ns ; ld_ir    ; Q[5] ; Clk      ;
; N/A           ; None        ; -4.692 ns ; ld_ir    ; Q[6] ; Clk      ;
; N/A           ; None        ; -4.692 ns ; ld_ir    ; Q[7] ; Clk      ;
; N/A           ; None        ; -4.692 ns ; ld_ir    ; Q[0] ; Clk      ;
; N/A           ; None        ; -4.692 ns ; ld_ir    ; Q[1] ; Clk      ;
; N/A           ; None        ; -4.692 ns ; ld_ir    ; Q[2] ; Clk      ;
; N/A           ; None        ; -4.692 ns ; ld_ir    ; Q[3] ; Clk      ;
; N/A           ; None        ; -6.469 ns ; input[6] ; Q[6] ; Clk      ;
+---------------+-------------+-----------+----------+------+----------+


+--------------------------+
; Timing Analyzer Messages ;
+--------------------------+
Info: *******************************************************************
Info: Running Quartus II Classic Timing Analyzer
    Info: Version 9.0 Build 184 04/29/2009 Service Pack 1 SJ Web Edition
    Info: Processing started: Wed Dec 04 23:58:48 2019
Info: Command: quartus_tan --read_settings_files=off --write_settings_files=off IR -c IR --timing_analysis_only
Warning: Found pins functioning as undefined clocks and/or memory enables
    Info: Assuming node "Clk" is an undefined clock
Info: No valid register-to-register data paths exist for clock "Clk"
Info: tsu for register "Q[6]" (data pin = "input[6]", clock pin = "Clk") is 6.521 ns
    Info: + Longest pin to register delay is 9.227 ns
        Info: 1: + IC(0.000 ns) + CELL(1.469 ns) = 1.469 ns; Loc. = PIN_26; Fanout = 1; PIN Node = 'input[6]'
        Info: 2: + IC(7.449 ns) + CELL(0.309 ns) = 9.227 ns; Loc. = LC_X26_Y2_N8; Fanout = 1; REG Node = 'Q[6]'
        Info: Total cell delay = 1.778 ns ( 19.27 % )
        Info: Total interconnect delay = 7.449 ns ( 80.73 % )
    Info: + Micro setup delay of destination is 0.037 ns
    Info: - Shortest clock path from clock "Clk" to destination register is 2.743 ns
        Info: 1: + IC(0.000 ns) + CELL(1.469 ns) = 1.469 ns; Loc. = PIN_17; Fanout = 8; CLK Node = 'Clk'
        Info: 2: + IC(0.563 ns) + CELL(0.711 ns) = 2.743 ns; Loc. = LC_X26_Y2_N8; Fanout = 1; REG Node = 'Q[6]'
        Info: Total cell delay = 2.180 ns ( 79.48 % )
        Info: Total interconnect delay = 0.563 ns ( 20.52 % )
Info: tco from clock "Clk" to destination pin "output_b[1]" through register "Q[1]" is 9.034 ns
    Info: + Longest clock path from clock "Clk" to source register is 2.743 ns
        Info: 1: + IC(0.000 ns) + CELL(1.469 ns) = 1.469 ns; Loc. = PIN_17; Fanout = 8; CLK Node = 'Clk'
        Info: 2: + IC(0.563 ns) + CELL(0.711 ns) = 2.743 ns; Loc. = LC_X26_Y2_N2; Fanout = 1; REG Node = 'Q[1]'
        Info: Total cell delay = 2.180 ns ( 79.48 % )
        Info: Total interconnect delay = 0.563 ns ( 20.52 % )
    Info: + Micro clock to output delay of source is 0.224 ns
    Info: + Longest register to pin delay is 6.067 ns
        Info: 1: + IC(0.000 ns) + CELL(0.000 ns) = 0.000 ns; Loc. = LC_X26_Y2_N2; Fanout = 1; REG Node = 'Q[1]'
        Info: 2: + IC(3.943 ns) + CELL(2.124 ns) = 6.067 ns; Loc. = PIN_31; Fanout = 0; PIN Node = 'output_b[1]'
        Info: Total cell delay = 2.124 ns ( 35.01 % )
        Info: Total interconnect delay = 3.943 ns ( 64.99 % )
Info: th for register "Q[0]" (data pin = "input[0]", clock pin = "Clk") is -3.569 ns
    Info: + Longest clock path from clock "Clk" to destination register is 2.743 ns
        Info: 1: + IC(0.000 ns) + CELL(1.469 ns) = 1.469 ns; Loc. = PIN_17; Fanout = 8; CLK Node = 'Clk'
        Info: 2: + IC(0.563 ns) + CELL(0.711 ns) = 2.743 ns; Loc. = LC_X26_Y2_N7; Fanout = 1; REG Node = 'Q[0]'
        Info: Total cell delay = 2.180 ns ( 79.48 % )
        Info: Total interconnect delay = 0.563 ns ( 20.52 % )
    Info: + Micro hold delay of destination is 0.015 ns
    Info: - Shortest pin to register delay is 6.327 ns
        Info: 1: + IC(0.000 ns) + CELL(1.469 ns) = 1.469 ns; Loc. = PIN_75; Fanout = 1; PIN Node = 'input[0]'
        Info: 2: + IC(4.549 ns) + CELL(0.309 ns) = 6.327 ns; Loc. = LC_X26_Y2_N7; Fanout = 1; REG Node = 'Q[0]'
        Info: Total cell delay = 1.778 ns ( 28.10 % )
        Info: Total interconnect delay = 4.549 ns ( 71.90 % )
Info: Quartus II Classic Timing Analyzer was successful. 0 errors, 1 warning
    Info: Peak virtual memory: 193 megabytes
    Info: Processing ended: Wed Dec 04 23:58:49 2019
    Info: Elapsed time: 00:00:01
    Info: Total CPU time (on all processors): 00:00:00


